<?xml version="1.0" encoding="UTF-8"?>
<coverage generated="1760797589464" clover="3.2.0">
  <project timestamp="1760797589464" name="All files">
    <metrics statements="867" coveredstatements="0" conditionals="697" coveredconditionals="0" methods="109" coveredmethods="0" elements="1673" coveredelements="0" complexity="0" loc="867" ncloc="867" packages="1" files="1" classes="1"/>
    <file name="de.js" path="/home/evlon/repos/webfunny_dejs/de.js">
      <metrics statements="867" coveredstatements="0" conditionals="697" coveredconditionals="0" methods="109" coveredmethods="0"/>
      <line num="3" count="0" type="stmt"/>
      <line num="4" count="0" type="stmt"/>
      <line num="5" count="0" type="stmt"/>
      <line num="6" count="0" type="stmt"/>
      <line num="7" count="0" type="stmt"/>
      <line num="8" count="0" type="stmt"/>
      <line num="9" count="0" type="stmt"/>
      <line num="10" count="0" type="stmt"/>
      <line num="11" count="0" type="stmt"/>
      <line num="14" count="0" type="stmt"/>
      <line num="97" count="0" type="stmt"/>
      <line num="117" count="0" type="cond" truecount="0" falsecount="4"/>
      <line num="118" count="0" type="stmt"/>
      <line num="122" count="0" type="cond" truecount="0" falsecount="2"/>
      <line num="123" count="0" type="stmt"/>
      <line num="128" count="0" type="cond" truecount="0" falsecount="5"/>
      <line num="129" count="0" type="stmt"/>
      <line num="132" count="0" type="stmt"/>
      <line num="140" count="0" type="stmt"/>
      <line num="142" count="0" type="stmt"/>
      <line num="144" count="0" type="stmt"/>
      <line num="145" count="0" type="stmt"/>
      <line num="146" count="0" type="stmt"/>
      <line num="147" count="0" type="stmt"/>
      <line num="149" count="0" type="cond" truecount="0" falsecount="2"/>
      <line num="150" count="0" type="stmt"/>
      <line num="153" count="0" type="stmt"/>
      <line num="156" count="0" type="cond" truecount="0" falsecount="4"/>
      <line num="157" count="0" type="stmt"/>
      <line num="160" count="0" type="stmt"/>
      <line num="169" count="0" type="stmt"/>
      <line num="171" count="0" type="cond" truecount="0" falsecount="2"/>
      <line num="172" count="0" type="stmt"/>
      <line num="174" count="0" type="stmt"/>
      <line num="176" count="0" type="cond" truecount="0" falsecount="2"/>
      <line num="177" count="0" type="stmt"/>
      <line num="180" count="0" type="stmt"/>
      <line num="182" count="0" type="stmt"/>
      <line num="183" count="0" type="stmt"/>
      <line num="193" count="0" type="stmt"/>
      <line num="195" count="0" type="stmt"/>
      <line num="196" count="0" type="stmt"/>
      <line num="202" count="0" type="stmt"/>
      <line num="204" count="0" type="stmt"/>
      <line num="206" count="0" type="cond" truecount="0" falsecount="4"/>
      <line num="208" count="0" type="stmt"/>
      <line num="209" count="0" type="cond" truecount="0" falsecount="2"/>
      <line num="210" count="0" type="stmt"/>
      <line num="211" count="0" type="cond" truecount="0" falsecount="2"/>
      <line num="213" count="0" type="stmt"/>
      <line num="214" count="0" type="cond" truecount="0" falsecount="2"/>
      <line num="215" count="0" type="stmt"/>
      <line num="224" count="0" type="cond" truecount="0" falsecount="2"/>
      <line num="225" count="0" type="stmt"/>
      <line num="229" count="0" type="stmt"/>
      <line num="238" count="0" type="stmt"/>
      <line num="240" count="0" type="stmt"/>
      <line num="241" count="0" type="stmt"/>
      <line num="247" count="0" type="stmt"/>
      <line num="249" count="0" type="stmt"/>
      <line num="251" count="0" type="cond" truecount="0" falsecount="4"/>
      <line num="253" count="0" type="cond" truecount="0" falsecount="2"/>
      <line num="254" count="0" type="stmt"/>
      <line num="255" count="0" type="cond" truecount="0" falsecount="2"/>
      <line num="256" count="0" type="stmt"/>
      <line num="264" count="0" type="stmt"/>
      <line num="265" count="0" type="stmt"/>
      <line num="268" count="0" type="stmt"/>
      <line num="269" count="0" type="stmt"/>
      <line num="270" count="0" type="stmt"/>
      <line num="271" count="0" type="stmt"/>
      <line num="273" count="0" type="stmt"/>
      <line num="275" count="0" type="stmt"/>
      <line num="276" count="0" type="cond" truecount="0" falsecount="4"/>
      <line num="278" count="0" type="stmt"/>
      <line num="280" count="0" type="stmt"/>
      <line num="281" count="0" type="cond" truecount="0" falsecount="4"/>
      <line num="282" count="0" type="cond" truecount="0" falsecount="2"/>
      <line num="283" count="0" type="stmt"/>
      <line num="284" count="0" type="stmt"/>
      <line num="285" count="0" type="cond" truecount="0" falsecount="2"/>
      <line num="286" count="0" type="stmt"/>
      <line num="294" count="0" type="stmt"/>
      <line num="295" count="0" type="cond" truecount="0" falsecount="2"/>
      <line num="296" count="0" type="stmt"/>
      <line num="297" count="0" type="cond" truecount="0" falsecount="4"/>
      <line num="298" count="0" type="stmt"/>
      <line num="299" count="0" type="stmt"/>
      <line num="300" count="0" type="cond" truecount="0" falsecount="2"/>
      <line num="301" count="0" type="stmt"/>
      <line num="310" count="0" type="cond" truecount="0" falsecount="4"/>
      <line num="311" count="0" type="stmt"/>
      <line num="312" count="0" type="cond" truecount="0" falsecount="4"/>
      <line num="314" count="0" type="stmt"/>
      <line num="316" count="0" type="stmt"/>
      <line num="317" count="0" type="cond" truecount="0" falsecount="4"/>
      <line num="318" count="0" type="cond" truecount="0" falsecount="2"/>
      <line num="319" count="0" type="stmt"/>
      <line num="320" count="0" type="stmt"/>
      <line num="321" count="0" type="cond" truecount="0" falsecount="2"/>
      <line num="322" count="0" type="stmt"/>
      <line num="330" count="0" type="cond" truecount="0" falsecount="2"/>
      <line num="331" count="0" type="stmt"/>
      <line num="332" count="0" type="cond" truecount="0" falsecount="2"/>
      <line num="333" count="0" type="stmt"/>
      <line num="334" count="0" type="cond" truecount="0" falsecount="4"/>
      <line num="335" count="0" type="stmt"/>
      <line num="336" count="0" type="stmt"/>
      <line num="337" count="0" type="cond" truecount="0" falsecount="2"/>
      <line num="338" count="0" type="stmt"/>
      <line num="350" count="0" type="cond" truecount="0" falsecount="2"/>
      <line num="351" count="0" type="stmt"/>
      <line num="355" count="0" type="cond" truecount="0" falsecount="4"/>
      <line num="356" count="0" type="stmt"/>
      <line num="359" count="0" type="stmt"/>
      <line num="368" count="0" type="stmt"/>
      <line num="370" count="0" type="stmt"/>
      <line num="371" count="0" type="stmt"/>
      <line num="378" count="0" type="stmt"/>
      <line num="379" count="0" type="stmt"/>
      <line num="381" count="0" type="stmt"/>
      <line num="382" count="0" type="cond" truecount="0" falsecount="4"/>
      <line num="383" count="0" type="stmt"/>
      <line num="384" count="0" type="stmt"/>
      <line num="389" count="0" type="cond" truecount="0" falsecount="4"/>
      <line num="390" count="0" type="stmt"/>
      <line num="391" count="0" type="cond" truecount="0" falsecount="4"/>
      <line num="392" count="0" type="stmt"/>
      <line num="393" count="0" type="stmt"/>
      <line num="400" count="0" type="stmt"/>
      <line num="402" count="0" type="stmt"/>
      <line num="403" count="0" type="cond" truecount="0" falsecount="4"/>
      <line num="404" count="0" type="stmt"/>
      <line num="407" count="0" type="stmt"/>
      <line num="409" count="0" type="stmt"/>
      <line num="410" count="0" type="cond" truecount="0" falsecount="5"/>
      <line num="411" count="0" type="stmt"/>
      <line num="417" count="0" type="stmt"/>
      <line num="418" count="0" type="cond" truecount="0" falsecount="5"/>
      <line num="419" count="0" type="stmt"/>
      <line num="426" count="0" type="cond" truecount="0" falsecount="4"/>
      <line num="427" count="0" type="stmt"/>
      <line num="428" count="0" type="cond" truecount="0" falsecount="4"/>
      <line num="429" count="0" type="stmt"/>
      <line num="432" count="0" type="stmt"/>
      <line num="434" count="0" type="stmt"/>
      <line num="435" count="0" type="cond" truecount="0" falsecount="5"/>
      <line num="436" count="0" type="stmt"/>
      <line num="442" count="0" type="cond" truecount="0" falsecount="2"/>
      <line num="443" count="0" type="stmt"/>
      <line num="444" count="0" type="cond" truecount="0" falsecount="5"/>
      <line num="445" count="0" type="stmt"/>
      <line num="454" count="0" type="cond" truecount="0" falsecount="2"/>
      <line num="455" count="0" type="stmt"/>
      <line num="456" count="0" type="stmt"/>
      <line num="457" count="0" type="cond" truecount="0" falsecount="2"/>
      <line num="458" count="0" type="stmt"/>
      <line num="464" count="0" type="cond" truecount="0" falsecount="2"/>
      <line num="465" count="0" type="stmt"/>
      <line num="469" count="0" type="stmt"/>
      <line num="478" count="0" type="stmt"/>
      <line num="479" count="0" type="stmt"/>
      <line num="480" count="0" type="stmt"/>
      <line num="483" count="0" type="cond" truecount="0" falsecount="2"/>
      <line num="484" count="0" type="stmt"/>
      <line num="487" count="0" type="cond" truecount="0" falsecount="2"/>
      <line num="488" count="0" type="stmt"/>
      <line num="491" count="0" type="cond" truecount="0" falsecount="2"/>
      <line num="492" count="0" type="stmt"/>
      <line num="493" count="0" type="cond" truecount="0" falsecount="2"/>
      <line num="494" count="0" type="stmt"/>
      <line num="498" count="0" type="stmt"/>
      <line num="499" count="0" type="stmt"/>
      <line num="500" count="0" type="stmt"/>
      <line num="505" count="0" type="stmt"/>
      <line num="506" count="0" type="stmt"/>
      <line num="509" count="0" type="stmt"/>
      <line num="518" count="0" type="stmt"/>
      <line num="519" count="0" type="stmt"/>
      <line num="525" count="0" type="stmt"/>
      <line num="526" count="0" type="stmt"/>
      <line num="527" count="0" type="stmt"/>
      <line num="530" count="0" type="stmt"/>
      <line num="532" count="0" type="stmt"/>
      <line num="533" count="0" type="cond" truecount="0" falsecount="4"/>
      <line num="534" count="0" type="stmt"/>
      <line num="539" count="0" type="stmt"/>
      <line num="540" count="0" type="cond" truecount="0" falsecount="2"/>
      <line num="541" count="0" type="stmt"/>
      <line num="547" count="0" type="cond" truecount="0" falsecount="4"/>
      <line num="548" count="0" type="stmt"/>
      <line num="549" count="0" type="cond" truecount="0" falsecount="4"/>
      <line num="550" count="0" type="stmt"/>
      <line num="555" count="0" type="stmt"/>
      <line num="556" count="0" type="cond" truecount="0" falsecount="2"/>
      <line num="557" count="0" type="stmt"/>
      <line num="565" count="0" type="stmt"/>
      <line num="568" count="0" type="stmt"/>
      <line num="569" count="0" type="stmt"/>
      <line num="572" count="0" type="stmt"/>
      <line num="575" count="0" type="stmt"/>
      <line num="577" count="0" type="cond" truecount="0" falsecount="4"/>
      <line num="578" count="0" type="stmt"/>
      <line num="582" count="0" type="stmt"/>
      <line num="584" count="0" type="stmt"/>
      <line num="585" count="0" type="cond" truecount="0" falsecount="5"/>
      <line num="586" count="0" type="stmt"/>
      <line num="591" count="0" type="stmt"/>
      <line num="592" count="0" type="cond" truecount="0" falsecount="2"/>
      <line num="593" count="0" type="stmt"/>
      <line num="599" count="0" type="cond" truecount="0" falsecount="4"/>
      <line num="600" count="0" type="stmt"/>
      <line num="601" count="0" type="cond" truecount="0" falsecount="5"/>
      <line num="602" count="0" type="stmt"/>
      <line num="607" count="0" type="stmt"/>
      <line num="608" count="0" type="cond" truecount="0" falsecount="2"/>
      <line num="609" count="0" type="stmt"/>
      <line num="618" count="0" type="stmt"/>
      <line num="620" count="0" type="stmt"/>
      <line num="621" count="0" type="cond" truecount="0" falsecount="5"/>
      <line num="623" count="0" type="cond" truecount="0" falsecount="2"/>
      <line num="625" count="0" type="cond" truecount="0" falsecount="2"/>
      <line num="626" count="0" type="stmt"/>
      <line num="634" count="0" type="stmt"/>
      <line num="637" count="0" type="stmt"/>
      <line num="638" count="0" type="stmt"/>
      <line num="639" count="0" type="cond" truecount="0" falsecount="4"/>
      <line num="640" count="0" type="stmt"/>
      <line num="643" count="0" type="cond" truecount="0" falsecount="2"/>
      <line num="644" count="0" type="stmt"/>
      <line num="647" count="0" type="stmt"/>
      <line num="651" count="0" type="stmt"/>
      <line num="653" count="0" type="stmt"/>
      <line num="654" count="0" type="stmt"/>
      <line num="655" count="0" type="cond" truecount="0" falsecount="2"/>
      <line num="657" count="0" type="cond" truecount="0" falsecount="2"/>
      <line num="658" count="0" type="stmt"/>
      <line num="660" count="0" type="stmt"/>
      <line num="663" count="0" type="stmt"/>
      <line num="664" count="0" type="stmt"/>
      <line num="666" count="0" type="cond" truecount="0" falsecount="2"/>
      <line num="667" count="0" type="cond" truecount="0" falsecount="2"/>
      <line num="673" count="0" type="stmt"/>
      <line num="674" count="0" type="cond" truecount="0" falsecount="2"/>
      <line num="676" count="0" type="cond" truecount="0" falsecount="2"/>
      <line num="677" count="0" type="stmt"/>
      <line num="679" count="0" type="stmt"/>
      <line num="682" count="0" type="stmt"/>
      <line num="683" count="0" type="stmt"/>
      <line num="685" count="0" type="cond" truecount="0" falsecount="2"/>
      <line num="686" count="0" type="stmt"/>
      <line num="691" count="0" type="cond" truecount="0" falsecount="4"/>
      <line num="692" count="0" type="stmt"/>
      <line num="695" count="0" type="stmt"/>
      <line num="700" count="0" type="stmt"/>
      <line num="701" count="0" type="stmt"/>
      <line num="711" count="0" type="stmt"/>
      <line num="712" count="0" type="cond" truecount="0" falsecount="2"/>
      <line num="713" count="0" type="cond" truecount="0" falsecount="2"/>
      <line num="714" count="0" type="cond" truecount="0" falsecount="2"/>
      <line num="715" count="0" type="cond" truecount="0" falsecount="2"/>
      <line num="716" count="0" type="cond" truecount="0" falsecount="4"/>
      <line num="717" count="0" type="cond" truecount="0" falsecount="4"/>
      <line num="719" count="0" type="cond" truecount="0" falsecount="2"/>
      <line num="720" count="0" type="stmt"/>
      <line num="723" count="0" type="stmt"/>
      <line num="734" count="0" type="cond" truecount="0" falsecount="5"/>
      <line num="737" count="0" type="stmt"/>
      <line num="741" count="0" type="stmt"/>
      <line num="742" count="0" type="stmt"/>
      <line num="743" count="0" type="cond" truecount="0" falsecount="4"/>
      <line num="745" count="0" type="stmt"/>
      <line num="747" count="0" type="stmt"/>
      <line num="751" count="0" type="cond" truecount="0" falsecount="2"/>
      <line num="752" count="0" type="stmt"/>
      <line num="756" count="0" type="cond" truecount="0" falsecount="2"/>
      <line num="757" count="0" type="stmt"/>
      <line num="760" count="0" type="stmt"/>
      <line num="769" count="0" type="stmt"/>
      <line num="770" count="0" type="stmt"/>
      <line num="772" count="0" type="stmt"/>
      <line num="773" count="0" type="stmt"/>
      <line num="779" count="0" type="stmt"/>
      <line num="782" count="0" type="cond" truecount="0" falsecount="4"/>
      <line num="786" count="0" type="stmt"/>
      <line num="788" count="0" type="stmt"/>
      <line num="789" count="0" type="cond" truecount="0" falsecount="4"/>
      <line num="790" count="0" type="stmt"/>
      <line num="791" count="0" type="cond" truecount="0" falsecount="2"/>
      <line num="792" count="0" type="stmt"/>
      <line num="799" count="0" type="stmt"/>
      <line num="800" count="0" type="stmt"/>
      <line num="803" count="0" type="stmt"/>
      <line num="804" count="0" type="stmt"/>
      <line num="806" count="0" type="cond" truecount="0" falsecount="2"/>
      <line num="807" count="0" type="stmt"/>
      <line num="814" count="0" type="cond" truecount="0" falsecount="2"/>
      <line num="816" count="0" type="stmt"/>
      <line num="818" count="0" type="stmt"/>
      <line num="819" count="0" type="cond" truecount="0" falsecount="4"/>
      <line num="820" count="0" type="stmt"/>
      <line num="821" count="0" type="cond" truecount="0" falsecount="2"/>
      <line num="822" count="0" type="stmt"/>
      <line num="829" count="0" type="stmt"/>
      <line num="830" count="0" type="stmt"/>
      <line num="833" count="0" type="stmt"/>
      <line num="834" count="0" type="stmt"/>
      <line num="836" count="0" type="cond" truecount="0" falsecount="2"/>
      <line num="837" count="0" type="stmt"/>
      <line num="843" count="0" type="cond" truecount="0" falsecount="2"/>
      <line num="844" count="0" type="stmt"/>
      <line num="848" count="0" type="stmt"/>
      <line num="861" count="0" type="cond" truecount="0" falsecount="2"/>
      <line num="862" count="0" type="stmt"/>
      <line num="865" count="0" type="stmt"/>
      <line num="868" count="0" type="cond" truecount="0" falsecount="2"/>
      <line num="870" count="0" type="stmt"/>
      <line num="871" count="0" type="cond" truecount="0" falsecount="2"/>
      <line num="872" count="0" type="stmt"/>
      <line num="876" count="0" type="stmt"/>
      <line num="877" count="0" type="stmt"/>
      <line num="879" count="0" type="stmt"/>
      <line num="886" count="0" type="stmt"/>
      <line num="890" count="0" type="cond" truecount="0" falsecount="2"/>
      <line num="891" count="0" type="stmt"/>
      <line num="892" count="0" type="cond" truecount="0" falsecount="2"/>
      <line num="893" count="0" type="stmt"/>
      <line num="896" count="0" type="stmt"/>
      <line num="897" count="0" type="stmt"/>
      <line num="899" count="0" type="stmt"/>
      <line num="906" count="0" type="stmt"/>
      <line num="909" count="0" type="stmt"/>
      <line num="911" count="0" type="cond" truecount="0" falsecount="2"/>
      <line num="912" count="0" type="stmt"/>
      <line num="914" count="0" type="stmt"/>
      <line num="924" count="0" type="cond" truecount="0" falsecount="2"/>
      <line num="926" count="0" type="stmt"/>
      <line num="927" count="0" type="cond" truecount="0" falsecount="2"/>
      <line num="929" count="0" type="cond" truecount="0" falsecount="2"/>
      <line num="930" count="0" type="stmt"/>
      <line num="933" count="0" type="stmt"/>
      <line num="935" count="0" type="cond" truecount="0" falsecount="2"/>
      <line num="937" count="0" type="stmt"/>
      <line num="940" count="0" type="stmt"/>
      <line num="943" count="0" type="stmt"/>
      <line num="952" count="0" type="stmt"/>
      <line num="953" count="0" type="stmt"/>
      <line num="959" count="0" type="stmt"/>
      <line num="961" count="0" type="stmt"/>
      <line num="963" count="0" type="stmt"/>
      <line num="965" count="0" type="cond" truecount="0" falsecount="4"/>
      <line num="967" count="0" type="cond" truecount="0" falsecount="2"/>
      <line num="968" count="0" type="cond" truecount="0" falsecount="2"/>
      <line num="969" count="0" type="stmt"/>
      <line num="971" count="0" type="stmt"/>
      <line num="975" count="0" type="stmt"/>
      <line num="978" count="0" type="stmt"/>
      <line num="980" count="0" type="cond" truecount="0" falsecount="2"/>
      <line num="982" count="0" type="stmt"/>
      <line num="984" count="0" type="stmt"/>
      <line num="987" count="0" type="stmt"/>
      <line num="991" count="0" type="cond" truecount="0" falsecount="4"/>
      <line num="992" count="0" type="stmt"/>
      <line num="1005" count="0" type="cond" truecount="0" falsecount="2"/>
      <line num="1006" count="0" type="stmt"/>
      <line num="1008" count="0" type="cond" truecount="0" falsecount="4"/>
      <line num="1010" count="0" type="cond" truecount="0" falsecount="2"/>
      <line num="1011" count="0" type="cond" truecount="0" falsecount="2"/>
      <line num="1012" count="0" type="stmt"/>
      <line num="1014" count="0" type="stmt"/>
      <line num="1017" count="0" type="stmt"/>
      <line num="1018" count="0" type="stmt"/>
      <line num="1020" count="0" type="cond" truecount="0" falsecount="2"/>
      <line num="1021" count="0" type="stmt"/>
      <line num="1022" count="0" type="stmt"/>
      <line num="1035" count="0" type="stmt"/>
      <line num="1036" count="0" type="cond" truecount="0" falsecount="4"/>
      <line num="1037" count="0" type="stmt"/>
      <line num="1039" count="0" type="cond" truecount="0" falsecount="4"/>
      <line num="1041" count="0" type="cond" truecount="0" falsecount="2"/>
      <line num="1042" count="0" type="cond" truecount="0" falsecount="2"/>
      <line num="1043" count="0" type="stmt"/>
      <line num="1045" count="0" type="stmt"/>
      <line num="1048" count="0" type="stmt"/>
      <line num="1049" count="0" type="stmt"/>
      <line num="1051" count="0" type="cond" truecount="0" falsecount="2"/>
      <line num="1052" count="0" type="stmt"/>
      <line num="1053" count="0" type="stmt"/>
      <line num="1067" count="0" type="cond" truecount="0" falsecount="2"/>
      <line num="1068" count="0" type="stmt"/>
      <line num="1070" count="0" type="cond" truecount="0" falsecount="4"/>
      <line num="1072" count="0" type="cond" truecount="0" falsecount="2"/>
      <line num="1073" count="0" type="cond" truecount="0" falsecount="2"/>
      <line num="1074" count="0" type="stmt"/>
      <line num="1076" count="0" type="stmt"/>
      <line num="1079" count="0" type="stmt"/>
      <line num="1080" count="0" type="stmt"/>
      <line num="1082" count="0" type="cond" truecount="0" falsecount="2"/>
      <line num="1083" count="0" type="stmt"/>
      <line num="1084" count="0" type="stmt"/>
      <line num="1097" count="0" type="cond" truecount="0" falsecount="4"/>
      <line num="1098" count="0" type="stmt"/>
      <line num="1100" count="0" type="cond" truecount="0" falsecount="4"/>
      <line num="1102" count="0" type="cond" truecount="0" falsecount="2"/>
      <line num="1103" count="0" type="cond" truecount="0" falsecount="2"/>
      <line num="1104" count="0" type="stmt"/>
      <line num="1106" count="0" type="stmt"/>
      <line num="1109" count="0" type="stmt"/>
      <line num="1110" count="0" type="stmt"/>
      <line num="1112" count="0" type="cond" truecount="0" falsecount="2"/>
      <line num="1113" count="0" type="stmt"/>
      <line num="1114" count="0" type="stmt"/>
      <line num="1126" count="0" type="stmt"/>
      <line num="1128" count="0" type="stmt"/>
      <line num="1129" count="0" type="stmt"/>
      <line num="1141" count="0" type="stmt"/>
      <line num="1199" count="0" type="stmt"/>
      <line num="1200" count="0" type="cond" truecount="0" falsecount="2"/>
      <line num="1201" count="0" type="stmt"/>
      <line num="1204" count="0" type="stmt"/>
      <line num="1206" count="0" type="stmt"/>
      <line num="1208" count="0" type="stmt"/>
      <line num="1209" count="0" type="cond" truecount="0" falsecount="2"/>
      <line num="1210" count="0" type="stmt"/>
      <line num="1214" count="0" type="stmt"/>
      <line num="1218" count="0" type="stmt"/>
      <line num="1221" count="0" type="cond" truecount="0" falsecount="4"/>
      <line num="1222" count="0" type="stmt"/>
      <line num="1227" count="0" type="stmt"/>
      <line num="1229" count="0" type="stmt"/>
      <line num="1230" count="0" type="cond" truecount="0" falsecount="4"/>
      <line num="1231" count="0" type="stmt"/>
      <line num="1233" count="0" type="stmt"/>
      <line num="1237" count="0" type="stmt"/>
      <line num="1245" count="0" type="stmt"/>
      <line num="1246" count="0" type="stmt"/>
      <line num="1248" count="0" type="stmt"/>
      <line num="1287" count="0" type="stmt"/>
      <line num="1300" count="0" type="cond" truecount="0" falsecount="4"/>
      <line num="1301" count="0" type="stmt"/>
      <line num="1304" count="0" type="stmt"/>
      <line num="1305" count="0" type="stmt"/>
      <line num="1311" count="0" type="stmt"/>
      <line num="1313" count="0" type="stmt"/>
      <line num="1315" count="0" type="cond" truecount="0" falsecount="2"/>
      <line num="1316" count="0" type="stmt"/>
      <line num="1319" count="0" type="cond" truecount="0" falsecount="2"/>
      <line num="1320" count="0" type="stmt"/>
      <line num="1324" count="0" type="cond" truecount="0" falsecount="2"/>
      <line num="1326" count="0" type="stmt"/>
      <line num="1328" count="0" type="stmt"/>
      <line num="1331" count="0" type="stmt"/>
      <line num="1335" count="0" type="cond" truecount="0" falsecount="4"/>
      <line num="1336" count="0" type="cond" truecount="0" falsecount="2"/>
      <line num="1337" count="0" type="stmt"/>
      <line num="1341" count="0" type="cond" truecount="0" falsecount="2"/>
      <line num="1342" count="0" type="stmt"/>
      <line num="1343" count="0" type="cond" truecount="0" falsecount="2"/>
      <line num="1344" count="0" type="stmt"/>
      <line num="1345" count="0" type="cond" truecount="0" falsecount="2"/>
      <line num="1346" count="0" type="stmt"/>
      <line num="1347" count="0" type="cond" truecount="0" falsecount="2"/>
      <line num="1348" count="0" type="stmt"/>
      <line num="1349" count="0" type="cond" truecount="0" falsecount="2"/>
      <line num="1350" count="0" type="stmt"/>
      <line num="1353" count="0" type="cond" truecount="0" falsecount="2"/>
      <line num="1354" count="0" type="stmt"/>
      <line num="1356" count="0" type="stmt"/>
      <line num="1359" count="0" type="stmt"/>
      <line num="1360" count="0" type="stmt"/>
      <line num="1362" count="0" type="cond" truecount="0" falsecount="2"/>
      <line num="1363" count="0" type="stmt"/>
      <line num="1372" count="0" type="cond" truecount="0" falsecount="2"/>
      <line num="1373" count="0" type="stmt"/>
      <line num="1376" count="0" type="stmt"/>
      <line num="1377" count="0" type="stmt"/>
      <line num="1379" count="0" type="stmt"/>
      <line num="1380" count="0" type="stmt"/>
      <line num="1392" count="0" type="stmt"/>
      <line num="1393" count="0" type="stmt"/>
      <line num="1395" count="0" type="stmt"/>
      <line num="1396" count="0" type="stmt"/>
      <line num="1403" count="0" type="stmt"/>
      <line num="1404" count="0" type="stmt"/>
      <line num="1405" count="0" type="stmt"/>
      <line num="1408" count="0" type="stmt"/>
      <line num="1410" count="0" type="cond" truecount="0" falsecount="4"/>
      <line num="1411" count="0" type="stmt"/>
      <line num="1415" count="0" type="cond" truecount="0" falsecount="4"/>
      <line num="1416" count="0" type="stmt"/>
      <line num="1421" count="0" type="cond" truecount="0" falsecount="7"/>
      <line num="1427" count="0" type="stmt"/>
      <line num="1428" count="0" type="stmt"/>
      <line num="1429" count="0" type="cond" truecount="0" falsecount="2"/>
      <line num="1430" count="0" type="stmt"/>
      <line num="1434" count="0" type="cond" truecount="0" falsecount="5"/>
      <line num="1438" count="0" type="stmt"/>
      <line num="1439" count="0" type="stmt"/>
      <line num="1440" count="0" type="cond" truecount="0" falsecount="2"/>
      <line num="1441" count="0" type="stmt"/>
      <line num="1447" count="0" type="cond" truecount="0" falsecount="8"/>
      <line num="1454" count="0" type="cond" truecount="0" falsecount="4"/>
      <line num="1456" count="0" type="stmt"/>
      <line num="1457" count="0" type="stmt"/>
      <line num="1458" count="0" type="cond" truecount="0" falsecount="2"/>
      <line num="1459" count="0" type="stmt"/>
      <line num="1467" count="0" type="stmt"/>
      <line num="1469" count="0" type="stmt"/>
      <line num="1470" count="0" type="cond" truecount="0" falsecount="4"/>
      <line num="1471" count="0" type="stmt"/>
      <line num="1472" count="0" type="stmt"/>
      <line num="1477" count="0" type="cond" truecount="0" falsecount="4"/>
      <line num="1478" count="0" type="stmt"/>
      <line num="1479" count="0" type="cond" truecount="0" falsecount="4"/>
      <line num="1480" count="0" type="stmt"/>
      <line num="1481" count="0" type="stmt"/>
      <line num="1487" count="0" type="stmt"/>
      <line num="1488" count="0" type="cond" truecount="0" falsecount="4"/>
      <line num="1489" count="0" type="cond" truecount="0" falsecount="2"/>
      <line num="1495" count="0" type="stmt"/>
      <line num="1497" count="0" type="cond" truecount="0" falsecount="2"/>
      <line num="1498" count="0" type="cond" truecount="0" falsecount="2"/>
      <line num="1499" count="0" type="stmt"/>
      <line num="1501" count="0" type="stmt"/>
      <line num="1505" count="0" type="stmt"/>
      <line num="1508" count="0" type="cond" truecount="0" falsecount="2"/>
      <line num="1511" count="0" type="cond" truecount="0" falsecount="4"/>
      <line num="1512" count="0" type="stmt"/>
      <line num="1513" count="0" type="cond" truecount="0" falsecount="2"/>
      <line num="1514" count="0" type="stmt"/>
      <line num="1521" count="0" type="stmt"/>
      <line num="1522" count="0" type="stmt"/>
      <line num="1525" count="0" type="stmt"/>
      <line num="1527" count="0" type="cond" truecount="0" falsecount="4"/>
      <line num="1528" count="0" type="cond" truecount="0" falsecount="2"/>
      <line num="1529" count="0" type="stmt"/>
      <line num="1531" count="0" type="cond" truecount="0" falsecount="2"/>
      <line num="1532" count="0" type="stmt"/>
      <line num="1533" count="0" type="cond" truecount="0" falsecount="2"/>
      <line num="1534" count="0" type="stmt"/>
      <line num="1542" count="0" type="cond" truecount="0" falsecount="2"/>
      <line num="1544" count="0" type="cond" truecount="0" falsecount="2"/>
      <line num="1545" count="0" type="stmt"/>
      <line num="1547" count="0" type="stmt"/>
      <line num="1554" count="0" type="stmt"/>
      <line num="1556" count="0" type="cond" truecount="0" falsecount="4"/>
      <line num="1559" count="0" type="stmt"/>
      <line num="1560" count="0" type="stmt"/>
      <line num="1563" count="0" type="cond" truecount="0" falsecount="2"/>
      <line num="1564" count="0" type="stmt"/>
      <line num="1566" count="0" type="cond" truecount="0" falsecount="2"/>
      <line num="1568" count="0" type="stmt"/>
      <line num="1569" count="0" type="cond" truecount="0" falsecount="2"/>
      <line num="1570" count="0" type="stmt"/>
      <line num="1573" count="0" type="cond" truecount="0" falsecount="2"/>
      <line num="1574" count="0" type="stmt"/>
      <line num="1583" count="0" type="cond" truecount="0" falsecount="2"/>
      <line num="1584" count="0" type="stmt"/>
      <line num="1588" count="0" type="stmt"/>
      <line num="1602" count="0" type="stmt"/>
      <line num="1604" count="0" type="cond" truecount="0" falsecount="5"/>
      <line num="1605" count="0" type="stmt"/>
      <line num="1608" count="0" type="stmt"/>
      <line num="1610" count="0" type="stmt"/>
      <line num="1617" count="0" type="stmt"/>
      <line num="1618" count="0" type="stmt"/>
      <line num="1621" count="0" type="stmt"/>
      <line num="1623" count="0" type="stmt"/>
      <line num="1624" count="0" type="cond" truecount="0" falsecount="2"/>
      <line num="1625" count="0" type="stmt"/>
      <line num="1626" count="0" type="stmt"/>
      <line num="1630" count="0" type="cond" truecount="0" falsecount="4"/>
      <line num="1631" count="0" type="stmt"/>
      <line num="1632" count="0" type="cond" truecount="0" falsecount="2"/>
      <line num="1633" count="0" type="stmt"/>
      <line num="1634" count="0" type="stmt"/>
      <line num="1641" count="0" type="stmt"/>
      <line num="1643" count="0" type="stmt"/>
      <line num="1644" count="0" type="cond" truecount="0" falsecount="3"/>
      <line num="1648" count="0" type="cond" truecount="0" falsecount="2"/>
      <line num="1652" count="0" type="stmt"/>
      <line num="1654" count="0" type="cond" truecount="0" falsecount="5"/>
      <line num="1655" count="0" type="stmt"/>
      <line num="1661" count="0" type="stmt"/>
      <line num="1662" count="0" type="stmt"/>
      <line num="1665" count="0" type="cond" truecount="0" falsecount="2"/>
      <line num="1666" count="0" type="stmt"/>
      <line num="1668" count="0" type="cond" truecount="0" falsecount="4"/>
      <line num="1671" count="0" type="stmt"/>
      <line num="1672" count="0" type="stmt"/>
      <line num="1674" count="0" type="cond" truecount="0" falsecount="2"/>
      <line num="1675" count="0" type="cond" truecount="0" falsecount="2"/>
      <line num="1676" count="0" type="stmt"/>
      <line num="1677" count="0" type="stmt"/>
      <line num="1679" count="0" type="stmt"/>
      <line num="1681" count="0" type="stmt"/>
      <line num="1683" count="0" type="cond" truecount="0" falsecount="2"/>
      <line num="1684" count="0" type="cond" truecount="0" falsecount="2"/>
      <line num="1693" count="0" type="stmt"/>
      <line num="1696" count="0" type="stmt"/>
      <line num="1697" count="0" type="stmt"/>
      <line num="1700" count="0" type="stmt"/>
      <line num="1702" count="0" type="cond" truecount="0" falsecount="4"/>
      <line num="1703" count="0" type="cond" truecount="0" falsecount="4"/>
      <line num="1704" count="0" type="stmt"/>
      <line num="1711" count="0" type="stmt"/>
      <line num="1713" count="0" type="stmt"/>
      <line num="1714" count="0" type="cond" truecount="0" falsecount="4"/>
      <line num="1716" count="0" type="stmt"/>
      <line num="1717" count="0" type="stmt"/>
      <line num="1719" count="0" type="stmt"/>
      <line num="1721" count="0" type="cond" truecount="0" falsecount="5"/>
      <line num="1723" count="0" type="stmt"/>
      <line num="1724" count="0" type="stmt"/>
      <line num="1728" count="0" type="cond" truecount="0" falsecount="4"/>
      <line num="1729" count="0" type="stmt"/>
      <line num="1730" count="0" type="stmt"/>
      <line num="1734" count="0" type="cond" truecount="0" falsecount="6"/>
      <line num="1737" count="0" type="stmt"/>
      <line num="1738" count="0" type="stmt"/>
      <line num="1742" count="0" type="cond" truecount="0" falsecount="2"/>
      <line num="1743" count="0" type="stmt"/>
      <line num="1747" count="0" type="cond" truecount="0" falsecount="2"/>
      <line num="1748" count="0" type="stmt"/>
      <line num="1751" count="0" type="stmt"/>
      <line num="1752" count="0" type="stmt"/>
      <line num="1754" count="0" type="stmt"/>
      <line num="1755" count="0" type="stmt"/>
      <line num="1756" count="0" type="cond" truecount="0" falsecount="2"/>
      <line num="1757" count="0" type="stmt"/>
      <line num="1760" count="0" type="stmt"/>
      <line num="1761" count="0" type="cond" truecount="0" falsecount="2"/>
      <line num="1762" count="0" type="stmt"/>
      <line num="1767" count="0" type="cond" truecount="0" falsecount="2"/>
      <line num="1768" count="0" type="stmt"/>
      <line num="1778" count="0" type="stmt"/>
      <line num="1779" count="0" type="stmt"/>
      <line num="1782" count="0" type="stmt"/>
      <line num="1783" count="0" type="stmt"/>
      <line num="1785" count="0" type="stmt"/>
      <line num="1786" count="0" type="stmt"/>
      <line num="1787" count="0" type="cond" truecount="0" falsecount="2"/>
      <line num="1788" count="0" type="stmt"/>
      <line num="1789" count="0" type="stmt"/>
      <line num="1791" count="0" type="cond" truecount="0" falsecount="2"/>
      <line num="1792" count="0" type="stmt"/>
      <line num="1797" count="0" type="cond" truecount="0" falsecount="2"/>
      <line num="1798" count="0" type="stmt"/>
      <line num="1803" count="0" type="stmt"/>
      <line num="1805" count="0" type="stmt"/>
      <line num="1806" count="0" type="cond" truecount="0" falsecount="4"/>
      <line num="1807" count="0" type="cond" truecount="0" falsecount="2"/>
      <line num="1808" count="0" type="stmt"/>
      <line num="1809" count="0" type="stmt"/>
      <line num="1810" count="0" type="stmt"/>
      <line num="1812" count="0" type="stmt"/>
      <line num="1814" count="0" type="stmt"/>
      <line num="1816" count="0" type="cond" truecount="0" falsecount="2"/>
      <line num="1817" count="0" type="cond" truecount="0" falsecount="2"/>
      <line num="1823" count="0" type="cond" truecount="0" falsecount="4"/>
      <line num="1824" count="0" type="stmt"/>
      <line num="1825" count="0" type="cond" truecount="0" falsecount="4"/>
      <line num="1826" count="0" type="cond" truecount="0" falsecount="2"/>
      <line num="1827" count="0" type="stmt"/>
      <line num="1828" count="0" type="stmt"/>
      <line num="1829" count="0" type="stmt"/>
      <line num="1831" count="0" type="stmt"/>
      <line num="1833" count="0" type="stmt"/>
      <line num="1835" count="0" type="cond" truecount="0" falsecount="2"/>
      <line num="1836" count="0" type="cond" truecount="0" falsecount="2"/>
      <line num="1843" count="0" type="cond" truecount="0" falsecount="4"/>
      <line num="1844" count="0" type="cond" truecount="0" falsecount="2"/>
      <line num="1847" count="0" type="stmt"/>
      <line num="1848" count="0" type="stmt"/>
      <line num="1850" count="0" type="stmt"/>
      <line num="1851" count="0" type="stmt"/>
      <line num="1861" count="0" type="cond" truecount="0" falsecount="2"/>
      <line num="1862" count="0" type="stmt"/>
      <line num="1863" count="0" type="stmt"/>
      <line num="1866" count="0" type="stmt"/>
      <line num="1867" count="0" type="stmt"/>
      <line num="1869" count="0" type="stmt"/>
      <line num="1870" count="0" type="stmt"/>
      <line num="1871" count="0" type="cond" truecount="0" falsecount="2"/>
      <line num="1872" count="0" type="stmt"/>
      <line num="1875" count="0" type="cond" truecount="0" falsecount="2"/>
      <line num="1876" count="0" type="stmt"/>
      <line num="1877" count="0" type="stmt"/>
      <line num="1879" count="0" type="stmt"/>
      <line num="1880" count="0" type="stmt"/>
      <line num="1882" count="0" type="cond" truecount="0" falsecount="2"/>
      <line num="1883" count="0" type="stmt"/>
      <line num="1889" count="0" type="stmt"/>
      <line num="1890" count="0" type="stmt"/>
      <line num="1891" count="0" type="stmt"/>
      <line num="1892" count="0" type="stmt"/>
      <line num="1895" count="0" type="cond" truecount="0" falsecount="2"/>
      <line num="1896" count="0" type="stmt"/>
      <line num="1897" count="0" type="cond" truecount="0" falsecount="2"/>
      <line num="1898" count="0" type="stmt"/>
      <line num="1899" count="0" type="stmt"/>
      <line num="1900" count="0" type="stmt"/>
      <line num="1907" count="0" type="stmt"/>
      <line num="1908" count="0" type="cond" truecount="0" falsecount="2"/>
      <line num="1909" count="0" type="stmt"/>
      <line num="1910" count="0" type="stmt"/>
      <line num="1911" count="0" type="stmt"/>
      <line num="1912" count="0" type="stmt"/>
      <line num="1922" count="0" type="stmt"/>
      <line num="1923" count="0" type="stmt"/>
      <line num="1928" count="0" type="stmt"/>
      <line num="1929" count="0" type="stmt"/>
      <line num="1933" count="0" type="stmt"/>
      <line num="1934" count="0" type="stmt"/>
      <line num="1936" count="0" type="stmt"/>
      <line num="1945" count="0" type="stmt"/>
      <line num="1947" count="0" type="cond" truecount="0" falsecount="2"/>
      <line num="1948" count="0" type="stmt"/>
      <line num="1955" count="0" type="stmt"/>
      <line num="1956" count="0" type="stmt"/>
      <line num="1960" count="0" type="stmt"/>
      <line num="1961" count="0" type="stmt"/>
      <line num="1963" count="0" type="cond" truecount="0" falsecount="2"/>
      <line num="1964" count="0" type="stmt"/>
      <line num="1976" count="0" type="stmt"/>
      <line num="1983" count="0" type="stmt"/>
      <line num="1986" count="0" type="stmt"/>
      <line num="1987" count="0" type="stmt"/>
      <line num="1990" count="0" type="stmt"/>
      <line num="1991" count="0" type="stmt"/>
      <line num="1993" count="0" type="cond" truecount="0" falsecount="2"/>
      <line num="1994" count="0" type="stmt"/>
      <line num="1995" count="0" type="stmt"/>
      <line num="1998" count="0" type="stmt"/>
      <line num="2001" count="0" type="stmt"/>
      <line num="2002" count="0" type="stmt"/>
      <line num="2004" count="0" type="cond" truecount="0" falsecount="2"/>
      <line num="2005" count="0" type="stmt"/>
      <line num="2008" count="0" type="cond" truecount="0" falsecount="2"/>
      <line num="2009" count="0" type="stmt"/>
      <line num="2011" count="0" type="stmt"/>
      <line num="2017" count="0" type="stmt"/>
      <line num="2018" count="0" type="stmt"/>
      <line num="2020" count="0" type="stmt"/>
      <line num="2021" count="0" type="stmt"/>
      <line num="2022" count="0" type="cond" truecount="0" falsecount="4"/>
      <line num="2023" count="0" type="stmt"/>
      <line num="2024" count="0" type="stmt"/>
      <line num="2025" count="0" type="stmt"/>
      <line num="2026" count="0" type="stmt"/>
      <line num="2030" count="0" type="stmt"/>
      <line num="2033" count="0" type="stmt"/>
      <line num="2036" count="0" type="stmt"/>
      <line num="2038" count="0" type="cond" truecount="0" falsecount="2"/>
      <line num="2039" count="0" type="stmt"/>
      <line num="2040" count="0" type="stmt"/>
      <line num="2041" count="0" type="stmt"/>
      <line num="2042" count="0" type="cond" truecount="0" falsecount="2"/>
      <line num="2043" count="0" type="stmt"/>
      <line num="2048" count="0" type="stmt"/>
      <line num="2051" count="0" type="stmt"/>
      <line num="2052" count="0" type="cond" truecount="0" falsecount="2"/>
      <line num="2053" count="0" type="stmt"/>
      <line num="2056" count="0" type="stmt"/>
      <line num="2059" count="0" type="cond" truecount="0" falsecount="2"/>
      <line num="2060" count="0" type="stmt"/>
      <line num="2061" count="0" type="stmt"/>
      <line num="2062" count="0" type="stmt"/>
      <line num="2066" count="0" type="stmt"/>
      <line num="2069" count="0" type="stmt"/>
      <line num="2070" count="0" type="stmt"/>
      <line num="2071" count="0" type="stmt"/>
      <line num="2074" count="0" type="stmt"/>
      <line num="2087" count="0" type="stmt"/>
      <line num="2088" count="0" type="stmt"/>
      <line num="2090" count="0" type="stmt"/>
      <line num="2091" count="0" type="stmt"/>
      <line num="2092" count="0" type="stmt"/>
      <line num="2096" count="0" type="stmt"/>
      <line num="2099" count="0" type="stmt"/>
      <line num="2102" count="0" type="stmt"/>
      <line num="2104" count="0" type="stmt"/>
      <line num="2105" count="0" type="stmt"/>
      <line num="2108" count="0" type="stmt"/>
      <line num="2109" count="0" type="stmt"/>
      <line num="2111" count="0" type="cond" truecount="0" falsecount="2"/>
      <line num="2112" count="0" type="stmt"/>
      <line num="2115" count="0" type="cond" truecount="0" falsecount="2"/>
      <line num="2116" count="0" type="stmt"/>
      <line num="2123" count="0" type="stmt"/>
      <line num="2127" count="0" type="stmt"/>
      <line num="2130" count="0" type="stmt"/>
      <line num="2133" count="0" type="cond" truecount="0" falsecount="2"/>
      <line num="2134" count="0" type="stmt"/>
      <line num="2137" count="0" type="stmt"/>
      <line num="2140" count="0" type="cond" truecount="0" falsecount="2"/>
      <line num="2141" count="0" type="stmt"/>
      <line num="2145" count="0" type="cond" truecount="0" falsecount="2"/>
      <line num="2146" count="0" type="stmt"/>
      <line num="2147" count="0" type="stmt"/>
      <line num="2148" count="0" type="stmt"/>
      <line num="2149" count="0" type="stmt"/>
      <line num="2151" count="0" type="cond" truecount="0" falsecount="2"/>
      <line num="2152" count="0" type="stmt"/>
      <line num="2154" count="0" type="stmt"/>
      <line num="2155" count="0" type="stmt"/>
      <line num="2156" count="0" type="stmt"/>
      <line num="2158" count="0" type="stmt"/>
      <line num="2163" count="0" type="cond" truecount="0" falsecount="4"/>
      <line num="2164" count="0" type="stmt"/>
      <line num="2165" count="0" type="stmt"/>
      <line num="2166" count="0" type="stmt"/>
      <line num="2167" count="0" type="cond" truecount="0" falsecount="2"/>
      <line num="2168" count="0" type="stmt"/>
      <line num="2173" count="0" type="stmt"/>
      <line num="2174" count="0" type="stmt"/>
      <line num="2177" count="0" type="cond" truecount="0" falsecount="2"/>
      <line num="2178" count="0" type="stmt"/>
      <line num="2181" count="0" type="stmt"/>
      <line num="2183" count="0" type="stmt"/>
      <line num="2184" count="0" type="cond" truecount="0" falsecount="2"/>
      <line num="2185" count="0" type="cond" truecount="0" falsecount="2"/>
      <line num="2186" count="0" type="stmt"/>
      <line num="2188" count="0" type="cond" truecount="0" falsecount="2"/>
      <line num="2189" count="0" type="stmt"/>
      <line num="2193" count="0" type="stmt"/>
      <line num="2195" count="0" type="stmt"/>
      <line num="2199" count="0" type="stmt"/>
      <line num="2206" count="0" type="stmt"/>
      <line num="2207" count="0" type="cond" truecount="0" falsecount="2"/>
      <line num="2210" count="0" type="cond" truecount="0" falsecount="2"/>
      <line num="2211" count="0" type="stmt"/>
      <line num="2212" count="0" type="stmt"/>
      <line num="2215" count="0" type="stmt"/>
      <line num="2216" count="0" type="stmt"/>
      <line num="2217" count="0" type="stmt"/>
      <line num="2218" count="0" type="stmt"/>
      <line num="2219" count="0" type="cond" truecount="0" falsecount="2"/>
      <line num="2220" count="0" type="stmt"/>
      <line num="2221" count="0" type="stmt"/>
      <line num="2222" count="0" type="stmt"/>
      <line num="2223" count="0" type="stmt"/>
      <line num="2224" count="0" type="stmt"/>
      <line num="2225" count="0" type="stmt"/>
      <line num="2226" count="0" type="stmt"/>
      <line num="2228" count="0" type="stmt"/>
      <line num="2230" count="0" type="stmt"/>
      <line num="2231" count="0" type="stmt"/>
      <line num="2234" count="0" type="cond" truecount="0" falsecount="4"/>
      <line num="2235" count="0" type="stmt"/>
      <line num="2236" count="0" type="cond" truecount="0" falsecount="2"/>
      <line num="2237" count="0" type="stmt"/>
      <line num="2238" count="0" type="stmt"/>
      <line num="2243" count="0" type="stmt"/>
      <line num="2245" count="0" type="cond" truecount="0" falsecount="2"/>
      <line num="2246" count="0" type="stmt"/>
      <line num="2247" count="0" type="stmt"/>
      <line num="2251" count="0" type="cond" truecount="0" falsecount="2"/>
      <line num="2252" count="0" type="stmt"/>
      <line num="2255" count="0" type="stmt"/>
      <line num="2256" count="0" type="stmt"/>
      <line num="2257" count="0" type="stmt"/>
      <line num="2258" count="0" type="stmt"/>
      <line num="2262" count="0" type="stmt"/>
      <line num="2263" count="0" type="stmt"/>
      <line num="2264" count="0" type="stmt"/>
      <line num="2268" count="0" type="stmt"/>
    </file>
  </project>
</coverage>
