{"/home/evlon/repos/webfunny_dejs/de.js": {"path":"/home/evlon/repos/webfunny_dejs/de.js","statementMap":{"0":{"start":{"line":3,"column":11},"end":{"line":3,"column":24}},"1":{"start":{"line":4,"column":13},"end":{"line":4,"column":28}},"2":{"start":{"line":5,"column":14},"end":{"line":5,"column":36}},"3":{"start":{"line":6,"column":20},"end":{"line":6,"column":44}},"4":{"start":{"line":9,"column":25},"end":{"line":9,"column":48}},"5":{"start":{"line":10,"column":35},"end":{"line":10,"column":66}},"6":{"start":{"line":13,"column":13},"end":{"line":93,"column":7}},"7":{"start":{"line":99,"column":19},"end":{"line":99,"column":28}},"8":{"start":{"line":100,"column":21},"end":{"line":100,"column":44}},"9":{"start":{"line":103,"column":2},"end":{"line":106,"column":3}},"10":{"start":{"line":104,"column":4},"end":{"line":104,"column":42}},"11":{"start":{"line":105,"column":4},"end":{"line":105,"column":20}},"12":{"start":{"line":109,"column":17},"end":{"line":109,"column":35}},"13":{"start":{"line":111,"column":2},"end":{"line":111,"column":56}},"14":{"start":{"line":112,"column":2},"end":{"line":112,"column":35}},"15":{"start":{"line":113,"column":2},"end":{"line":113,"column":37}},"16":{"start":{"line":114,"column":2},"end":{"line":114,"column":50}},"17":{"start":{"line":115,"column":2},"end":{"line":115,"column":93}},"18":{"start":{"line":116,"column":2},"end":{"line":116,"column":59}},"19":{"start":{"line":117,"column":2},"end":{"line":117,"column":38}},"20":{"start":{"line":118,"column":2},"end":{"line":118,"column":41}},"21":{"start":{"line":119,"column":2},"end":{"line":119,"column":39}},"22":{"start":{"line":120,"column":2},"end":{"line":120,"column":48}},"23":{"start":{"line":121,"column":2},"end":{"line":121,"column":50}},"24":{"start":{"line":122,"column":2},"end":{"line":122,"column":62}},"25":{"start":{"line":124,"column":2},"end":{"line":161,"column":3}},"26":{"start":{"line":126,"column":21},"end":{"line":126,"column":55}},"27":{"start":{"line":127,"column":4},"end":{"line":127,"column":58}},"28":{"start":{"line":130,"column":4},"end":{"line":136,"column":5}},"29":{"start":{"line":131,"column":25},"end":{"line":131,"column":42}},"30":{"start":{"line":132,"column":6},"end":{"line":135,"column":7}},"31":{"start":{"line":133,"column":8},"end":{"line":133,"column":58}},"32":{"start":{"line":134,"column":8},"end":{"line":134,"column":48}},"33":{"start":{"line":139,"column":22},"end":{"line":139,"column":76}},"34":{"start":{"line":141,"column":4},"end":{"line":144,"column":5}},"35":{"start":{"line":142,"column":6},"end":{"line":142,"column":49}},"36":{"start":{"line":143,"column":6},"end":{"line":143,"column":13}},"37":{"start":{"line":147,"column":4},"end":{"line":155,"column":5}},"38":{"start":{"line":148,"column":6},"end":{"line":148,"column":37}},"39":{"start":{"line":151,"column":6},"end":{"line":151,"column":55}},"40":{"start":{"line":152,"column":6},"end":{"line":152,"column":50}},"41":{"start":{"line":153,"column":6},"end":{"line":153,"column":54}},"42":{"start":{"line":154,"column":6},"end":{"line":154,"column":70}},"43":{"start":{"line":158,"column":4},"end":{"line":158,"column":48}},"44":{"start":{"line":159,"column":4},"end":{"line":159,"column":31}},"45":{"start":{"line":160,"column":4},"end":{"line":160,"column":20}},"46":{"start":{"line":164,"column":0},"end":{"line":164,"column":7}}},"fnMap":{"0":{"name":"main","decl":{"start":{"line":98,"column":9},"end":{"line":98,"column":13}},"loc":{"start":{"line":98,"column":16},"end":{"line":162,"column":1}},"line":98}},"branchMap":{"0":{"loc":{"start":{"line":100,"column":21},"end":{"line":100,"column":44}},"type":"binary-expr","locations":[{"start":{"line":100,"column":21},"end":{"line":100,"column":32}},{"start":{"line":100,"column":36},"end":{"line":100,"column":44}}],"line":100},"1":{"loc":{"start":{"line":103,"column":2},"end":{"line":106,"column":3}},"type":"if","locations":[{"start":{"line":103,"column":2},"end":{"line":106,"column":3}},{"start":{},"end":{}}],"line":103},"2":{"loc":{"start":{"line":115,"column":23},"end":{"line":115,"column":89}},"type":"cond-expr","locations":[{"start":{"line":115,"column":52},"end":{"line":115,"column":78}},{"start":{"line":115,"column":81},"end":{"line":115,"column":89}}],"line":115},"3":{"loc":{"start":{"line":130,"column":4},"end":{"line":136,"column":5}},"type":"if","locations":[{"start":{"line":130,"column":4},"end":{"line":136,"column":5}},{"start":{},"end":{}}],"line":130},"4":{"loc":{"start":{"line":130,"column":8},"end":{"line":130,"column":46}},"type":"binary-expr","locations":[{"start":{"line":130,"column":8},"end":{"line":130,"column":19}},{"start":{"line":130,"column":23},"end":{"line":130,"column":46}}],"line":130},"5":{"loc":{"start":{"line":132,"column":6},"end":{"line":135,"column":7}},"type":"if","locations":[{"start":{"line":132,"column":6},"end":{"line":135,"column":7}},{"start":{},"end":{}}],"line":132},"6":{"loc":{"start":{"line":141,"column":4},"end":{"line":144,"column":5}},"type":"if","locations":[{"start":{"line":141,"column":4},"end":{"line":144,"column":5}},{"start":{},"end":{}}],"line":141},"7":{"loc":{"start":{"line":147,"column":4},"end":{"line":155,"column":5}},"type":"if","locations":[{"start":{"line":147,"column":4},"end":{"line":155,"column":5}},{"start":{"line":149,"column":11},"end":{"line":155,"column":5}}],"line":147}},"s":{"0":0,"1":0,"2":0,"3":0,"4":0,"5":0,"6":0,"7":0,"8":0,"9":0,"10":0,"11":0,"12":0,"13":0,"14":0,"15":0,"16":0,"17":0,"18":0,"19":0,"20":0,"21":0,"22":0,"23":0,"24":0,"25":0,"26":0,"27":0,"28":0,"29":0,"30":0,"31":0,"32":0,"33":0,"34":0,"35":0,"36":0,"37":0,"38":0,"39":0,"40":0,"41":0,"42":0,"43":0,"44":0,"45":0,"46":0},"f":{"0":0},"b":{"0":[0,0],"1":[0,0],"2":[0,0],"3":[0,0],"4":[0,0],"5":[0,0],"6":[0,0],"7":[0,0]}}
}
