{"/home/evlon/repos/webfunny_dejs/de.js": {"path":"/home/evlon/repos/webfunny_dejs/de.js","statementMap":{"0":{"start":{"line":3,"column":11},"end":{"line":3,"column":24}},"1":{"start":{"line":4,"column":13},"end":{"line":4,"column":28}},"2":{"start":{"line":5,"column":11},"end":{"line":5,"column":24}},"3":{"start":{"line":6,"column":14},"end":{"line":6,"column":36}},"4":{"start":{"line":7,"column":20},"end":{"line":7,"column":44}},"5":{"start":{"line":8,"column":15},"end":{"line":8,"column":39}},"6":{"start":{"line":9,"column":17},"end":{"line":9,"column":51}},"7":{"start":{"line":10,"column":17},"end":{"line":10,"column":52}},"8":{"start":{"line":11,"column":10},"end":{"line":11,"column":33}},"9":{"start":{"line":14,"column":13},"end":{"line":94,"column":7}},"10":{"start":{"line":97,"column":15},"end":{"line":110,"column":1}},"11":{"start":{"line":117,"column":2},"end":{"line":119,"column":3}},"12":{"start":{"line":118,"column":4},"end":{"line":118,"column":17}},"13":{"start":{"line":122,"column":2},"end":{"line":124,"column":3}},"14":{"start":{"line":123,"column":4},"end":{"line":123,"column":17}},"15":{"start":{"line":128,"column":2},"end":{"line":130,"column":3}},"16":{"start":{"line":129,"column":4},"end":{"line":129,"column":117}},"17":{"start":{"line":132,"column":2},"end":{"line":132,"column":14}},"18":{"start":{"line":140,"column":18},"end":{"line":140,"column":68}},"19":{"start":{"line":142,"column":21},"end":{"line":142,"column":22}},"20":{"start":{"line":144,"column":24},"end":{"line":154,"column":4}},"21":{"start":{"line":145,"column":27},"end":{"line":145,"column":70}},"22":{"start":{"line":146,"column":24},"end":{"line":146,"column":45}},"23":{"start":{"line":147,"column":4},"end":{"line":147,"column":19}},"24":{"start":{"line":149,"column":4},"end":{"line":151,"column":5}},"25":{"start":{"line":150,"column":6},"end":{"line":150,"column":70}},"26":{"start":{"line":153,"column":4},"end":{"line":153,"column":23}},"27":{"start":{"line":156,"column":2},"end":{"line":158,"column":3}},"28":{"start":{"line":157,"column":4},"end":{"line":157,"column":59}},"29":{"start":{"line":160,"column":2},"end":{"line":160,"column":23}},"30":{"start":{"line":169,"column":2},"end":{"line":184,"column":3}},"31":{"start":{"line":171,"column":4},"end":{"line":173,"column":5}},"32":{"start":{"line":172,"column":6},"end":{"line":172,"column":43}},"33":{"start":{"line":174,"column":24},"end":{"line":174,"column":50}},"34":{"start":{"line":176,"column":4},"end":{"line":178,"column":5}},"35":{"start":{"line":177,"column":6},"end":{"line":177,"column":39}},"36":{"start":{"line":180,"column":4},"end":{"line":180,"column":25}},"37":{"start":{"line":182,"column":4},"end":{"line":182,"column":45}},"38":{"start":{"line":183,"column":4},"end":{"line":183,"column":16}},"39":{"start":{"line":193,"column":32},"end":{"line":193,"column":41}},"40":{"start":{"line":195,"column":2},"end":{"line":227,"column":3}},"41":{"start":{"line":196,"column":16},"end":{"line":200,"column":6}},"42":{"start":{"line":202,"column":4},"end":{"line":222,"column":7}},"43":{"start":{"line":204,"column":25},"end":{"line":204,"column":62}},"44":{"start":{"line":206,"column":8},"end":{"line":220,"column":9}},"45":{"start":{"line":208,"column":10},"end":{"line":219,"column":13}},"46":{"start":{"line":209,"column":12},"end":{"line":218,"column":13}},"47":{"start":{"line":210,"column":34},"end":{"line":210,"column":42}},"48":{"start":{"line":211,"column":14},"end":{"line":217,"column":15}},"49":{"start":{"line":213,"column":16},"end":{"line":213,"column":55}},"50":{"start":{"line":214,"column":16},"end":{"line":216,"column":17}},"51":{"start":{"line":215,"column":18},"end":{"line":215,"column":88}},"52":{"start":{"line":224,"column":4},"end":{"line":226,"column":5}},"53":{"start":{"line":225,"column":6},"end":{"line":225,"column":55}},"54":{"start":{"line":229,"column":2},"end":{"line":229,"column":31}},"55":{"start":{"line":238,"column":30},"end":{"line":238,"column":39}},"56":{"start":{"line":240,"column":2},"end":{"line":353,"column":3}},"57":{"start":{"line":241,"column":16},"end":{"line":245,"column":6}},"58":{"start":{"line":247,"column":4},"end":{"line":261,"column":7}},"59":{"start":{"line":249,"column":25},"end":{"line":249,"column":62}},"60":{"start":{"line":251,"column":8},"end":{"line":259,"column":9}},"61":{"start":{"line":253,"column":10},"end":{"line":258,"column":11}},"62":{"start":{"line":254,"column":12},"end":{"line":254,"column":46}},"63":{"start":{"line":255,"column":12},"end":{"line":257,"column":13}},"64":{"start":{"line":256,"column":14},"end":{"line":256,"column":60}},"65":{"start":{"line":264,"column":26},"end":{"line":264,"column":60}},"66":{"start":{"line":265,"column":4},"end":{"line":265,"column":63}},"67":{"start":{"line":265,"column":33},"end":{"line":265,"column":61}},"68":{"start":{"line":268,"column":29},"end":{"line":268,"column":33}},"69":{"start":{"line":269,"column":4},"end":{"line":348,"column":5}},"70":{"start":{"line":270,"column":6},"end":{"line":270,"column":33}},"71":{"start":{"line":271,"column":27},"end":{"line":271,"column":55}},"72":{"start":{"line":273,"column":6},"end":{"line":347,"column":9}},"73":{"start":{"line":275,"column":27},"end":{"line":275,"column":45}},"74":{"start":{"line":276,"column":10},"end":{"line":306,"column":11}},"75":{"start":{"line":278,"column":12},"end":{"line":291,"column":27}},"76":{"start":{"line":280,"column":39},"end":{"line":280,"column":81}},"77":{"start":{"line":281,"column":16},"end":{"line":289,"column":17}},"78":{"start":{"line":282,"column":18},"end":{"line":288,"column":19}},"79":{"start":{"line":283,"column":20},"end":{"line":283,"column":60}},"80":{"start":{"line":284,"column":20},"end":{"line":284,"column":46}},"81":{"start":{"line":285,"column":20},"end":{"line":287,"column":21}},"82":{"start":{"line":286,"column":22},"end":{"line":286,"column":79}},"83":{"start":{"line":294,"column":12},"end":{"line":305,"column":15}},"84":{"start":{"line":295,"column":14},"end":{"line":304,"column":15}},"85":{"start":{"line":296,"column":34},"end":{"line":296,"column":44}},"86":{"start":{"line":297,"column":16},"end":{"line":303,"column":17}},"87":{"start":{"line":298,"column":18},"end":{"line":298,"column":53}},"88":{"start":{"line":299,"column":18},"end":{"line":299,"column":44}},"89":{"start":{"line":300,"column":18},"end":{"line":302,"column":19}},"90":{"start":{"line":301,"column":20},"end":{"line":301,"column":88}},"91":{"start":{"line":310,"column":10},"end":{"line":345,"column":11}},"92":{"start":{"line":311,"column":29},"end":{"line":311,"column":47}},"93":{"start":{"line":312,"column":12},"end":{"line":344,"column":13}},"94":{"start":{"line":314,"column":14},"end":{"line":327,"column":29}},"95":{"start":{"line":316,"column":41},"end":{"line":316,"column":83}},"96":{"start":{"line":317,"column":18},"end":{"line":325,"column":19}},"97":{"start":{"line":318,"column":20},"end":{"line":324,"column":21}},"98":{"start":{"line":319,"column":22},"end":{"line":319,"column":62}},"99":{"start":{"line":320,"column":22},"end":{"line":320,"column":48}},"100":{"start":{"line":321,"column":22},"end":{"line":323,"column":23}},"101":{"start":{"line":322,"column":24},"end":{"line":322,"column":81}},"102":{"start":{"line":330,"column":14},"end":{"line":343,"column":15}},"103":{"start":{"line":331,"column":16},"end":{"line":342,"column":19}},"104":{"start":{"line":332,"column":18},"end":{"line":341,"column":19}},"105":{"start":{"line":333,"column":38},"end":{"line":333,"column":48}},"106":{"start":{"line":334,"column":20},"end":{"line":340,"column":21}},"107":{"start":{"line":335,"column":22},"end":{"line":335,"column":57}},"108":{"start":{"line":336,"column":22},"end":{"line":336,"column":48}},"109":{"start":{"line":337,"column":22},"end":{"line":339,"column":23}},"110":{"start":{"line":338,"column":24},"end":{"line":338,"column":92}},"111":{"start":{"line":350,"column":4},"end":{"line":352,"column":5}},"112":{"start":{"line":351,"column":6},"end":{"line":351,"column":58}},"113":{"start":{"line":355,"column":2},"end":{"line":357,"column":3}},"114":{"start":{"line":356,"column":4},"end":{"line":356,"column":115}},"115":{"start":{"line":359,"column":2},"end":{"line":359,"column":29}},"116":{"start":{"line":368,"column":26},"end":{"line":368,"column":35}},"117":{"start":{"line":370,"column":2},"end":{"line":467,"column":3}},"118":{"start":{"line":371,"column":16},"end":{"line":375,"column":6}},"119":{"start":{"line":378,"column":25},"end":{"line":378,"column":34}},"120":{"start":{"line":379,"column":4},"end":{"line":397,"column":7}},"121":{"start":{"line":381,"column":25},"end":{"line":381,"column":43}},"122":{"start":{"line":382,"column":8},"end":{"line":385,"column":9}},"123":{"start":{"line":383,"column":10},"end":{"line":383,"column":37}},"124":{"start":{"line":384,"column":10},"end":{"line":384,"column":51}},"125":{"start":{"line":389,"column":8},"end":{"line":395,"column":9}},"126":{"start":{"line":390,"column":27},"end":{"line":390,"column":45}},"127":{"start":{"line":391,"column":10},"end":{"line":394,"column":11}},"128":{"start":{"line":392,"column":12},"end":{"line":392,"column":39}},"129":{"start":{"line":393,"column":12},"end":{"line":393,"column":53}},"130":{"start":{"line":400,"column":4},"end":{"line":452,"column":7}},"131":{"start":{"line":402,"column":25},"end":{"line":402,"column":43}},"132":{"start":{"line":403,"column":8},"end":{"line":422,"column":9}},"133":{"start":{"line":404,"column":31},"end":{"line":404,"column":60}},"134":{"start":{"line":407,"column":10},"end":{"line":414,"column":25}},"135":{"start":{"line":409,"column":37},"end":{"line":409,"column":79}},"136":{"start":{"line":410,"column":14},"end":{"line":412,"column":15}},"137":{"start":{"line":411,"column":16},"end":{"line":411,"column":49}},"138":{"start":{"line":417,"column":10},"end":{"line":421,"column":13}},"139":{"start":{"line":418,"column":12},"end":{"line":420,"column":13}},"140":{"start":{"line":419,"column":14},"end":{"line":419,"column":43}},"141":{"start":{"line":426,"column":8},"end":{"line":450,"column":9}},"142":{"start":{"line":427,"column":27},"end":{"line":427,"column":45}},"143":{"start":{"line":428,"column":10},"end":{"line":449,"column":11}},"144":{"start":{"line":429,"column":33},"end":{"line":429,"column":62}},"145":{"start":{"line":432,"column":12},"end":{"line":439,"column":27}},"146":{"start":{"line":434,"column":39},"end":{"line":434,"column":81}},"147":{"start":{"line":435,"column":16},"end":{"line":437,"column":17}},"148":{"start":{"line":436,"column":18},"end":{"line":436,"column":51}},"149":{"start":{"line":442,"column":12},"end":{"line":448,"column":13}},"150":{"start":{"line":443,"column":14},"end":{"line":447,"column":17}},"151":{"start":{"line":444,"column":16},"end":{"line":446,"column":17}},"152":{"start":{"line":445,"column":18},"end":{"line":445,"column":47}},"153":{"start":{"line":454,"column":4},"end":{"line":461,"column":5}},"154":{"start":{"line":455,"column":6},"end":{"line":455,"column":70}},"155":{"start":{"line":456,"column":6},"end":{"line":460,"column":9}},"156":{"start":{"line":457,"column":8},"end":{"line":459,"column":9}},"157":{"start":{"line":458,"column":10},"end":{"line":458,"column":71}},"158":{"start":{"line":464,"column":4},"end":{"line":466,"column":5}},"159":{"start":{"line":465,"column":6},"end":{"line":465,"column":54}},"160":{"start":{"line":469,"column":2},"end":{"line":469,"column":25}},"161":{"start":{"line":478,"column":18},"end":{"line":478,"column":27}},"162":{"start":{"line":479,"column":19},"end":{"line":479,"column":28}},"163":{"start":{"line":480,"column":17},"end":{"line":480,"column":19}},"164":{"start":{"line":483,"column":4},"end":{"line":485,"column":5}},"165":{"start":{"line":484,"column":6},"end":{"line":484,"column":41}},"166":{"start":{"line":487,"column":4},"end":{"line":501,"column":5}},"167":{"start":{"line":488,"column":6},"end":{"line":488,"column":25}},"168":{"start":{"line":491,"column":27},"end":{"line":491,"column":55}},"169":{"start":{"line":492,"column":6},"end":{"line":496,"column":7}},"170":{"start":{"line":493,"column":8},"end":{"line":495,"column":9}},"171":{"start":{"line":494,"column":10},"end":{"line":494,"column":21}},"172":{"start":{"line":498,"column":6},"end":{"line":498,"column":28}},"173":{"start":{"line":499,"column":6},"end":{"line":499,"column":24}},"174":{"start":{"line":500,"column":6},"end":{"line":500,"column":24}},"175":{"start":{"line":505,"column":2},"end":{"line":507,"column":3}},"176":{"start":{"line":506,"column":4},"end":{"line":506,"column":16}},"177":{"start":{"line":509,"column":2},"end":{"line":509,"column":16}},"178":{"start":{"line":518,"column":2},"end":{"line":702,"column":3}},"179":{"start":{"line":519,"column":16},"end":{"line":523,"column":6}},"180":{"start":{"line":525,"column":25},"end":{"line":525,"column":27}},"181":{"start":{"line":526,"column":28},"end":{"line":526,"column":37}},"182":{"start":{"line":527,"column":26},"end":{"line":527,"column":35}},"183":{"start":{"line":530,"column":4},"end":{"line":562,"column":7}},"184":{"start":{"line":532,"column":25},"end":{"line":532,"column":43}},"185":{"start":{"line":533,"column":8},"end":{"line":543,"column":9}},"186":{"start":{"line":534,"column":10},"end":{"line":538,"column":13}},"187":{"start":{"line":539,"column":10},"end":{"line":539,"column":38}},"188":{"start":{"line":540,"column":10},"end":{"line":542,"column":11}},"189":{"start":{"line":541,"column":12},"end":{"line":541,"column":52}},"190":{"start":{"line":547,"column":8},"end":{"line":560,"column":9}},"191":{"start":{"line":548,"column":27},"end":{"line":548,"column":45}},"192":{"start":{"line":549,"column":10},"end":{"line":559,"column":11}},"193":{"start":{"line":550,"column":12},"end":{"line":554,"column":15}},"194":{"start":{"line":555,"column":12},"end":{"line":555,"column":40}},"195":{"start":{"line":556,"column":12},"end":{"line":558,"column":13}},"196":{"start":{"line":557,"column":14},"end":{"line":557,"column":55}},"197":{"start":{"line":565,"column":32},"end":{"line":565,"column":72}},"198":{"start":{"line":568,"column":35},"end":{"line":568,"column":66}},"199":{"start":{"line":569,"column":34},"end":{"line":569,"column":69}},"200":{"start":{"line":572,"column":34},"end":{"line":572,"column":68}},"201":{"start":{"line":575,"column":28},"end":{"line":575,"column":113}},"202":{"start":{"line":577,"column":4},"end":{"line":579,"column":5}},"203":{"start":{"line":578,"column":6},"end":{"line":578,"column":82}},"204":{"start":{"line":582,"column":4},"end":{"line":614,"column":5}},"205":{"start":{"line":584,"column":25},"end":{"line":584,"column":43}},"206":{"start":{"line":585,"column":8},"end":{"line":595,"column":9}},"207":{"start":{"line":586,"column":10},"end":{"line":590,"column":13}},"208":{"start":{"line":591,"column":10},"end":{"line":591,"column":38}},"209":{"start":{"line":592,"column":10},"end":{"line":594,"column":11}},"210":{"start":{"line":593,"column":12},"end":{"line":593,"column":56}},"211":{"start":{"line":599,"column":8},"end":{"line":612,"column":7}},"212":{"start":{"line":600,"column":27},"end":{"line":600,"column":45}},"213":{"start":{"line":601,"column":10},"end":{"line":611,"column":9}},"214":{"start":{"line":602,"column":12},"end":{"line":606,"column":15}},"215":{"start":{"line":607,"column":12},"end":{"line":607,"column":40}},"216":{"start":{"line":608,"column":10},"end":{"line":610,"column":11}},"217":{"start":{"line":609,"column":12},"end":{"line":609,"column":57}},"218":{"start":{"line":618,"column":4},"end":{"line":631,"column":7}},"219":{"start":{"line":620,"column":25},"end":{"line":620,"column":62}},"220":{"start":{"line":621,"column":8},"end":{"line":629,"column":9}},"221":{"start":{"line":623,"column":10},"end":{"line":628,"column":11}},"222":{"start":{"line":625,"column":12},"end":{"line":627,"column":13}},"223":{"start":{"line":626,"column":14},"end":{"line":626,"column":68}},"224":{"start":{"line":634,"column":28},"end":{"line":634,"column":62}},"225":{"start":{"line":637,"column":4},"end":{"line":648,"column":5}},"226":{"start":{"line":638,"column":6},"end":{"line":638,"column":57}},"227":{"start":{"line":639,"column":6},"end":{"line":641,"column":7}},"228":{"start":{"line":640,"column":8},"end":{"line":640,"column":70}},"229":{"start":{"line":643,"column":6},"end":{"line":645,"column":7}},"230":{"start":{"line":644,"column":8},"end":{"line":644,"column":62}},"231":{"start":{"line":647,"column":6},"end":{"line":647,"column":54}},"232":{"start":{"line":647,"column":46},"end":{"line":647,"column":52}},"233":{"start":{"line":651,"column":31},"end":{"line":651,"column":33}},"234":{"start":{"line":653,"column":4},"end":{"line":670,"column":7}},"235":{"start":{"line":654,"column":23},"end":{"line":654,"column":66}},"236":{"start":{"line":654,"column":46},"end":{"line":654,"column":65}},"237":{"start":{"line":655,"column":6},"end":{"line":669,"column":7}},"238":{"start":{"line":657,"column":8},"end":{"line":661,"column":9}},"239":{"start":{"line":658,"column":10},"end":{"line":658,"column":54}},"240":{"start":{"line":660,"column":10},"end":{"line":660,"column":54}},"241":{"start":{"line":663,"column":8},"end":{"line":663,"column":47}},"242":{"start":{"line":664,"column":8},"end":{"line":664,"column":57}},"243":{"start":{"line":666,"column":8},"end":{"line":668,"column":9}},"244":{"start":{"line":667,"column":10},"end":{"line":667,"column":102}},"245":{"start":{"line":673,"column":4},"end":{"line":689,"column":7}},"246":{"start":{"line":674,"column":6},"end":{"line":688,"column":7}},"247":{"start":{"line":676,"column":8},"end":{"line":680,"column":9}},"248":{"start":{"line":677,"column":10},"end":{"line":677,"column":54}},"249":{"start":{"line":679,"column":10},"end":{"line":679,"column":54}},"250":{"start":{"line":682,"column":8},"end":{"line":682,"column":47}},"251":{"start":{"line":683,"column":8},"end":{"line":683,"column":57}},"252":{"start":{"line":685,"column":8},"end":{"line":687,"column":9}},"253":{"start":{"line":686,"column":10},"end":{"line":686,"column":57}},"254":{"start":{"line":691,"column":4},"end":{"line":693,"column":5}},"255":{"start":{"line":692,"column":6},"end":{"line":692,"column":101}},"256":{"start":{"line":695,"column":4},"end":{"line":698,"column":6}},"257":{"start":{"line":700,"column":4},"end":{"line":700,"column":44}},"258":{"start":{"line":701,"column":4},"end":{"line":701,"column":57}},"259":{"start":{"line":711,"column":2},"end":{"line":724,"column":5}},"260":{"start":{"line":712,"column":4},"end":{"line":712,"column":55}},"261":{"start":{"line":712,"column":38},"end":{"line":712,"column":55}},"262":{"start":{"line":713,"column":4},"end":{"line":713,"column":56}},"263":{"start":{"line":713,"column":39},"end":{"line":713,"column":56}},"264":{"start":{"line":714,"column":4},"end":{"line":714,"column":56}},"265":{"start":{"line":714,"column":39},"end":{"line":714,"column":56}},"266":{"start":{"line":715,"column":4},"end":{"line":715,"column":48}},"267":{"start":{"line":715,"column":36},"end":{"line":715,"column":48}},"268":{"start":{"line":716,"column":4},"end":{"line":716,"column":80}},"269":{"start":{"line":716,"column":63},"end":{"line":716,"column":80}},"270":{"start":{"line":717,"column":4},"end":{"line":722,"column":5}},"271":{"start":{"line":719,"column":6},"end":{"line":721,"column":7}},"272":{"start":{"line":720,"column":8},"end":{"line":720,"column":35}},"273":{"start":{"line":723,"column":4},"end":{"line":723,"column":21}},"274":{"start":{"line":734,"column":2},"end":{"line":738,"column":3}},"275":{"start":{"line":737,"column":4},"end":{"line":737,"column":16}},"276":{"start":{"line":741,"column":15},"end":{"line":741,"column":30}},"277":{"start":{"line":742,"column":2},"end":{"line":748,"column":3}},"278":{"start":{"line":743,"column":4},"end":{"line":746,"column":5}},"279":{"start":{"line":745,"column":6},"end":{"line":745,"column":18}},"280":{"start":{"line":747,"column":4},"end":{"line":747,"column":31}},"281":{"start":{"line":751,"column":2},"end":{"line":753,"column":3}},"282":{"start":{"line":751,"column":27},"end":{"line":751,"column":49}},"283":{"start":{"line":752,"column":4},"end":{"line":752,"column":16}},"284":{"start":{"line":756,"column":2},"end":{"line":758,"column":3}},"285":{"start":{"line":756,"column":27},"end":{"line":756,"column":45}},"286":{"start":{"line":757,"column":4},"end":{"line":757,"column":16}},"287":{"start":{"line":760,"column":2},"end":{"line":760,"column":15}},"288":{"start":{"line":769,"column":29},"end":{"line":769,"column":31}},"289":{"start":{"line":770,"column":28},"end":{"line":770,"column":37}},"290":{"start":{"line":772,"column":2},"end":{"line":846,"column":3}},"291":{"start":{"line":773,"column":16},"end":{"line":777,"column":6}},"292":{"start":{"line":779,"column":4},"end":{"line":841,"column":7}},"293":{"start":{"line":782,"column":8},"end":{"line":809,"column":9}},"294":{"start":{"line":786,"column":10},"end":{"line":796,"column":25}},"295":{"start":{"line":788,"column":31},"end":{"line":788,"column":73}},"296":{"start":{"line":789,"column":14},"end":{"line":794,"column":15}},"297":{"start":{"line":790,"column":16},"end":{"line":790,"column":48}},"298":{"start":{"line":791,"column":16},"end":{"line":793,"column":17}},"299":{"start":{"line":792,"column":18},"end":{"line":792,"column":64}},"300":{"start":{"line":799,"column":35},"end":{"line":799,"column":77}},"301":{"start":{"line":800,"column":27},"end":{"line":800,"column":97}},"302":{"start":{"line":803,"column":40},"end":{"line":803,"column":74}},"303":{"start":{"line":804,"column":10},"end":{"line":804,"column":63}},"304":{"start":{"line":806,"column":10},"end":{"line":808,"column":11}},"305":{"start":{"line":807,"column":12},"end":{"line":807,"column":88}},"306":{"start":{"line":814,"column":8},"end":{"line":839,"column":9}},"307":{"start":{"line":816,"column":10},"end":{"line":826,"column":25}},"308":{"start":{"line":818,"column":31},"end":{"line":818,"column":73}},"309":{"start":{"line":819,"column":14},"end":{"line":824,"column":15}},"310":{"start":{"line":820,"column":16},"end":{"line":820,"column":48}},"311":{"start":{"line":821,"column":16},"end":{"line":823,"column":17}},"312":{"start":{"line":822,"column":18},"end":{"line":822,"column":64}},"313":{"start":{"line":829,"column":35},"end":{"line":829,"column":66}},"314":{"start":{"line":830,"column":27},"end":{"line":830,"column":86}},"315":{"start":{"line":833,"column":40},"end":{"line":833,"column":74}},"316":{"start":{"line":834,"column":10},"end":{"line":834,"column":63}},"317":{"start":{"line":836,"column":10},"end":{"line":838,"column":11}},"318":{"start":{"line":837,"column":12},"end":{"line":837,"column":92}},"319":{"start":{"line":843,"column":4},"end":{"line":845,"column":5}},"320":{"start":{"line":844,"column":6},"end":{"line":844,"column":57}},"321":{"start":{"line":848,"column":2},"end":{"line":851,"column":4}},"322":{"start":{"line":861,"column":2},"end":{"line":863,"column":3}},"323":{"start":{"line":862,"column":4},"end":{"line":862,"column":24}},"324":{"start":{"line":865,"column":2},"end":{"line":915,"column":3}},"325":{"start":{"line":868,"column":4},"end":{"line":887,"column":5}},"326":{"start":{"line":870,"column":24},"end":{"line":870,"column":49}},"327":{"start":{"line":871,"column":6},"end":{"line":873,"column":7}},"328":{"start":{"line":872,"column":8},"end":{"line":872,"column":28}},"329":{"start":{"line":876,"column":25},"end":{"line":876,"column":65}},"330":{"start":{"line":877,"column":24},"end":{"line":877,"column":61}},"331":{"start":{"line":879,"column":24},"end":{"line":884,"column":3}},"332":{"start":{"line":886,"column":6},"end":{"line":886,"column":48}},"333":{"start":{"line":890,"column":4},"end":{"line":907,"column":5}},"334":{"start":{"line":891,"column":24},"end":{"line":891,"column":49}},"335":{"start":{"line":892,"column":6},"end":{"line":894,"column":7}},"336":{"start":{"line":893,"column":8},"end":{"line":893,"column":28}},"337":{"start":{"line":896,"column":25},"end":{"line":896,"column":65}},"338":{"start":{"line":897,"column":24},"end":{"line":897,"column":61}},"339":{"start":{"line":899,"column":24},"end":{"line":904,"column":3}},"340":{"start":{"line":906,"column":6},"end":{"line":906,"column":48}},"341":{"start":{"line":909,"column":4},"end":{"line":909,"column":24}},"342":{"start":{"line":911,"column":4},"end":{"line":913,"column":5}},"343":{"start":{"line":912,"column":6},"end":{"line":912,"column":74}},"344":{"start":{"line":914,"column":4},"end":{"line":914,"column":24}},"345":{"start":{"line":924,"column":2},"end":{"line":942,"column":3}},"346":{"start":{"line":926,"column":4},"end":{"line":926,"column":23}},"347":{"start":{"line":927,"column":9},"end":{"line":942,"column":3}},"348":{"start":{"line":929,"column":4},"end":{"line":941,"column":5}},"349":{"start":{"line":930,"column":27},"end":{"line":930,"column":47}},"350":{"start":{"line":933,"column":31},"end":{"line":933,"column":367}},"351":{"start":{"line":935,"column":6},"end":{"line":938,"column":7}},"352":{"start":{"line":937,"column":8},"end":{"line":937,"column":20}},"353":{"start":{"line":940,"column":6},"end":{"line":940,"column":26}},"354":{"start":{"line":943,"column":2},"end":{"line":943,"column":14}},"355":{"start":{"line":952,"column":2},"end":{"line":1130,"column":3}},"356":{"start":{"line":953,"column":16},"end":{"line":957,"column":6}},"357":{"start":{"line":959,"column":24},"end":{"line":959,"column":26}},"358":{"start":{"line":961,"column":4},"end":{"line":1124,"column":7}},"359":{"start":{"line":963,"column":25},"end":{"line":963,"column":62}},"360":{"start":{"line":965,"column":8},"end":{"line":1000,"column":9}},"361":{"start":{"line":967,"column":10},"end":{"line":972,"column":11}},"362":{"start":{"line":968,"column":12},"end":{"line":970,"column":13}},"363":{"start":{"line":969,"column":14},"end":{"line":969,"column":90}},"364":{"start":{"line":971,"column":12},"end":{"line":971,"column":19}},"365":{"start":{"line":975,"column":23},"end":{"line":975,"column":68}},"366":{"start":{"line":978,"column":33},"end":{"line":978,"column":69}},"367":{"start":{"line":978,"column":51},"end":{"line":978,"column":68}},"368":{"start":{"line":980,"column":12},"end":{"line":999,"column":13}},"369":{"start":{"line":982,"column":14},"end":{"line":988,"column":15}},"370":{"start":{"line":984,"column":16},"end":{"line":984,"column":58}},"371":{"start":{"line":987,"column":16},"end":{"line":987,"column":49}},"372":{"start":{"line":991,"column":14},"end":{"line":998,"column":15}},"373":{"start":{"line":992,"column":16},"end":{"line":997,"column":19}},"374":{"start":{"line":1005,"column":8},"end":{"line":1030,"column":9}},"375":{"start":{"line":1006,"column":27},"end":{"line":1006,"column":70}},"376":{"start":{"line":1008,"column":10},"end":{"line":1029,"column":11}},"377":{"start":{"line":1010,"column":12},"end":{"line":1015,"column":13}},"378":{"start":{"line":1011,"column":14},"end":{"line":1013,"column":15}},"379":{"start":{"line":1012,"column":16},"end":{"line":1012,"column":102}},"380":{"start":{"line":1014,"column":14},"end":{"line":1014,"column":21}},"381":{"start":{"line":1017,"column":25},"end":{"line":1017,"column":76}},"382":{"start":{"line":1018,"column":33},"end":{"line":1018,"column":69}},"383":{"start":{"line":1018,"column":51},"end":{"line":1018,"column":68}},"384":{"start":{"line":1020,"column":12},"end":{"line":1028,"column":13}},"385":{"start":{"line":1021,"column":37},"end":{"line":1021,"column":63}},"386":{"start":{"line":1022,"column":14},"end":{"line":1027,"column":17}},"387":{"start":{"line":1035,"column":8},"end":{"line":1062,"column":11}},"388":{"start":{"line":1036,"column":10},"end":{"line":1061,"column":11}},"389":{"start":{"line":1037,"column":29},"end":{"line":1037,"column":64}},"390":{"start":{"line":1039,"column":12},"end":{"line":1060,"column":13}},"391":{"start":{"line":1041,"column":14},"end":{"line":1046,"column":15}},"392":{"start":{"line":1042,"column":16},"end":{"line":1044,"column":17}},"393":{"start":{"line":1043,"column":18},"end":{"line":1043,"column":94}},"394":{"start":{"line":1045,"column":16},"end":{"line":1045,"column":23}},"395":{"start":{"line":1048,"column":27},"end":{"line":1048,"column":70}},"396":{"start":{"line":1049,"column":35},"end":{"line":1049,"column":71}},"397":{"start":{"line":1049,"column":53},"end":{"line":1049,"column":70}},"398":{"start":{"line":1051,"column":14},"end":{"line":1059,"column":15}},"399":{"start":{"line":1052,"column":39},"end":{"line":1052,"column":57}},"400":{"start":{"line":1053,"column":16},"end":{"line":1058,"column":19}},"401":{"start":{"line":1067,"column":8},"end":{"line":1092,"column":9}},"402":{"start":{"line":1068,"column":27},"end":{"line":1068,"column":70}},"403":{"start":{"line":1070,"column":10},"end":{"line":1091,"column":11}},"404":{"start":{"line":1072,"column":12},"end":{"line":1077,"column":13}},"405":{"start":{"line":1073,"column":14},"end":{"line":1075,"column":15}},"406":{"start":{"line":1074,"column":16},"end":{"line":1074,"column":100}},"407":{"start":{"line":1076,"column":14},"end":{"line":1076,"column":21}},"408":{"start":{"line":1079,"column":25},"end":{"line":1079,"column":76}},"409":{"start":{"line":1080,"column":33},"end":{"line":1080,"column":69}},"410":{"start":{"line":1080,"column":51},"end":{"line":1080,"column":68}},"411":{"start":{"line":1082,"column":12},"end":{"line":1090,"column":13}},"412":{"start":{"line":1083,"column":37},"end":{"line":1083,"column":63}},"413":{"start":{"line":1084,"column":14},"end":{"line":1089,"column":17}},"414":{"start":{"line":1097,"column":8},"end":{"line":1122,"column":9}},"415":{"start":{"line":1098,"column":27},"end":{"line":1098,"column":69}},"416":{"start":{"line":1100,"column":10},"end":{"line":1121,"column":11}},"417":{"start":{"line":1102,"column":12},"end":{"line":1107,"column":13}},"418":{"start":{"line":1103,"column":14},"end":{"line":1105,"column":15}},"419":{"start":{"line":1104,"column":16},"end":{"line":1104,"column":99}},"420":{"start":{"line":1106,"column":14},"end":{"line":1106,"column":21}},"421":{"start":{"line":1109,"column":25},"end":{"line":1109,"column":75}},"422":{"start":{"line":1110,"column":33},"end":{"line":1110,"column":69}},"423":{"start":{"line":1110,"column":51},"end":{"line":1110,"column":68}},"424":{"start":{"line":1112,"column":12},"end":{"line":1120,"column":13}},"425":{"start":{"line":1113,"column":37},"end":{"line":1113,"column":62}},"426":{"start":{"line":1114,"column":14},"end":{"line":1119,"column":17}},"427":{"start":{"line":1126,"column":4},"end":{"line":1126,"column":23}},"428":{"start":{"line":1128,"column":4},"end":{"line":1128,"column":46}},"429":{"start":{"line":1129,"column":4},"end":{"line":1129,"column":14}},"430":{"start":{"line":1141,"column":17},"end":{"line":1196,"column":1}},"431":{"start":{"line":1199,"column":33},"end":{"line":1199,"column":72}},"432":{"start":{"line":1200,"column":2},"end":{"line":1224,"column":3}},"433":{"start":{"line":1201,"column":4},"end":{"line":1201,"column":39}},"434":{"start":{"line":1204,"column":36},"end":{"line":1204,"column":45}},"435":{"start":{"line":1206,"column":4},"end":{"line":1216,"column":7}},"436":{"start":{"line":1208,"column":22},"end":{"line":1208,"column":84}},"437":{"start":{"line":1209,"column":6},"end":{"line":1215,"column":7}},"438":{"start":{"line":1210,"column":8},"end":{"line":1213,"column":2}},"439":{"start":{"line":1214,"column":8},"end":{"line":1214,"column":45}},"440":{"start":{"line":1218,"column":4},"end":{"line":1218,"column":21}},"441":{"start":{"line":1221,"column":4},"end":{"line":1223,"column":5}},"442":{"start":{"line":1222,"column":6},"end":{"line":1222,"column":103}},"443":{"start":{"line":1227,"column":2},"end":{"line":1234,"column":5}},"444":{"start":{"line":1229,"column":20},"end":{"line":1229,"column":24}},"445":{"start":{"line":1230,"column":4},"end":{"line":1232,"column":5}},"446":{"start":{"line":1231,"column":6},"end":{"line":1231,"column":64}},"447":{"start":{"line":1233,"column":4},"end":{"line":1233,"column":33}},"448":{"start":{"line":1237,"column":2},"end":{"line":1285,"column":2}},"449":{"start":{"line":1245,"column":34},"end":{"line":1245,"column":74}},"450":{"start":{"line":1246,"column":23},"end":{"line":1246,"column":48}},"451":{"start":{"line":1248,"column":4},"end":{"line":1260,"column":4}},"452":{"start":{"line":1287,"column":2},"end":{"line":1287,"column":18}},"453":{"start":{"line":1300,"column":2},"end":{"line":1302,"column":3}},"454":{"start":{"line":1301,"column":4},"end":{"line":1301,"column":16}},"455":{"start":{"line":1304,"column":2},"end":{"line":1381,"column":3}},"456":{"start":{"line":1305,"column":16},"end":{"line":1309,"column":6}},"457":{"start":{"line":1311,"column":23},"end":{"line":1311,"column":24}},"458":{"start":{"line":1313,"column":4},"end":{"line":1370,"column":7}},"459":{"start":{"line":1315,"column":8},"end":{"line":1368,"column":9}},"460":{"start":{"line":1316,"column":27},"end":{"line":1316,"column":48}},"461":{"start":{"line":1319,"column":10},"end":{"line":1321,"column":11}},"462":{"start":{"line":1320,"column":12},"end":{"line":1320,"column":19}},"463":{"start":{"line":1324,"column":10},"end":{"line":1367,"column":11}},"464":{"start":{"line":1326,"column":12},"end":{"line":1332,"column":13}},"465":{"start":{"line":1328,"column":14},"end":{"line":1328,"column":56}},"466":{"start":{"line":1331,"column":14},"end":{"line":1331,"column":47}},"467":{"start":{"line":1335,"column":12},"end":{"line":1366,"column":13}},"468":{"start":{"line":1336,"column":14},"end":{"line":1365,"column":15}},"469":{"start":{"line":1337,"column":31},"end":{"line":1337,"column":68}},"470":{"start":{"line":1341,"column":16},"end":{"line":1357,"column":17}},"471":{"start":{"line":1342,"column":18},"end":{"line":1342,"column":60}},"472":{"start":{"line":1343,"column":23},"end":{"line":1357,"column":17}},"473":{"start":{"line":1344,"column":18},"end":{"line":1344,"column":61}},"474":{"start":{"line":1345,"column":23},"end":{"line":1357,"column":17}},"475":{"start":{"line":1346,"column":18},"end":{"line":1346,"column":61}},"476":{"start":{"line":1347,"column":23},"end":{"line":1357,"column":17}},"477":{"start":{"line":1348,"column":18},"end":{"line":1348,"column":52}},"478":{"start":{"line":1349,"column":23},"end":{"line":1357,"column":17}},"479":{"start":{"line":1350,"column":18},"end":{"line":1350,"column":62}},"480":{"start":{"line":1353,"column":18},"end":{"line":1355,"column":19}},"481":{"start":{"line":1354,"column":20},"end":{"line":1354,"column":86}},"482":{"start":{"line":1356,"column":18},"end":{"line":1356,"column":25}},"483":{"start":{"line":1359,"column":16},"end":{"line":1359,"column":50}},"484":{"start":{"line":1360,"column":16},"end":{"line":1360,"column":31}},"485":{"start":{"line":1362,"column":16},"end":{"line":1364,"column":17}},"486":{"start":{"line":1363,"column":18},"end":{"line":1363,"column":87}},"487":{"start":{"line":1372,"column":4},"end":{"line":1374,"column":5}},"488":{"start":{"line":1373,"column":6},"end":{"line":1373,"column":56}},"489":{"start":{"line":1376,"column":30},"end":{"line":1376,"column":43}},"490":{"start":{"line":1377,"column":4},"end":{"line":1377,"column":19}},"491":{"start":{"line":1379,"column":4},"end":{"line":1379,"column":45}},"492":{"start":{"line":1380,"column":4},"end":{"line":1380,"column":16}},"493":{"start":{"line":1392,"column":29},"end":{"line":1392,"column":38}},"494":{"start":{"line":1393,"column":38},"end":{"line":1393,"column":47}},"495":{"start":{"line":1395,"column":2},"end":{"line":1586,"column":3}},"496":{"start":{"line":1396,"column":16},"end":{"line":1400,"column":6}},"497":{"start":{"line":1403,"column":25},"end":{"line":1403,"column":34}},"498":{"start":{"line":1404,"column":31},"end":{"line":1404,"column":40}},"499":{"start":{"line":1405,"column":30},"end":{"line":1405,"column":39}},"500":{"start":{"line":1408,"column":4},"end":{"line":1464,"column":7}},"501":{"start":{"line":1410,"column":8},"end":{"line":1412,"column":9}},"502":{"start":{"line":1411,"column":10},"end":{"line":1411,"column":63}},"503":{"start":{"line":1415,"column":8},"end":{"line":1417,"column":9}},"504":{"start":{"line":1416,"column":10},"end":{"line":1416,"column":63}},"505":{"start":{"line":1421,"column":8},"end":{"line":1443,"column":9}},"506":{"start":{"line":1427,"column":35},"end":{"line":1427,"column":63}},"507":{"start":{"line":1428,"column":10},"end":{"line":1428,"column":50}},"508":{"start":{"line":1429,"column":10},"end":{"line":1431,"column":11}},"509":{"start":{"line":1430,"column":12},"end":{"line":1430,"column":68}},"510":{"start":{"line":1434,"column":13},"end":{"line":1443,"column":9}},"511":{"start":{"line":1438,"column":35},"end":{"line":1438,"column":63}},"512":{"start":{"line":1439,"column":10},"end":{"line":1439,"column":50}},"513":{"start":{"line":1440,"column":10},"end":{"line":1442,"column":11}},"514":{"start":{"line":1441,"column":12},"end":{"line":1441,"column":67}},"515":{"start":{"line":1447,"column":8},"end":{"line":1462,"column":9}},"516":{"start":{"line":1454,"column":10},"end":{"line":1461,"column":11}},"517":{"start":{"line":1456,"column":37},"end":{"line":1456,"column":57}},"518":{"start":{"line":1457,"column":12},"end":{"line":1457,"column":52}},"519":{"start":{"line":1458,"column":12},"end":{"line":1460,"column":13}},"520":{"start":{"line":1459,"column":14},"end":{"line":1459,"column":78}},"521":{"start":{"line":1467,"column":4},"end":{"line":1492,"column":7}},"522":{"start":{"line":1469,"column":25},"end":{"line":1469,"column":43}},"523":{"start":{"line":1470,"column":8},"end":{"line":1473,"column":9}},"524":{"start":{"line":1471,"column":10},"end":{"line":1471,"column":37}},"525":{"start":{"line":1472,"column":10},"end":{"line":1472,"column":46}},"526":{"start":{"line":1477,"column":8},"end":{"line":1483,"column":9}},"527":{"start":{"line":1478,"column":27},"end":{"line":1478,"column":45}},"528":{"start":{"line":1479,"column":10},"end":{"line":1482,"column":11}},"529":{"start":{"line":1480,"column":12},"end":{"line":1480,"column":39}},"530":{"start":{"line":1481,"column":12},"end":{"line":1481,"column":48}},"531":{"start":{"line":1487,"column":25},"end":{"line":1487,"column":62}},"532":{"start":{"line":1488,"column":8},"end":{"line":1490,"column":9}},"533":{"start":{"line":1489,"column":10},"end":{"line":1489,"column":88}},"534":{"start":{"line":1495,"column":4},"end":{"line":1517,"column":5}},"535":{"start":{"line":1497,"column":6},"end":{"line":1502,"column":7}},"536":{"start":{"line":1498,"column":8},"end":{"line":1500,"column":9}},"537":{"start":{"line":1499,"column":10},"end":{"line":1499,"column":55}},"538":{"start":{"line":1501,"column":8},"end":{"line":1501,"column":17}},"539":{"start":{"line":1505,"column":38},"end":{"line":1505,"column":90}},"540":{"start":{"line":1505,"column":63},"end":{"line":1505,"column":89}},"541":{"start":{"line":1508,"column":29},"end":{"line":1508,"column":66}},"542":{"start":{"line":1511,"column":6},"end":{"line":1516,"column":7}},"543":{"start":{"line":1511,"column":82},"end":{"line":1511,"column":108}},"544":{"start":{"line":1512,"column":8},"end":{"line":1512,"column":41}},"545":{"start":{"line":1513,"column":8},"end":{"line":1515,"column":9}},"546":{"start":{"line":1514,"column":10},"end":{"line":1514,"column":81}},"547":{"start":{"line":1521,"column":25},"end":{"line":1521,"column":30}},"548":{"start":{"line":1522,"column":27},"end":{"line":1522,"column":29}},"549":{"start":{"line":1525,"column":4},"end":{"line":1540,"column":7}},"550":{"start":{"line":1527,"column":8},"end":{"line":1538,"column":9}},"551":{"start":{"line":1528,"column":10},"end":{"line":1537,"column":11}},"552":{"start":{"line":1529,"column":12},"end":{"line":1529,"column":34}},"553":{"start":{"line":1531,"column":12},"end":{"line":1536,"column":13}},"554":{"start":{"line":1532,"column":14},"end":{"line":1532,"column":58}},"555":{"start":{"line":1533,"column":14},"end":{"line":1535,"column":15}},"556":{"start":{"line":1534,"column":16},"end":{"line":1534,"column":79}},"557":{"start":{"line":1542,"column":4},"end":{"line":1551,"column":5}},"558":{"start":{"line":1544,"column":6},"end":{"line":1546,"column":7}},"559":{"start":{"line":1545,"column":8},"end":{"line":1545,"column":57}},"560":{"start":{"line":1547,"column":6},"end":{"line":1550,"column":8}},"561":{"start":{"line":1554,"column":4},"end":{"line":1580,"column":7}},"562":{"start":{"line":1556,"column":8},"end":{"line":1578,"column":9}},"563":{"start":{"line":1559,"column":40},"end":{"line":1559,"column":64}},"564":{"start":{"line":1560,"column":39},"end":{"line":1560,"column":124}},"565":{"start":{"line":1563,"column":10},"end":{"line":1577,"column":11}},"566":{"start":{"line":1564,"column":42},"end":{"line":1564,"column":77}},"567":{"start":{"line":1566,"column":12},"end":{"line":1576,"column":13}},"568":{"start":{"line":1568,"column":14},"end":{"line":1568,"column":68}},"569":{"start":{"line":1569,"column":14},"end":{"line":1571,"column":15}},"570":{"start":{"line":1570,"column":16},"end":{"line":1570,"column":140}},"571":{"start":{"line":1573,"column":14},"end":{"line":1575,"column":15}},"572":{"start":{"line":1574,"column":16},"end":{"line":1574,"column":90}},"573":{"start":{"line":1583,"column":4},"end":{"line":1585,"column":5}},"574":{"start":{"line":1584,"column":6},"end":{"line":1584,"column":53}},"575":{"start":{"line":1588,"column":2},"end":{"line":1591,"column":4}},"576":{"start":{"line":1602,"column":93},"end":{"line":1602,"column":104}},"577":{"start":{"line":1604,"column":2},"end":{"line":1606,"column":3}},"578":{"start":{"line":1605,"column":4},"end":{"line":1605,"column":16}},"579":{"start":{"line":1608,"column":2},"end":{"line":1852,"column":3}},"580":{"start":{"line":1610,"column":16},"end":{"line":1614,"column":6}},"581":{"start":{"line":1617,"column":28},"end":{"line":1617,"column":37}},"582":{"start":{"line":1618,"column":25},"end":{"line":1618,"column":34}},"583":{"start":{"line":1621,"column":4},"end":{"line":1638,"column":7}},"584":{"start":{"line":1623,"column":25},"end":{"line":1623,"column":43}},"585":{"start":{"line":1624,"column":8},"end":{"line":1627,"column":9}},"586":{"start":{"line":1625,"column":10},"end":{"line":1625,"column":37}},"587":{"start":{"line":1626,"column":10},"end":{"line":1626,"column":51}},"588":{"start":{"line":1630,"column":8},"end":{"line":1636,"column":9}},"589":{"start":{"line":1631,"column":27},"end":{"line":1631,"column":45}},"590":{"start":{"line":1632,"column":10},"end":{"line":1635,"column":11}},"591":{"start":{"line":1633,"column":12},"end":{"line":1633,"column":39}},"592":{"start":{"line":1634,"column":12},"end":{"line":1634,"column":53}},"593":{"start":{"line":1641,"column":4},"end":{"line":1658,"column":7}},"594":{"start":{"line":1643,"column":23},"end":{"line":1646,"column":9}},"595":{"start":{"line":1644,"column":10},"end":{"line":1645,"column":82}},"596":{"start":{"line":1648,"column":27},"end":{"line":1650,"column":72}},"597":{"start":{"line":1652,"column":27},"end":{"line":1652,"column":64}},"598":{"start":{"line":1654,"column":8},"end":{"line":1656,"column":9}},"599":{"start":{"line":1655,"column":10},"end":{"line":1655,"column":59}},"600":{"start":{"line":1661,"column":31},"end":{"line":1661,"column":32}},"601":{"start":{"line":1662,"column":40},"end":{"line":1662,"column":41}},"602":{"start":{"line":1665,"column":4},"end":{"line":1690,"column":5}},"603":{"start":{"line":1666,"column":6},"end":{"line":1689,"column":9}},"604":{"start":{"line":1668,"column":10},"end":{"line":1687,"column":11}},"605":{"start":{"line":1671,"column":42},"end":{"line":1671,"column":66}},"606":{"start":{"line":1672,"column":41},"end":{"line":1672,"column":126}},"607":{"start":{"line":1674,"column":12},"end":{"line":1686,"column":13}},"608":{"start":{"line":1675,"column":14},"end":{"line":1680,"column":15}},"609":{"start":{"line":1676,"column":38},"end":{"line":1676,"column":145}},"610":{"start":{"line":1677,"column":16},"end":{"line":1677,"column":83}},"611":{"start":{"line":1679,"column":16},"end":{"line":1679,"column":30}},"612":{"start":{"line":1681,"column":14},"end":{"line":1681,"column":46}},"613":{"start":{"line":1683,"column":14},"end":{"line":1685,"column":15}},"614":{"start":{"line":1684,"column":16},"end":{"line":1684,"column":134}},"615":{"start":{"line":1693,"column":24},"end":{"line":1693,"column":51}},"616":{"start":{"line":1696,"column":31},"end":{"line":1696,"column":40}},"617":{"start":{"line":1697,"column":27},"end":{"line":1697,"column":35}},"618":{"start":{"line":1700,"column":4},"end":{"line":1708,"column":7}},"619":{"start":{"line":1702,"column":8},"end":{"line":1706,"column":9}},"620":{"start":{"line":1703,"column":10},"end":{"line":1705,"column":11}},"621":{"start":{"line":1704,"column":12},"end":{"line":1704,"column":56}},"622":{"start":{"line":1711,"column":4},"end":{"line":1775,"column":7}},"623":{"start":{"line":1713,"column":25},"end":{"line":1713,"column":62}},"624":{"start":{"line":1714,"column":8},"end":{"line":1773,"column":9}},"625":{"start":{"line":1716,"column":28},"end":{"line":1716,"column":33}},"626":{"start":{"line":1717,"column":24},"end":{"line":1717,"column":28}},"627":{"start":{"line":1719,"column":10},"end":{"line":1745,"column":11}},"628":{"start":{"line":1721,"column":12},"end":{"line":1725,"column":13}},"629":{"start":{"line":1723,"column":14},"end":{"line":1723,"column":33}},"630":{"start":{"line":1724,"column":14},"end":{"line":1724,"column":20}},"631":{"start":{"line":1728,"column":12},"end":{"line":1731,"column":13}},"632":{"start":{"line":1729,"column":14},"end":{"line":1729,"column":33}},"633":{"start":{"line":1730,"column":14},"end":{"line":1730,"column":20}},"634":{"start":{"line":1734,"column":12},"end":{"line":1739,"column":13}},"635":{"start":{"line":1737,"column":14},"end":{"line":1737,"column":33}},"636":{"start":{"line":1738,"column":14},"end":{"line":1738,"column":20}},"637":{"start":{"line":1742,"column":12},"end":{"line":1744,"column":13}},"638":{"start":{"line":1743,"column":14},"end":{"line":1743,"column":20}},"639":{"start":{"line":1747,"column":10},"end":{"line":1772,"column":11}},"640":{"start":{"line":1748,"column":12},"end":{"line":1748,"column":45}},"641":{"start":{"line":1751,"column":28},"end":{"line":1751,"column":37}},"642":{"start":{"line":1752,"column":26},"end":{"line":1752,"column":36}},"643":{"start":{"line":1754,"column":12},"end":{"line":1771,"column":13}},"644":{"start":{"line":1755,"column":30},"end":{"line":1755,"column":41}},"645":{"start":{"line":1756,"column":14},"end":{"line":1770,"column":15}},"646":{"start":{"line":1757,"column":16},"end":{"line":1757,"column":37}},"647":{"start":{"line":1760,"column":16},"end":{"line":1764,"column":17}},"648":{"start":{"line":1761,"column":18},"end":{"line":1763,"column":19}},"649":{"start":{"line":1762,"column":20},"end":{"line":1762,"column":39}},"650":{"start":{"line":1767,"column":16},"end":{"line":1769,"column":17}},"651":{"start":{"line":1768,"column":18},"end":{"line":1768,"column":34}},"652":{"start":{"line":1778,"column":4},"end":{"line":1800,"column":5}},"653":{"start":{"line":1779,"column":6},"end":{"line":1779,"column":31}},"654":{"start":{"line":1782,"column":22},"end":{"line":1782,"column":31}},"655":{"start":{"line":1783,"column":20},"end":{"line":1783,"column":26}},"656":{"start":{"line":1785,"column":6},"end":{"line":1795,"column":7}},"657":{"start":{"line":1786,"column":24},"end":{"line":1786,"column":35}},"658":{"start":{"line":1787,"column":8},"end":{"line":1794,"column":9}},"659":{"start":{"line":1788,"column":10},"end":{"line":1788,"column":31}},"660":{"start":{"line":1789,"column":10},"end":{"line":1789,"column":38}},"661":{"start":{"line":1791,"column":10},"end":{"line":1793,"column":11}},"662":{"start":{"line":1792,"column":12},"end":{"line":1792,"column":28}},"663":{"start":{"line":1797,"column":6},"end":{"line":1799,"column":7}},"664":{"start":{"line":1798,"column":8},"end":{"line":1798,"column":51}},"665":{"start":{"line":1803,"column":4},"end":{"line":1841,"column":7}},"666":{"start":{"line":1805,"column":25},"end":{"line":1805,"column":43}},"667":{"start":{"line":1806,"column":8},"end":{"line":1819,"column":9}},"668":{"start":{"line":1807,"column":10},"end":{"line":1813,"column":11}},"669":{"start":{"line":1808,"column":33},"end":{"line":1808,"column":57}},"670":{"start":{"line":1809,"column":34},"end":{"line":1809,"column":139}},"671":{"start":{"line":1810,"column":12},"end":{"line":1810,"column":79}},"672":{"start":{"line":1812,"column":12},"end":{"line":1812,"column":26}},"673":{"start":{"line":1814,"column":10},"end":{"line":1814,"column":33}},"674":{"start":{"line":1816,"column":10},"end":{"line":1818,"column":11}},"675":{"start":{"line":1817,"column":12},"end":{"line":1817,"column":92}},"676":{"start":{"line":1823,"column":8},"end":{"line":1839,"column":9}},"677":{"start":{"line":1824,"column":27},"end":{"line":1824,"column":45}},"678":{"start":{"line":1825,"column":10},"end":{"line":1838,"column":11}},"679":{"start":{"line":1826,"column":12},"end":{"line":1832,"column":13}},"680":{"start":{"line":1827,"column":35},"end":{"line":1827,"column":59}},"681":{"start":{"line":1828,"column":36},"end":{"line":1828,"column":144}},"682":{"start":{"line":1829,"column":14},"end":{"line":1829,"column":81}},"683":{"start":{"line":1831,"column":14},"end":{"line":1831,"column":28}},"684":{"start":{"line":1833,"column":12},"end":{"line":1833,"column":35}},"685":{"start":{"line":1835,"column":12},"end":{"line":1837,"column":13}},"686":{"start":{"line":1836,"column":14},"end":{"line":1836,"column":97}},"687":{"start":{"line":1843,"column":4},"end":{"line":1845,"column":5}},"688":{"start":{"line":1844,"column":6},"end":{"line":1844,"column":144}},"689":{"start":{"line":1847,"column":30},"end":{"line":1847,"column":43}},"690":{"start":{"line":1848,"column":4},"end":{"line":1848,"column":19}},"691":{"start":{"line":1850,"column":4},"end":{"line":1850,"column":46}},"692":{"start":{"line":1851,"column":4},"end":{"line":1851,"column":16}},"693":{"start":{"line":1861,"column":2},"end":{"line":1864,"column":3}},"694":{"start":{"line":1862,"column":4},"end":{"line":1862,"column":37}},"695":{"start":{"line":1863,"column":4},"end":{"line":1863,"column":11}},"696":{"start":{"line":1866,"column":2},"end":{"line":1866,"column":38}},"697":{"start":{"line":1867,"column":20},"end":{"line":1867,"column":22}},"698":{"start":{"line":1869,"column":2},"end":{"line":1886,"column":5}},"699":{"start":{"line":1870,"column":21},"end":{"line":1870,"column":44}},"700":{"start":{"line":1871,"column":4},"end":{"line":1873,"column":5}},"701":{"start":{"line":1872,"column":6},"end":{"line":1872,"column":66}},"702":{"start":{"line":1875,"column":4},"end":{"line":1885,"column":5}},"703":{"start":{"line":1876,"column":6},"end":{"line":1876,"column":34}},"704":{"start":{"line":1877,"column":6},"end":{"line":1877,"column":60}},"705":{"start":{"line":1879,"column":6},"end":{"line":1879,"column":36}},"706":{"start":{"line":1880,"column":6},"end":{"line":1880,"column":52}},"707":{"start":{"line":1882,"column":6},"end":{"line":1884,"column":7}},"708":{"start":{"line":1883,"column":8},"end":{"line":1883,"column":79}},"709":{"start":{"line":1889,"column":2},"end":{"line":1904,"column":5}},"710":{"start":{"line":1890,"column":4},"end":{"line":1890,"column":38}},"711":{"start":{"line":1891,"column":4},"end":{"line":1891,"column":50}},"712":{"start":{"line":1892,"column":4},"end":{"line":1892,"column":48}},"713":{"start":{"line":1895,"column":4},"end":{"line":1903,"column":5}},"714":{"start":{"line":1896,"column":28},"end":{"line":1896,"column":83}},"715":{"start":{"line":1896,"column":63},"end":{"line":1896,"column":80}},"716":{"start":{"line":1897,"column":6},"end":{"line":1902,"column":7}},"717":{"start":{"line":1898,"column":8},"end":{"line":1898,"column":47}},"718":{"start":{"line":1899,"column":8},"end":{"line":1901,"column":11}},"719":{"start":{"line":1900,"column":10},"end":{"line":1900,"column":60}},"720":{"start":{"line":1907,"column":2},"end":{"line":1907,"column":83}},"721":{"start":{"line":1908,"column":2},"end":{"line":1913,"column":3}},"722":{"start":{"line":1909,"column":4},"end":{"line":1909,"column":43}},"723":{"start":{"line":1910,"column":4},"end":{"line":1910,"column":34}},"724":{"start":{"line":1911,"column":4},"end":{"line":1911,"column":34}},"725":{"start":{"line":1912,"column":4},"end":{"line":1912,"column":35}},"726":{"start":{"line":1922,"column":2},"end":{"line":1937,"column":3}},"727":{"start":{"line":1923,"column":22},"end":{"line":1931,"column":5}},"728":{"start":{"line":1928,"column":48},"end":{"line":1928,"column":59}},"729":{"start":{"line":1929,"column":44},"end":{"line":1929,"column":54}},"730":{"start":{"line":1933,"column":4},"end":{"line":1933,"column":78}},"731":{"start":{"line":1934,"column":4},"end":{"line":1934,"column":48}},"732":{"start":{"line":1936,"column":4},"end":{"line":1936,"column":53}},"733":{"start":{"line":1945,"column":18},"end":{"line":1974,"column":3}},"734":{"start":{"line":1947,"column":6},"end":{"line":1947,"column":67}},"735":{"start":{"line":1947,"column":26},"end":{"line":1947,"column":67}},"736":{"start":{"line":1948,"column":6},"end":{"line":1948,"column":18}},"737":{"start":{"line":1955,"column":17},"end":{"line":1955,"column":30}},"738":{"start":{"line":1956,"column":22},"end":{"line":1956,"column":85}},"739":{"start":{"line":1960,"column":6},"end":{"line":1965,"column":7}},"740":{"start":{"line":1961,"column":8},"end":{"line":1961,"column":46}},"741":{"start":{"line":1963,"column":8},"end":{"line":1963,"column":68}},"742":{"start":{"line":1963,"column":28},"end":{"line":1963,"column":68}},"743":{"start":{"line":1964,"column":8},"end":{"line":1964,"column":25}},"744":{"start":{"line":1976,"column":2},"end":{"line":1976,"column":35}},"745":{"start":{"line":1983,"column":2},"end":{"line":1983,"column":44}},"746":{"start":{"line":1986,"column":2},"end":{"line":1986,"column":43}},"747":{"start":{"line":1987,"column":22},"end":{"line":1987,"column":48}},"748":{"start":{"line":1990,"column":2},"end":{"line":1990,"column":39}},"749":{"start":{"line":1991,"column":61},"end":{"line":1991,"column":102}},"750":{"start":{"line":1993,"column":2},"end":{"line":1996,"column":3}},"751":{"start":{"line":1994,"column":4},"end":{"line":1994,"column":46}},"752":{"start":{"line":1995,"column":4},"end":{"line":1995,"column":16}},"753":{"start":{"line":1998,"column":2},"end":{"line":1998,"column":96}},"754":{"start":{"line":2001,"column":2},"end":{"line":2001,"column":39}},"755":{"start":{"line":2002,"column":22},"end":{"line":2002,"column":63}},"756":{"start":{"line":2004,"column":2},"end":{"line":2034,"column":3}},"757":{"start":{"line":2005,"column":4},"end":{"line":2005,"column":41}},"758":{"start":{"line":2008,"column":4},"end":{"line":2031,"column":5}},"759":{"start":{"line":2009,"column":6},"end":{"line":2009,"column":42}},"760":{"start":{"line":2011,"column":23},"end":{"line":2015,"column":8}},"761":{"start":{"line":2017,"column":27},"end":{"line":2017,"column":28}},"762":{"start":{"line":2018,"column":6},"end":{"line":2029,"column":9}},"763":{"start":{"line":2020,"column":10},"end":{"line":2020,"column":27}},"764":{"start":{"line":2021,"column":27},"end":{"line":2021,"column":64}},"765":{"start":{"line":2022,"column":10},"end":{"line":2027,"column":11}},"766":{"start":{"line":2023,"column":12},"end":{"line":2023,"column":91}},"767":{"start":{"line":2024,"column":25},"end":{"line":2024,"column":70}},"768":{"start":{"line":2025,"column":12},"end":{"line":2025,"column":84}},"769":{"start":{"line":2025,"column":51},"end":{"line":2025,"column":68}},"770":{"start":{"line":2026,"column":12},"end":{"line":2026,"column":75}},"771":{"start":{"line":2026,"column":55},"end":{"line":2026,"column":70}},"772":{"start":{"line":2030,"column":6},"end":{"line":2030,"column":59}},"773":{"start":{"line":2033,"column":4},"end":{"line":2033,"column":16}},"774":{"start":{"line":2036,"column":2},"end":{"line":2036,"column":59}},"775":{"start":{"line":2038,"column":2},"end":{"line":2045,"column":3}},"776":{"start":{"line":2039,"column":4},"end":{"line":2039,"column":34}},"777":{"start":{"line":2040,"column":16},"end":{"line":2040,"column":17}},"778":{"start":{"line":2041,"column":4},"end":{"line":2044,"column":5}},"779":{"start":{"line":2042,"column":6},"end":{"line":2042,"column":31}},"780":{"start":{"line":2042,"column":25},"end":{"line":2042,"column":31}},"781":{"start":{"line":2043,"column":6},"end":{"line":2043,"column":48}},"782":{"start":{"line":2048,"column":2},"end":{"line":2048,"column":38}},"783":{"start":{"line":2051,"column":29},"end":{"line":2051,"column":66}},"784":{"start":{"line":2052,"column":2},"end":{"line":2054,"column":3}},"785":{"start":{"line":2053,"column":4},"end":{"line":2053,"column":66}},"786":{"start":{"line":2056,"column":19},"end":{"line":2056,"column":85}},"787":{"start":{"line":2059,"column":2},"end":{"line":2063,"column":3}},"788":{"start":{"line":2060,"column":4},"end":{"line":2060,"column":67}},"789":{"start":{"line":2061,"column":4},"end":{"line":2061,"column":54}},"790":{"start":{"line":2062,"column":4},"end":{"line":2062,"column":65}},"791":{"start":{"line":2066,"column":2},"end":{"line":2066,"column":47}},"792":{"start":{"line":2069,"column":24},"end":{"line":2069,"column":33}},"793":{"start":{"line":2070,"column":25},"end":{"line":2070,"column":27}},"794":{"start":{"line":2071,"column":24},"end":{"line":2071,"column":26}},"795":{"start":{"line":2074,"column":18},"end":{"line":2084,"column":4}},"796":{"start":{"line":2087,"column":22},"end":{"line":2087,"column":32}},"797":{"start":{"line":2088,"column":2},"end":{"line":2128,"column":3}},"798":{"start":{"line":2090,"column":29},"end":{"line":2090,"column":34}},"799":{"start":{"line":2091,"column":22},"end":{"line":2093,"column":24}},"800":{"start":{"line":2092,"column":6},"end":{"line":2092,"column":56}},"801":{"start":{"line":2096,"column":4},"end":{"line":2096,"column":39}},"802":{"start":{"line":2099,"column":4},"end":{"line":2099,"column":28}},"803":{"start":{"line":2102,"column":4},"end":{"line":2102,"column":38}},"804":{"start":{"line":2104,"column":26},"end":{"line":2104,"column":50}},"805":{"start":{"line":2105,"column":4},"end":{"line":2105,"column":57}},"806":{"start":{"line":2108,"column":26},"end":{"line":2108,"column":50}},"807":{"start":{"line":2109,"column":4},"end":{"line":2109,"column":79}},"808":{"start":{"line":2111,"column":4},"end":{"line":2125,"column":5}},"809":{"start":{"line":2112,"column":6},"end":{"line":2112,"column":47}},"810":{"start":{"line":2115,"column":6},"end":{"line":2124,"column":7}},"811":{"start":{"line":2116,"column":26},"end":{"line":2122,"column":9}},"812":{"start":{"line":2123,"column":8},"end":{"line":2123,"column":109}},"813":{"start":{"line":2127,"column":4},"end":{"line":2127,"column":16}},"814":{"start":{"line":2130,"column":2},"end":{"line":2130,"column":62}},"815":{"start":{"line":2133,"column":2},"end":{"line":2143,"column":3}},"816":{"start":{"line":2134,"column":4},"end":{"line":2134,"column":64}},"817":{"start":{"line":2137,"column":4},"end":{"line":2137,"column":63}},"818":{"start":{"line":2140,"column":4},"end":{"line":2142,"column":5}},"819":{"start":{"line":2141,"column":6},"end":{"line":2141,"column":55}},"820":{"start":{"line":2145,"column":2},"end":{"line":2161,"column":3}},"821":{"start":{"line":2146,"column":4},"end":{"line":2146,"column":39}},"822":{"start":{"line":2147,"column":4},"end":{"line":2147,"column":34}},"823":{"start":{"line":2148,"column":4},"end":{"line":2148,"column":35}},"824":{"start":{"line":2149,"column":4},"end":{"line":2149,"column":34}},"825":{"start":{"line":2151,"column":4},"end":{"line":2160,"column":5}},"826":{"start":{"line":2152,"column":6},"end":{"line":2152,"column":40}},"827":{"start":{"line":2154,"column":6},"end":{"line":2159,"column":7}},"828":{"start":{"line":2155,"column":8},"end":{"line":2155,"column":57}},"829":{"start":{"line":2156,"column":8},"end":{"line":2156,"column":41}},"830":{"start":{"line":2158,"column":8},"end":{"line":2158,"column":55}},"831":{"start":{"line":2163,"column":2},"end":{"line":2170,"column":3}},"832":{"start":{"line":2164,"column":4},"end":{"line":2164,"column":32}},"833":{"start":{"line":2165,"column":16},"end":{"line":2165,"column":17}},"834":{"start":{"line":2166,"column":4},"end":{"line":2169,"column":5}},"835":{"start":{"line":2167,"column":6},"end":{"line":2167,"column":31}},"836":{"start":{"line":2167,"column":25},"end":{"line":2167,"column":31}},"837":{"start":{"line":2168,"column":6},"end":{"line":2168,"column":66}},"838":{"start":{"line":2173,"column":2},"end":{"line":2173,"column":39}},"839":{"start":{"line":2174,"column":18},"end":{"line":2174,"column":83}},"840":{"start":{"line":2177,"column":2},"end":{"line":2197,"column":3}},"841":{"start":{"line":2178,"column":4},"end":{"line":2178,"column":43}},"842":{"start":{"line":2181,"column":24},"end":{"line":2181,"column":93}},"843":{"start":{"line":2183,"column":25},"end":{"line":2183,"column":89}},"844":{"start":{"line":2184,"column":4},"end":{"line":2196,"column":5}},"845":{"start":{"line":2185,"column":6},"end":{"line":2187,"column":7}},"846":{"start":{"line":2186,"column":8},"end":{"line":2186,"column":123}},"847":{"start":{"line":2188,"column":6},"end":{"line":2190,"column":7}},"848":{"start":{"line":2189,"column":8},"end":{"line":2189,"column":87}},"849":{"start":{"line":2193,"column":6},"end":{"line":2193,"column":93}},"850":{"start":{"line":2195,"column":6},"end":{"line":2195,"column":41}},"851":{"start":{"line":2199,"column":2},"end":{"line":2199,"column":19}},"852":{"start":{"line":2206,"column":19},"end":{"line":2206,"column":28}},"853":{"start":{"line":2207,"column":21},"end":{"line":2207,"column":44}},"854":{"start":{"line":2210,"column":2},"end":{"line":2213,"column":3}},"855":{"start":{"line":2211,"column":4},"end":{"line":2211,"column":42}},"856":{"start":{"line":2212,"column":4},"end":{"line":2212,"column":20}},"857":{"start":{"line":2215,"column":2},"end":{"line":2215,"column":56}},"858":{"start":{"line":2216,"column":2},"end":{"line":2216,"column":35}},"859":{"start":{"line":2217,"column":2},"end":{"line":2217,"column":37}},"860":{"start":{"line":2218,"column":2},"end":{"line":2218,"column":50}},"861":{"start":{"line":2219,"column":2},"end":{"line":2219,"column":93}},"862":{"start":{"line":2220,"column":2},"end":{"line":2220,"column":59}},"863":{"start":{"line":2221,"column":2},"end":{"line":2221,"column":38}},"864":{"start":{"line":2222,"column":2},"end":{"line":2222,"column":41}},"865":{"start":{"line":2223,"column":2},"end":{"line":2223,"column":39}},"866":{"start":{"line":2224,"column":2},"end":{"line":2224,"column":48}},"867":{"start":{"line":2225,"column":2},"end":{"line":2225,"column":50}},"868":{"start":{"line":2226,"column":2},"end":{"line":2226,"column":62}},"869":{"start":{"line":2228,"column":2},"end":{"line":2265,"column":3}},"870":{"start":{"line":2230,"column":21},"end":{"line":2230,"column":55}},"871":{"start":{"line":2231,"column":4},"end":{"line":2231,"column":58}},"872":{"start":{"line":2234,"column":4},"end":{"line":2240,"column":5}},"873":{"start":{"line":2235,"column":25},"end":{"line":2235,"column":42}},"874":{"start":{"line":2236,"column":6},"end":{"line":2239,"column":7}},"875":{"start":{"line":2237,"column":8},"end":{"line":2237,"column":58}},"876":{"start":{"line":2238,"column":8},"end":{"line":2238,"column":48}},"877":{"start":{"line":2243,"column":22},"end":{"line":2243,"column":68}},"878":{"start":{"line":2245,"column":4},"end":{"line":2248,"column":5}},"879":{"start":{"line":2246,"column":6},"end":{"line":2246,"column":49}},"880":{"start":{"line":2247,"column":6},"end":{"line":2247,"column":13}},"881":{"start":{"line":2251,"column":4},"end":{"line":2259,"column":5}},"882":{"start":{"line":2252,"column":6},"end":{"line":2252,"column":37}},"883":{"start":{"line":2255,"column":6},"end":{"line":2255,"column":55}},"884":{"start":{"line":2256,"column":6},"end":{"line":2256,"column":50}},"885":{"start":{"line":2257,"column":6},"end":{"line":2257,"column":54}},"886":{"start":{"line":2258,"column":6},"end":{"line":2258,"column":70}},"887":{"start":{"line":2262,"column":4},"end":{"line":2262,"column":48}},"888":{"start":{"line":2263,"column":4},"end":{"line":2263,"column":31}},"889":{"start":{"line":2264,"column":4},"end":{"line":2264,"column":20}},"890":{"start":{"line":2268,"column":0},"end":{"line":2268,"column":7}}},"fnMap":{"0":{"name":"shouldInterceptFunction","decl":{"start":{"line":115,"column":9},"end":{"line":115,"column":32}},"loc":{"start":{"line":115,"column":54},"end":{"line":133,"column":1}},"line":115},"1":{"name":"processStringReverse","decl":{"start":{"line":138,"column":9},"end":{"line":138,"column":29}},"loc":{"start":{"line":138,"column":36},"end":{"line":161,"column":1}},"line":138},"2":{"name":"(anonymous_2)","decl":{"start":{"line":144,"column":46},"end":{"line":144,"column":47}},"loc":{"start":{"line":144,"column":73},"end":{"line":154,"column":3}},"line":144},"3":{"name":"preprocessCode","decl":{"start":{"line":168,"column":9},"end":{"line":168,"column":23}},"loc":{"start":{"line":168,"column":30},"end":{"line":185,"column":1}},"line":168},"4":{"name":"collectParameterDependencies","decl":{"start":{"line":192,"column":9},"end":{"line":192,"column":37}},"loc":{"start":{"line":192,"column":44},"end":{"line":230,"column":1}},"line":192},"5":{"name":"(anonymous_5)","decl":{"start":{"line":203,"column":6},"end":{"line":203,"column":7}},"loc":{"start":{"line":203,"column":27},"end":{"line":221,"column":7}},"line":203},"6":{"name":"(anonymous_6)","decl":{"start":{"line":208,"column":38},"end":{"line":208,"column":39}},"loc":{"start":{"line":208,"column":54},"end":{"line":219,"column":11}},"line":208},"7":{"name":"collectInitializationFunctionCalls","decl":{"start":{"line":237,"column":9},"end":{"line":237,"column":43}},"loc":{"start":{"line":237,"column":50},"end":{"line":360,"column":1}},"line":237},"8":{"name":"(anonymous_8)","decl":{"start":{"line":248,"column":6},"end":{"line":248,"column":7}},"loc":{"start":{"line":248,"column":27},"end":{"line":260,"column":7}},"line":248},"9":{"name":"(anonymous_9)","decl":{"start":{"line":265,"column":26},"end":{"line":265,"column":27}},"loc":{"start":{"line":265,"column":33},"end":{"line":265,"column":61}},"line":265},"10":{"name":"(anonymous_10)","decl":{"start":{"line":274,"column":8},"end":{"line":274,"column":9}},"loc":{"start":{"line":274,"column":34},"end":{"line":307,"column":9}},"line":274},"11":{"name":"(anonymous_11)","decl":{"start":{"line":279,"column":14},"end":{"line":279,"column":15}},"loc":{"start":{"line":279,"column":40},"end":{"line":290,"column":15}},"line":279},"12":{"name":"(anonymous_12)","decl":{"start":{"line":294,"column":37},"end":{"line":294,"column":38}},"loc":{"start":{"line":294,"column":55},"end":{"line":305,"column":13}},"line":294},"13":{"name":"(anonymous_13)","decl":{"start":{"line":309,"column":8},"end":{"line":309,"column":9}},"loc":{"start":{"line":309,"column":33},"end":{"line":346,"column":9}},"line":309},"14":{"name":"(anonymous_14)","decl":{"start":{"line":315,"column":16},"end":{"line":315,"column":17}},"loc":{"start":{"line":315,"column":42},"end":{"line":326,"column":17}},"line":315},"15":{"name":"(anonymous_15)","decl":{"start":{"line":331,"column":46},"end":{"line":331,"column":47}},"loc":{"start":{"line":331,"column":64},"end":{"line":342,"column":17}},"line":331},"16":{"name":"buildFunctionDependencyGraph","decl":{"start":{"line":367,"column":9},"end":{"line":367,"column":37}},"loc":{"start":{"line":367,"column":44},"end":{"line":470,"column":1}},"line":367},"17":{"name":"(anonymous_17)","decl":{"start":{"line":380,"column":6},"end":{"line":380,"column":7}},"loc":{"start":{"line":380,"column":32},"end":{"line":386,"column":7}},"line":380},"18":{"name":"(anonymous_18)","decl":{"start":{"line":388,"column":6},"end":{"line":388,"column":7}},"loc":{"start":{"line":388,"column":31},"end":{"line":396,"column":7}},"line":388},"19":{"name":"(anonymous_19)","decl":{"start":{"line":401,"column":6},"end":{"line":401,"column":7}},"loc":{"start":{"line":401,"column":32},"end":{"line":423,"column":7}},"line":401},"20":{"name":"(anonymous_20)","decl":{"start":{"line":408,"column":12},"end":{"line":408,"column":13}},"loc":{"start":{"line":408,"column":38},"end":{"line":413,"column":13}},"line":408},"21":{"name":"(anonymous_21)","decl":{"start":{"line":417,"column":35},"end":{"line":417,"column":36}},"loc":{"start":{"line":417,"column":44},"end":{"line":421,"column":11}},"line":417},"22":{"name":"(anonymous_22)","decl":{"start":{"line":425,"column":6},"end":{"line":425,"column":7}},"loc":{"start":{"line":425,"column":31},"end":{"line":451,"column":7}},"line":425},"23":{"name":"(anonymous_23)","decl":{"start":{"line":433,"column":14},"end":{"line":433,"column":15}},"loc":{"start":{"line":433,"column":40},"end":{"line":438,"column":15}},"line":433},"24":{"name":"(anonymous_24)","decl":{"start":{"line":443,"column":44},"end":{"line":443,"column":45}},"loc":{"start":{"line":443,"column":53},"end":{"line":447,"column":15}},"line":443},"25":{"name":"(anonymous_25)","decl":{"start":{"line":456,"column":30},"end":{"line":456,"column":31}},"loc":{"start":{"line":456,"column":46},"end":{"line":460,"column":7}},"line":456},"26":{"name":"topologicalSort","decl":{"start":{"line":477,"column":9},"end":{"line":477,"column":24}},"loc":{"start":{"line":477,"column":32},"end":{"line":510,"column":1}},"line":477},"27":{"name":"visit","decl":{"start":{"line":482,"column":11},"end":{"line":482,"column":16}},"loc":{"start":{"line":482,"column":23},"end":{"line":502,"column":3}},"line":482},"28":{"name":"extractFunctionDefinitions","decl":{"start":{"line":517,"column":9},"end":{"line":517,"column":35}},"loc":{"start":{"line":517,"column":42},"end":{"line":703,"column":1}},"line":517},"29":{"name":"(anonymous_29)","decl":{"start":{"line":531,"column":6},"end":{"line":531,"column":7}},"loc":{"start":{"line":531,"column":32},"end":{"line":544,"column":7}},"line":531},"30":{"name":"(anonymous_30)","decl":{"start":{"line":546,"column":6},"end":{"line":546,"column":7}},"loc":{"start":{"line":546,"column":31},"end":{"line":561,"column":7}},"line":546},"31":{"name":"(anonymous_31)","decl":{"start":{"line":583,"column":6},"end":{"line":583,"column":7}},"loc":{"start":{"line":583,"column":32},"end":{"line":596,"column":7}},"line":583},"32":{"name":"(anonymous_32)","decl":{"start":{"line":598,"column":6},"end":{"line":598,"column":7}},"loc":{"start":{"line":598,"column":31},"end":{"line":613,"column":5}},"line":598},"33":{"name":"(anonymous_33)","decl":{"start":{"line":619,"column":6},"end":{"line":619,"column":7}},"loc":{"start":{"line":619,"column":27},"end":{"line":630,"column":7}},"line":619},"34":{"name":"(anonymous_34)","decl":{"start":{"line":647,"column":41},"end":{"line":647,"column":42}},"loc":{"start":{"line":647,"column":46},"end":{"line":647,"column":52}},"line":647},"35":{"name":"(anonymous_35)","decl":{"start":{"line":653,"column":28},"end":{"line":653,"column":29}},"loc":{"start":{"line":653,"column":40},"end":{"line":670,"column":5}},"line":653},"36":{"name":"(anonymous_36)","decl":{"start":{"line":654,"column":41},"end":{"line":654,"column":42}},"loc":{"start":{"line":654,"column":46},"end":{"line":654,"column":65}},"line":654},"37":{"name":"(anonymous_37)","decl":{"start":{"line":673,"column":25},"end":{"line":673,"column":26}},"loc":{"start":{"line":673,"column":37},"end":{"line":689,"column":5}},"line":673},"38":{"name":"extractConstantArguments","decl":{"start":{"line":710,"column":9},"end":{"line":710,"column":33}},"loc":{"start":{"line":710,"column":40},"end":{"line":725,"column":1}},"line":710},"39":{"name":"(anonymous_39)","decl":{"start":{"line":711,"column":18},"end":{"line":711,"column":19}},"loc":{"start":{"line":711,"column":25},"end":{"line":724,"column":3}},"line":711},"40":{"name":"isInitializationFunction","decl":{"start":{"line":732,"column":9},"end":{"line":732,"column":33}},"loc":{"start":{"line":732,"column":40},"end":{"line":761,"column":1}},"line":732},"41":{"name":"(anonymous_41)","decl":{"start":{"line":751,"column":22},"end":{"line":751,"column":23}},"loc":{"start":{"line":751,"column":27},"end":{"line":751,"column":49}},"line":751},"42":{"name":"(anonymous_42)","decl":{"start":{"line":756,"column":22},"end":{"line":756,"column":23}},"loc":{"start":{"line":756,"column":27},"end":{"line":756,"column":45}},"line":756},"43":{"name":"extractImmediateFunctions","decl":{"start":{"line":768,"column":9},"end":{"line":768,"column":34}},"loc":{"start":{"line":768,"column":41},"end":{"line":852,"column":1}},"line":768},"44":{"name":"(anonymous_44)","decl":{"start":{"line":780,"column":6},"end":{"line":780,"column":7}},"loc":{"start":{"line":780,"column":32},"end":{"line":810,"column":7}},"line":780},"45":{"name":"(anonymous_45)","decl":{"start":{"line":787,"column":12},"end":{"line":787,"column":13}},"loc":{"start":{"line":787,"column":38},"end":{"line":795,"column":13}},"line":787},"46":{"name":"(anonymous_46)","decl":{"start":{"line":812,"column":6},"end":{"line":812,"column":7}},"loc":{"start":{"line":812,"column":27},"end":{"line":840,"column":7}},"line":812},"47":{"name":"(anonymous_47)","decl":{"start":{"line":817,"column":12},"end":{"line":817,"column":13}},"loc":{"start":{"line":817,"column":38},"end":{"line":825,"column":13}},"line":817},"48":{"name":"instrumentFunctionWithTracing","decl":{"start":{"line":860,"column":9},"end":{"line":860,"column":38}},"loc":{"start":{"line":860,"column":67},"end":{"line":916,"column":1}},"line":860},"49":{"name":"extractFunctionName","decl":{"start":{"line":923,"column":9},"end":{"line":923,"column":28}},"loc":{"start":{"line":923,"column":37},"end":{"line":944,"column":1}},"line":923},"50":{"name":"extractActualFunctionCalls","decl":{"start":{"line":951,"column":9},"end":{"line":951,"column":35}},"loc":{"start":{"line":951,"column":42},"end":{"line":1131,"column":1}},"line":951},"51":{"name":"(anonymous_51)","decl":{"start":{"line":962,"column":6},"end":{"line":962,"column":7}},"loc":{"start":{"line":962,"column":27},"end":{"line":1001,"column":7}},"line":962},"52":{"name":"(anonymous_52)","decl":{"start":{"line":978,"column":44},"end":{"line":978,"column":45}},"loc":{"start":{"line":978,"column":51},"end":{"line":978,"column":68}},"line":978},"53":{"name":"(anonymous_53)","decl":{"start":{"line":1004,"column":6},"end":{"line":1004,"column":7}},"loc":{"start":{"line":1004,"column":27},"end":{"line":1031,"column":7}},"line":1004},"54":{"name":"(anonymous_54)","decl":{"start":{"line":1018,"column":44},"end":{"line":1018,"column":45}},"loc":{"start":{"line":1018,"column":51},"end":{"line":1018,"column":68}},"line":1018},"55":{"name":"(anonymous_55)","decl":{"start":{"line":1034,"column":6},"end":{"line":1034,"column":7}},"loc":{"start":{"line":1034,"column":28},"end":{"line":1063,"column":7}},"line":1034},"56":{"name":"(anonymous_56)","decl":{"start":{"line":1035,"column":35},"end":{"line":1035,"column":36}},"loc":{"start":{"line":1035,"column":55},"end":{"line":1062,"column":9}},"line":1035},"57":{"name":"(anonymous_57)","decl":{"start":{"line":1049,"column":46},"end":{"line":1049,"column":47}},"loc":{"start":{"line":1049,"column":53},"end":{"line":1049,"column":70}},"line":1049},"58":{"name":"(anonymous_58)","decl":{"start":{"line":1066,"column":6},"end":{"line":1066,"column":7}},"loc":{"start":{"line":1066,"column":33},"end":{"line":1093,"column":7}},"line":1066},"59":{"name":"(anonymous_59)","decl":{"start":{"line":1080,"column":44},"end":{"line":1080,"column":45}},"loc":{"start":{"line":1080,"column":51},"end":{"line":1080,"column":68}},"line":1080},"60":{"name":"(anonymous_60)","decl":{"start":{"line":1096,"column":6},"end":{"line":1096,"column":7}},"loc":{"start":{"line":1096,"column":31},"end":{"line":1123,"column":7}},"line":1096},"61":{"name":"(anonymous_61)","decl":{"start":{"line":1110,"column":44},"end":{"line":1110,"column":45}},"loc":{"start":{"line":1110,"column":51},"end":{"line":1110,"column":68}},"line":1110},"62":{"name":"generateFunctionTestCode","decl":{"start":{"line":1140,"column":9},"end":{"line":1140,"column":33}},"loc":{"start":{"line":1140,"column":78},"end":{"line":1288,"column":1}},"line":1140},"63":{"name":"(anonymous_63)","decl":{"start":{"line":1206,"column":45},"end":{"line":1206,"column":46}},"loc":{"start":{"line":1206,"column":71},"end":{"line":1216,"column":5}},"line":1206},"64":{"name":"(anonymous_64)","decl":{"start":{"line":1227,"column":26},"end":{"line":1227,"column":27}},"loc":{"start":{"line":1227,"column":46},"end":{"line":1234,"column":3}},"line":1227},"65":{"name":"(anonymous_65)","decl":{"start":{"line":1243,"column":20},"end":{"line":1243,"column":21}},"loc":{"start":{"line":1243,"column":28},"end":{"line":1261,"column":3}},"line":1243},"66":{"name":"applyCallExpressionReplacements","decl":{"start":{"line":1298,"column":9},"end":{"line":1298,"column":40}},"loc":{"start":{"line":1298,"column":66},"end":{"line":1382,"column":1}},"line":1298},"67":{"name":"(anonymous_67)","decl":{"start":{"line":1314,"column":6},"end":{"line":1314,"column":7}},"loc":{"start":{"line":1314,"column":27},"end":{"line":1369,"column":7}},"line":1314},"68":{"name":"analyzeFunctionsForCleanup","decl":{"start":{"line":1391,"column":9},"end":{"line":1391,"column":35}},"loc":{"start":{"line":1391,"column":74},"end":{"line":1592,"column":1}},"line":1391},"69":{"name":"(anonymous_69)","decl":{"start":{"line":1409,"column":6},"end":{"line":1409,"column":7}},"loc":{"start":{"line":1409,"column":35},"end":{"line":1413,"column":7}},"line":1409},"70":{"name":"(anonymous_70)","decl":{"start":{"line":1414,"column":6},"end":{"line":1414,"column":7}},"loc":{"start":{"line":1414,"column":37},"end":{"line":1418,"column":7}},"line":1414},"71":{"name":"(anonymous_71)","decl":{"start":{"line":1419,"column":6},"end":{"line":1419,"column":7}},"loc":{"start":{"line":1419,"column":33},"end":{"line":1444,"column":7}},"line":1419},"72":{"name":"(anonymous_72)","decl":{"start":{"line":1445,"column":6},"end":{"line":1445,"column":7}},"loc":{"start":{"line":1445,"column":27},"end":{"line":1463,"column":7}},"line":1445},"73":{"name":"(anonymous_73)","decl":{"start":{"line":1468,"column":6},"end":{"line":1468,"column":7}},"loc":{"start":{"line":1468,"column":32},"end":{"line":1474,"column":7}},"line":1468},"74":{"name":"(anonymous_74)","decl":{"start":{"line":1476,"column":6},"end":{"line":1476,"column":7}},"loc":{"start":{"line":1476,"column":31},"end":{"line":1484,"column":7}},"line":1476},"75":{"name":"(anonymous_75)","decl":{"start":{"line":1486,"column":6},"end":{"line":1486,"column":7}},"loc":{"start":{"line":1486,"column":27},"end":{"line":1491,"column":7}},"line":1486},"76":{"name":"(anonymous_76)","decl":{"start":{"line":1505,"column":55},"end":{"line":1505,"column":56}},"loc":{"start":{"line":1505,"column":63},"end":{"line":1505,"column":89}},"line":1505},"77":{"name":"(anonymous_77)","decl":{"start":{"line":1511,"column":74},"end":{"line":1511,"column":75}},"loc":{"start":{"line":1511,"column":82},"end":{"line":1511,"column":108}},"line":1511},"78":{"name":"(anonymous_78)","decl":{"start":{"line":1526,"column":6},"end":{"line":1526,"column":7}},"loc":{"start":{"line":1526,"column":27},"end":{"line":1539,"column":7}},"line":1526},"79":{"name":"(anonymous_79)","decl":{"start":{"line":1555,"column":6},"end":{"line":1555,"column":7}},"loc":{"start":{"line":1555,"column":32},"end":{"line":1579,"column":7}},"line":1555},"80":{"name":"cleanupDecryptedFunctions","decl":{"start":{"line":1601,"column":9},"end":{"line":1601,"column":34}},"loc":{"start":{"line":1601,"column":67},"end":{"line":1853,"column":1}},"line":1601},"81":{"name":"(anonymous_81)","decl":{"start":{"line":1622,"column":6},"end":{"line":1622,"column":7}
[...]
,"end":{"line":1873,"column":5}},"type":"if","locations":[{"start":{"line":1871,"column":4},"end":{"line":1873,"column":5}},{"start":{},"end":{}}],"line":1871},"300":{"loc":{"start":{"line":1875,"column":4},"end":{"line":1885,"column":5}},"type":"if","locations":[{"start":{"line":1875,"column":4},"end":{"line":1885,"column":5}},{"start":{"line":1878,"column":11},"end":{"line":1885,"column":5}}],"line":1875},"301":{"loc":{"start":{"line":1882,"column":6},"end":{"line":1884,"column":7}},"type":"if","locations":[{"start":{"line":1882,"column":6},"end":{"line":1884,"column":7}},{"start":{},"end":{}}],"line":1882},"302":{"loc":{"start":{"line":1895,"column":4},"end":{"line":1903,"column":5}},"type":"if","locations":[{"start":{"line":1895,"column":4},"end":{"line":1903,"column":5}},{"start":{},"end":{}}],"line":1895},"303":{"loc":{"start":{"line":1897,"column":6},"end":{"line":1902,"column":7}},"type":"if","locations":[{"start":{"line":1897,"column":6},"end":{"line":1902,"column":7}},{"start":{},"end":{}}],"line":1897},"304":{"loc":{"start":{"line":1908,"column":2},"end":{"line":1913,"column":3}},"type":"if","locations":[{"start":{"line":1908,"column":2},"end":{"line":1913,"column":3}},{"start":{},"end":{}}],"line":1908},"305":{"loc":{"start":{"line":1947,"column":6},"end":{"line":1947,"column":67}},"type":"if","locations":[{"start":{"line":1947,"column":6},"end":{"line":1947,"column":67}},{"start":{},"end":{}}],"line":1947},"306":{"loc":{"start":{"line":1963,"column":8},"end":{"line":1963,"column":68}},"type":"if","locations":[{"start":{"line":1963,"column":8},"end":{"line":1963,"column":68}},{"start":{},"end":{}}],"line":1963},"307":{"loc":{"start":{"line":1993,"column":2},"end":{"line":1996,"column":3}},"type":"if","locations":[{"start":{"line":1993,"column":2},"end":{"line":1996,"column":3}},{"start":{},"end":{}}],"line":1993},"308":{"loc":{"start":{"line":2004,"column":2},"end":{"line":2034,"column":3}},"type":"if","locations":[{"start":{"line":2004,"column":2},"end":{"line":2034,"column":3}},{"start":{},"end":{}}],"line":2004},"309":{"loc":{"start":{"line":2008,"column":4},"end":{"line":2031,"column":5}},"type":"if","locations":[{"start":{"line":2008,"column":4},"end":{"line":2031,"column":5}},{"start":{},"end":{}}],"line":2008},"310":{"loc":{"start":{"line":2022,"column":10},"end":{"line":2027,"column":11}},"type":"if","locations":[{"start":{"line":2022,"column":10},"end":{"line":2027,"column":11}},{"start":{},"end":{}}],"line":2022},"311":{"loc":{"start":{"line":2022,"column":14},"end":{"line":2022,"column":64}},"type":"binary-expr","locations":[{"start":{"line":2022,"column":14},"end":{"line":2022,"column":22}},{"start":{"line":2022,"column":26},"end":{"line":2022,"column":64}}],"line":2022},"312":{"loc":{"start":{"line":2038,"column":2},"end":{"line":2045,"column":3}},"type":"if","locations":[{"start":{"line":2038,"column":2},"end":{"line":2045,"column":3}},{"start":{},"end":{}}],"line":2038},"313":{"loc":{"start":{"line":2042,"column":6},"end":{"line":2042,"column":31}},"type":"if","locations":[{"start":{"line":2042,"column":6},"end":{"line":2042,"column":31}},{"start":{},"end":{}}],"line":2042},"314":{"loc":{"start":{"line":2052,"column":2},"end":{"line":2054,"column":3}},"type":"if","locations":[{"start":{"line":2052,"column":2},"end":{"line":2054,"column":3}},{"start":{},"end":{}}],"line":2052},"315":{"loc":{"start":{"line":2059,"column":2},"end":{"line":2063,"column":3}},"type":"if","locations":[{"start":{"line":2059,"column":2},"end":{"line":2063,"column":3}},{"start":{},"end":{}}],"line":2059},"316":{"loc":{"start":{"line":2111,"column":4},"end":{"line":2125,"column":5}},"type":"if","locations":[{"start":{"line":2111,"column":4},"end":{"line":2125,"column":5}},{"start":{},"end":{}}],"line":2111},"317":{"loc":{"start":{"line":2115,"column":6},"end":{"line":2124,"column":7}},"type":"if","locations":[{"start":{"line":2115,"column":6},"end":{"line":2124,"column":7}},{"start":{},"end":{}}],"line":2115},"318":{"loc":{"start":{"line":2133,"column":2},"end":{"line":2143,"column":3}},"type":"if","locations":[{"start":{"line":2133,"column":2},"end":{"line":2143,"column":3}},{"start":{},"end":{}}],"line":2133},"319":{"loc":{"start":{"line":2140,"column":4},"end":{"line":2142,"column":5}},"type":"if","locations":[{"start":{"line":2140,"column":4},"end":{"line":2142,"column":5}},{"start":{},"end":{}}],"line":2140},"320":{"loc":{"start":{"line":2145,"column":2},"end":{"line":2161,"column":3}},"type":"if","locations":[{"start":{"line":2145,"column":2},"end":{"line":2161,"column":3}},{"start":{},"end":{}}],"line":2145},"321":{"loc":{"start":{"line":2151,"column":4},"end":{"line":2160,"column":5}},"type":"if","locations":[{"start":{"line":2151,"column":4},"end":{"line":2160,"column":5}},{"start":{},"end":{}}],"line":2151},"322":{"loc":{"start":{"line":2163,"column":2},"end":{"line":2170,"column":3}},"type":"if","locations":[{"start":{"line":2163,"column":2},"end":{"line":2170,"column":3}},{"start":{},"end":{}}],"line":2163},"323":{"loc":{"start":{"line":2163,"column":6},"end":{"line":2163,"column":50}},"type":"binary-expr","locations":[{"start":{"line":2163,"column":6},"end":{"line":2163,"column":20}},{"start":{"line":2163,"column":24},"end":{"line":2163,"column":50}}],"line":2163},"324":{"loc":{"start":{"line":2167,"column":6},"end":{"line":2167,"column":31}},"type":"if","locations":[{"start":{"line":2167,"column":6},"end":{"line":2167,"column":31}},{"start":{},"end":{}}],"line":2167},"325":{"loc":{"start":{"line":2177,"column":2},"end":{"line":2197,"column":3}},"type":"if","locations":[{"start":{"line":2177,"column":2},"end":{"line":2197,"column":3}},{"start":{},"end":{}}],"line":2177},"326":{"loc":{"start":{"line":2184,"column":4},"end":{"line":2196,"column":5}},"type":"if","locations":[{"start":{"line":2184,"column":4},"end":{"line":2196,"column":5}},{"start":{"line":2194,"column":11},"end":{"line":2196,"column":5}}],"line":2184},"327":{"loc":{"start":{"line":2185,"column":6},"end":{"line":2187,"column":7}},"type":"if","locations":[{"start":{"line":2185,"column":6},"end":{"line":2187,"column":7}},{"start":{},"end":{}}],"line":2185},"328":{"loc":{"start":{"line":2188,"column":6},"end":{"line":2190,"column":7}},"type":"if","locations":[{"start":{"line":2188,"column":6},"end":{"line":2190,"column":7}},{"start":{},"end":{}}],"line":2188},"329":{"loc":{"start":{"line":2207,"column":21},"end":{"line":2207,"column":44}},"type":"binary-expr","locations":[{"start":{"line":2207,"column":21},"end":{"line":2207,"column":32}},{"start":{"line":2207,"column":36},"end":{"line":2207,"column":44}}],"line":2207},"330":{"loc":{"start":{"line":2210,"column":2},"end":{"line":2213,"column":3}},"type":"if","locations":[{"start":{"line":2210,"column":2},"end":{"line":2213,"column":3}},{"start":{},"end":{}}],"line":2210},"331":{"loc":{"start":{"line":2219,"column":23},"end":{"line":2219,"column":89}},"type":"cond-expr","locations":[{"start":{"line":2219,"column":52},"end":{"line":2219,"column":78}},{"start":{"line":2219,"column":81},"end":{"line":2219,"column":89}}],"line":2219},"332":{"loc":{"start":{"line":2234,"column":4},"end":{"line":2240,"column":5}},"type":"if","locations":[{"start":{"line":2234,"column":4},"end":{"line":2240,"column":5}},{"start":{},"end":{}}],"line":2234},"333":{"loc":{"start":{"line":2234,"column":8},"end":{"line":2234,"column":46}},"type":"binary-expr","locations":[{"start":{"line":2234,"column":8},"end":{"line":2234,"column":19}},{"start":{"line":2234,"column":23},"end":{"line":2234,"column":46}}],"line":2234},"334":{"loc":{"start":{"line":2236,"column":6},"end":{"line":2239,"column":7}},"type":"if","locations":[{"start":{"line":2236,"column":6},"end":{"line":2239,"column":7}},{"start":{},"end":{}}],"line":2236},"335":{"loc":{"start":{"line":2245,"column":4},"end":{"line":2248,"column":5}},"type":"if","locations":[{"start":{"line":2245,"column":4},"end":{"line":2248,"column":5}},{"start":{},"end":{}}],"line":2245},"336":{"loc":{"start":{"line":2251,"column":4},"end":{"line":2259,"column":5}},"type":"if","locations":[{"start":{"line":2251,"column":4},"end":{"line":2259,"column":5}},{"start":{"line":2253,"column":11},"end":{"line":2259,"column":5}}],"line":2251}},"s":{"0":0,"1":0,"2":0,"3":0,"4":0,"5":0,"6":0,"7":0,"8":0,"9":0,"10":0,"11":0,"12":0,"13":0,"14":0,"15":0,"16":0,"17":0,"18":0,"19":0,"20":0,"21":0,"22":0,"23":0,"24":0,"25":0,"26":0,"27":0,"28":0,"29":0,"30":0,"31":0,"32":0,"33":0,"34":0,"35":0,"36":0,"37":0,"38":0,"39":0,"40":0,"41":0,"42":0,"43":0,"44":0,"45":0,"46":0,"47":0,"48":0,"49":0,"50":0,"51":0,"52":0,"53":0,"54":0,"55":0,"56":0,"57":0,"58":0,"59":0,"60":0,"61":0,"62":0,"63":0,"64":0,"65":0,"66":0,"67":0,"68":0,"69":0,"70":0,"71":0,"72":0,"73":0,"74":0,"75":0,"76":0,"77":0,"78":0,"79":0,"80":0,"81":0,"82":0,"83":0,"84":0,"85":0,"86":0,"87":0,"88":0,"89":0,"90":0,"91":0,"92":0,"93":0,"94":0,"95":0,"96":0,"97":0,"98":0,"99":0,"100":0,"101":0,"102":0,"103":0,"104":0,"105":0,"106":0,"107":0,"108":0,"109":0,"110":0,"111":0,"112":0,"113":0,"114":0,"115":0,"116":0,"117":0,"118":0,"119":0,"120":0,"121":0,"122":0,"123":0,"124":0,"125":0,"126":0,"127":0,"128":0,"129":0,"130":0,"131":0,"132":0,"133":0,"134":0,"135":0,"136":0,"137":0,"138":0,"139":0,"140":0,"141":0,"142":0,"143":0,"144":0,"145":0,"146":0,"147":0,"148":0,"149":0,"150":0,"151":0,"152":0,"153":0,"154":0,"155":0,"156":0,"157":0,"158":0,"159":0,"160":0,"161":0,"162":0,"163":0,"164":0,"165":0,"166":0,"167":0,"168":0,"169":0,"170":0,"171":0,"172":0,"173":0,"174":0,"175":0,"176":0,"177":0,"178":0,"179":0,"180":0,"181":0,"182":0,"183":0,"184":0,"185":0,"186":0,"187":0,"188":0,"189":0,"190":0,"191":0,"192":0,"193":0,"194":0,"195":0,"196":0,"197":0,"198":0,"199":0,"200":0,"201":0,"202":0,"203":0,"204":0,"205":0,"206":0,"207":0,"208":0,"209":0,"210":0,"211":0,"212":0,"213":0,"214":0,"215":0,"216":0,"217":0,"218":0,"219":0,"220":0,"221":0,"222":0,"223":0,"224":0,"225":0,"226":0,"227":0,"228":0,"229":0,"230":0,"231":0,"232":0,"233":0,"234":0,"235":0,"236":0,"237":0,"238":0,"239":0,"240":0,"241":0,"242":0,"243":0,"244":0,"245":0,"246":0,"247":0,"248":0,"249":0,"250":0,"251":0,"252":0,"253":0,"254":0,"255":0,"256":0,"257":0,"258":0,"259":0,"260":0,"261":0,"262":0,"263":0,"264":0,"265":0,"266":0,"267":0,"268":0,"269":0,"270":0,"271":0,"272":0,"273":0,"274":0,"275":0,"276":0,"277":0,"278":0,"279":0,"280":0,"281":0,"282":0,"283":0,"284":0,"285":0,"286":0,"287":0,"288":0,"289":0,"290":0,"291":0,"292":0,"293":0,"294":0,"295":0,"296":0,"297":0,"298":0,"299":0,"300":0,"301":0,"302":0,"303":0,"304":0,"305":0,"306":0,"307":0,"308":0,"309":0,"310":0,"311":0,"312":0,"313":0,"314":0,"315":0,"316":0,"317":0,"318":0,"319":0,"320":0,"321":0,"322":0,"323":0,"324":0,"325":0,"326":0,"327":0,"328":0,"329":0,"330":0,"331":0,"332":0,"333":0,"334":0,"335":0,"336":0,"337":0,"338":0,"339":0,"340":0,"341":0,"342":0,"343":0,"344":0,"345":0,"346":0,"347":0,"348":0,"349":0,"350":0,"351":0,"352":0,"353":0,"354":0,"355":0,"356":0,"357":0,"358":0,"359":0,"360":0,"361":0,"362":0,"363":0,"364":0,"365":0,"366":0,"367":0,"368":0,"369":0,"370":0,"371":0,"372":0,"373":0,"374":0,"375":0,"376":0,"377":0,"378":0,"379":0,"380":0,"381":0,"382":0,"383":0,"384":0,"385":0,"386":0,"387":0,"388":0,"389":0,"390":0,"391":0,"392":0,"393":0,"394":0,"395":0,"396":0,"397":0,"398":0,"399":0,"400":0,"401":0,"402":0,"403":0,"404":0,"405":0,"406":0,"407":0,"408":0,"409":0,"410":0,"411":0,"412":0,"413":0,"414":0,"415":0,"416":0,"417":0,"418":0,"419":0,"420":0,"421":0,"422":0,"423":0,"424":0,"425":0,"426":0,"427":0,"428":0,"429":0,"430":0,"431":0,"432":0,"433":0,"434":0,"435":0,"436":0,"437":0,"438":0,"439":0,"440":0,"441":0,"442":0,"443":0,"444":0,"445":0,"446":0,"447":0,"448":0,"449":0,"450":0,"451":0,"452":0,"453":0,"454":0,"455":0,"456":0,"457":0,"458":0,"459":0,"460":0,"461":0,"462":0,"463":0,"464":0,"465":0,"466":0,"467":0,"468":0,"469":0,"470":0,"471":0,"472":0,"473":0,"474":0,"475":0,"476":0,"477":0,"478":0,"479":0,"480":0,"481":0,"482":0,"483":0,"484":0,"485":0,"486":0,"487":0,"488":0,"489":0,"490":0,"491":0,"492":0,"493":0,"494":0,"495":0,"496":0,"497":0,"498":0,"499":0,"500":0,"501":0,"502":0,"503":0,"504":0,"505":0,"506":0,"507":0,"508":0,"509":0,"510":0,"511":0,"512":0,"513":0,"514":0,"515":0,"516":0,"517":0,"518":0,"519":0,"520":0,"521":0,"522":0,"523":0,"524":0,"525":0,"526":0,"527":0,"528":0,"529":0,"530":0,"531":0,"532":0,"533":0,"534":0,"535":0,"536":0,"537":0,"538":0,"539":0,"540":0,"541":0,"542":0,"543":0,"544":0,"545":0,"546":0,"547":0,"548":0,"549":0,"550":0,"551":0,"552":0,"553":0,"554":0,"555":0,"556":0,"557":0,"558":0,"559":0,"560":0,"561":0,"562":0,"563":0,"564":0,"565":0,"566":0,"567":0,"568":0,"569":0,"570":0,"571":0,"572":0,"573":0,"574":0,"575":0,"576":0,"577":0,"578":0,"579":0,"580":0,"581":0,"582":0,"583":0,"584":0,"585":0,"586":0,"587":0,"588":0,"589":0,"590":0,"591":0,"592":0,"593":0,"594":0,"595":0,"596":0,"597":0,"598":0,"599":0,"600":0,"601":0,"602":0,"603":0,"604":0,"605":0,"606":0,"607":0,"608":0,"609":0,"610":0,"611":0,"612":0,"613":0,"614":0,"615":0,"616":0,"617":0,"618":0,"619":0,"620":0,"621":0,"622":0,"623":0,"624":0,"625":0,"626":0,"627":0,"628":0,"629":0,"630":0,"631":0,"632":0,"633":0,"634":0,"635":0,"636":0,"637":0,"638":0,"639":0,"640":0,"641":0,"642":0,"643":0,"644":0,"645":0,"646":0,"647":0,"648":0,"649":0,"650":0,"651":0,"652":0,"653":0,"654":0,"655":0,"656":0,"657":0,"658":0,"659":0,"660":0,"661":0,"662":0,"663":0,"664":0,"665":0,"666":0,"667":0,"668":0,"669":0,"670":0,"671":0,"672":0,"673":0,"674":0,"675":0,"676":0,"677":0,"678":0,"679":0,"680":0,"681":0,"682":0,"683":0,"684":0,"685":0,"686":0,"687":0,"688":0,"689":0,"690":0,"691":0,"692":0,"693":0,"694":0,"695":0,"696":0,"697":0,"698":0,"699":0,"700":0,"701":0,"702":0,"703":0,"704":0,"705":0,"706":0,"707":0,"708":0,"709":0,"710":0,"711":0,"712":0,"713":0,"714":0,"715":0,"716":0,"717":0,"718":0,"719":0,"720":0,"721":0,"722":0,"723":0,"724":0,"725":0,"726":0,"727":0,"728":0,"729":0,"730":0,"731":0,"732":0,"733":0,"734":0,"735":0,"736":0,"737":0,"738":0,"739":0,"740":0,"741":0,"742":0,"743":0,"744":0,"745":0,"746":0,"747":0,"748":0,"749":0,"750":0,"751":0,"752":0,"753":0,"754":0,"755":0,"756":0,"757":0,"758":0,"759":0,"760":0,"761":0,"762":0,"763":0,"764":0,"765":0,"766":0,"767":0,"768":0,"769":0,"770":0,"771":0,"772":0,"773":0,"774":0,"775":0,"776":0,"777":0,"778":0,"779":0,"780":0,"781":0,"782":0,"783":0,"784":0,"785":0,"786":0,"787":0,"788":0,"789":0,"790":0,"791":0,"792":0,"793":0,"794":0,"795":0,"796":0,"797":0,"798":0,"799":0,"800":0,"801":0,"802":0,"803":0,"804":0,"805":0,"806":0,"807":0,"808":0,"809":0,"810":0,"811":0,"812":0,"813":0,"814":0,"815":0,"816":0,"817":0,"818":0,"819":0,"820":0,"821":0,"822":0,"823":0,"824":0,"825":0,"826":0,"827":0,"828":0,"829":0,"830":0,"831":0,"832":0,"833":0,"834":0,"835":0,"836":0,"837":0,"838":0,"839":0,"840":0,"841":0,"842":0,"843":0,"844":0,"845":0,"846":0,"847":0,"848":0,"849":0,"850":0,"851":0,"852":0,"853":0,"854":0,"855":0,"856":0,"857":0,"858":0,"859":0,"860":0,"861":0,"862":0,"863":0,"864":0,"865":0,"866":0,"867":0,"868":0,"869":0,"870":0,"871":0,"872":0,"873":0,"874":0,"875":0,"876":0,"877":0,"878":0,"879":0,"880":0,"881":0,"882":0,"883":0,"884":0,"885":0,"886":0,"887":0,"888":0,"889":0,"890":0},"f":{"0":0,"1":0,"2":0,"3":0,"4":0,"5":0,"6":0,"7":0,"8":0,"9":0,"10":0,"11":0,"12":0,"13":0,"14":0,"15":0,"16":0,"17":0,"18":0,"19":0,"20":0,"21":0,"22":0,"23":0,"24":0,"25":0,"26":0,"27":0,"28":0,"29":0,"30":0,"31":0,"32":0,"33":0,"34":0,"35":0,"36":0,"37":0,"38":0,"39":0,"40":0,"41":0,"42":0,"43":0,"44":0,"45":0,"46":0,"47":0,"48":0,"49":0,"50":0,"51":0,"52":0,"53":0,"54":0,"55":0,"56":0,"57":0,"58":0,"59":0,"60":0,"61":0,"62":0,"63":0,"64":0,"65":0,"66":0,"67":0,"68":0,"69":0,"70":0,"71":0,"72":0,"73":0,"74":0,"75":0,"76":0,"77":0,"78":0,"79":0,"80":0,"81":0,"82":0,"83":0,"84":0,"85":0,"86":0,"87":0,"88":0,"89":0,"90":0,"91":0,"92":0,"93":0,"94":0,"95":0,"96":0,"97":0,"98":0,"99":0,"100":0,"101":0,"102":0,"103":0,"104":0,"105":0,"106":0,"107":0,"108":0},"b":{"0":[0,0],"1":[0,0],"2":[0,0],"3":[0,0],"4":[0,0],"5":[0,0,0],"6":[0,0],"7":[0,0],"8":[0,0],"9":[0,0],"10":[0,0],"11":[0,0],"12":[0,0],"13":[0,0],"14":[0,0],"15":[0,0],"16":[0,0],"17":[0,0],"18":[0,0],"19":[0,0],"20":[0,0],"21":[0,0],"22":[0,0],"23":[0,0],"24":[0,0],"25":[0,0],"26":[0,0],"27":[0,0],"28":[0,0],"29":[0,0],"30":[0,0],"31":[0,0],"32":[0,0],"33":[0,0],"34":[0,0],"35":[0,0],"36":[0,0],"37":[0,0],"38":[0,0],"39":[0,0],"40":[0,0],"41":[0,0],"42":[0,0],"43":[0,0],"44":[0,0],"45":[0,0],"46":[0,0],"47":[0,0],"48":[0,0],"49":[0,0],"50":[0,0],"51":[0,0],"52":[0,0],"53":[0,0],"54":[0,0],"55":[0,0],"56":[0,0,0],"57":[0,0],"58":[0,0,0],"59":[0,0],"60":[0,0],"61":[0,0],"62":[0,0],"63":[0,0],"64":[0,0,0],"65":[0,0],"66":[0,0],"67":[0,0,0],"68":[0,0],"69":[0,0],"70":[0,0],"71":[0,0],"72":[0,0],"73":[0,0],"74":[0,0],"75":[0,0],"76":[0,0],"77":[0,0],"78":[0,0],"79":[0,0],"80":[0,0],"81":[0,0],"82":[0,0],"83":[0,0],"84":[0,0],"85":[0,0],"86":[0,0,0],"87":[0,0],"88":[0,0],"89":[0,0],"90":[0,0],"91":[0,0,0],"92":[0,0],"93":[0,0],"94":[0,0,0],"95":[0,0],"96":[0,0],"97":[0,0],"98":[0,0],"99":[0,0],"100":[0,0],"101":[0,0],"102":[0,0],"103":[0,0],"104":[0,0],"105":[0,0],"106":[0,0],"107":[0,0],"108":[0,0],"109":[0,0],"110":[0,0],"111":[0,0],"112":[0,0],"113":[0,0],"114":[0,0],"115":[0,0],"116":[0,0],"117":[0,0],"118":[0,0],"119":[0,0,0],"120":[0,0],"121":[0,0],"122":[0,0],"123":[0,0],"124":[0,0],"125":[0,0],"126":[0,0],"127":[0,0],"128":[0,0],"129":[0,0],"130":[0,0],"131":[0,0],"132":[0,0],"133":[0,0],"134":[0,0],"135":[0,0],"136":[0,0],"137":[0,0],"138":[0,0],"139":[0,0],"140":[0,0],"141":[0,0],"142":[0,0],"143":[0,0],"144":[0,0],"145":[0,0],"146":[0,0],"147":[0,0],"148":[0,0],"149":[0,0],"150":[0,0],"151":[0,0],"152":[0,0],"153":[0,0],"154":[0,0],"155":[0,0],"156":[0,0],"157":[0,0],"158":[0,0],"159":[0,0],"160":[0,0],"161":[0,0],"162":[0,0],"163":[0,0],"164":[0,0],"165":[0,0],"166":[0,0],"167":[0,0],"168":[0,0],"169":[0,0],"170":[0,0],"171":[0,0],"172":[0,0],"173":[0,0],"174":[0,0],"175":[0,0],"176":[0,0],"177":[0,0],"178":[0,0],"179":[0,0],"180":[0,0],"181":[0,0],"182":[0,0],"183":[0,0],"184":[0,0],"185":[0,0],"186":[0,0],"187":[0,0],"188":[0,0],"189":[0,0],"190":[0,0],"191":[0,0],"192":[0,0],"193":[0,0],"194":[0,0],"195":[0,0],"196":[0,0],"197":[0,0],"198":[0,0],"199":[0,0],"200":[0,0],"201":[0,0],"202":[0,0],"203":[0,0],"204":[0,0],"205":[0,0],"206":[0,0,0,0,0],"207":[0,0],"208":[0,0],"209":[0,0,0],"210":[0,0],"211":[0,0],"212":[0,0,0,0,0,0],"213":[0,0],"214":[0,0],"215":[0,0],"216":[0,0],"217":[0,0],"218":[0,0],"219":[0,0],"220":[0,0],"221":[0,0],"222":[0,0],"223":[0,0],"224":[0,0],"225":[0,0],"226":[0,0],"227":[0,0],"228":[0,0],"229":[0,0],"230":[0,0],"231":[0,0],"232":[0,0],"233":[0,0],"234":[0,0],"235":[0,0],"236":[0,0],"237":[0,0],"238":[0,0],"239":[0,0],"240":[0,0],"241":[0,0],"242":[0,0],"243":[0,0],"244":[0,0],"245":[0,0],"246":[0,0,0],"247":[0,0],"248":[0,0],"249":[0,0],"250":[0,0],"251":[0,0,0],"252":[0,0],"253":[0,0],"254":[0,0],"255":[0,0,0],"256":[0,0],"257":[0,0],"258":[0,0],"259":[0,0],"260":[0,0],"261":[0,0],"262":[0,0],"263":[0,0],"264":[0,0],"265":[0,0],"266":[0,0],"267":[0,0],"268":[0,0],"269":[0,0],"270":[0,0,0],"271":[0,0],"272":[0,0],"273":[0,0],"274":[0,0,0,0],"275":[0,0],"276":[0,0],"277":[0,0],"278":[0,0],"279":[0,0],"280":[0,0],"281":[0,0],"282":[0,0],"283":[0,0],"284":[0,0],"285":[0,0],"286":[0,0],"287":[0,0],"288":[0,0],"289":[0,0],"290":[0,0],"291":[0,0],"292":[0,0],"293":[0,0],"294":[0,0],"295":[0,0],"296":[0,0],"297":[0,0],"298":[0,0],"299":[0,0],"300":[0,0],"301":[0,0],"302":[0,0],"303":[0,0],"304":[0,0],"305":[0,0],"306":[0,0],"307":[0,0],"308":[0,0],"309":[0,0],"310":[0,0],"311":[0,0],"312":[0,0],"313":[0,0],"314":[0,0],"315":[0,0],"316":[0,0],"317":[0,0],"318":[0,0],"319":[0,0],"320":[0,0],"321":[0,0],"322":[0,0],"323":[0,0],"324":[0,0],"325":[0,0],"326":[0,0],"327":[0,0],"328":[0,0],"329":[0,0],"330":[0,0],"331":[0,0],"332":[0,0],"333":[0,0],"334":[0,0],"335":[0,0],"336":[0,0]}}
}
