TN:
SF:de.js
FN:98,main
FNF:1
FNH:0
FNDA:0,main
DA:3,0
DA:4,0
DA:5,0
DA:6,0
DA:9,0
DA:10,0
DA:13,0
DA:99,0
DA:100,0
DA:103,0
DA:104,0
DA:105,0
DA:109,0
DA:111,0
DA:112,0
DA:113,0
DA:114,0
DA:115,0
DA:116,0
DA:117,0
DA:118,0
DA:119,0
DA:120,0
DA:121,0
DA:122,0
DA:124,0
DA:126,0
DA:127,0
DA:130,0
DA:131,0
DA:132,0
DA:133,0
DA:134,0
DA:139,0
DA:141,0
DA:142,0
DA:143,0
DA:147,0
DA:148,0
DA:151,0
DA:152,0
DA:153,0
DA:154,0
DA:158,0
DA:159,0
DA:160,0
DA:164,0
LF:47
LH:0
BRDA:100,0,0,0
BRDA:100,0,1,0
BRDA:103,1,0,0
BRDA:103,1,1,0
BRDA:115,2,0,0
BRDA:115,2,1,0
BRDA:130,3,0,0
BRDA:130,3,1,0
BRDA:130,4,0,0
BRDA:130,4,1,0
BRDA:132,5,0,0
BRDA:132,5,1,0
BRDA:141,6,0,0
BRDA:141,6,1,0
BRDA:147,7,0,0
BRDA:147,7,1,0
BRF:16
BRH:0
end_of_record
