TN:
SF:de.js
FN:115,shouldInterceptFunction
FN:138,processStringReverse
FN:144,(anonymous_2)
FN:168,preprocessCode
FN:192,collectParameterDependencies
FN:203,(anonymous_5)
FN:208,(anonymous_6)
FN:237,collectInitializationFunctionCalls
FN:248,(anonymous_8)
FN:265,(anonymous_9)
FN:274,(anonymous_10)
FN:279,(anonymous_11)
FN:294,(anonymous_12)
FN:309,(anonymous_13)
FN:315,(anonymous_14)
FN:331,(anonymous_15)
FN:367,buildFunctionDependencyGraph
FN:380,(anonymous_17)
FN:388,(anonymous_18)
FN:401,(anonymous_19)
FN:408,(anonymous_20)
FN:417,(anonymous_21)
FN:425,(anonymous_22)
FN:433,(anonymous_23)
FN:443,(anonymous_24)
FN:456,(anonymous_25)
FN:477,topologicalSort
FN:482,visit
FN:517,extractFunctionDefinitions
FN:531,(anonymous_29)
FN:546,(anonymous_30)
FN:583,(anonymous_31)
FN:598,(anonymous_32)
FN:619,(anonymous_33)
FN:647,(anonymous_34)
FN:653,(anonymous_35)
FN:654,(anonymous_36)
FN:673,(anonymous_37)
FN:710,extractConstantArguments
FN:711,(anonymous_39)
FN:732,isInitializationFunction
FN:751,(anonymous_41)
FN:756,(anonymous_42)
FN:768,extractImmediateFunctions
FN:780,(anonymous_44)
FN:787,(anonymous_45)
FN:812,(anonymous_46)
FN:817,(anonymous_47)
FN:860,instrumentFunctionWithTracing
FN:923,extractFunctionName
FN:951,extractActualFunctionCalls
FN:962,(anonymous_51)
FN:978,(anonymous_52)
FN:1004,(anonymous_53)
FN:1018,(anonymous_54)
FN:1034,(anonymous_55)
FN:1035,(anonymous_56)
FN:1049,(anonymous_57)
FN:1066,(anonymous_58)
FN:1080,(anonymous_59)
FN:1096,(anonymous_60)
FN:1110,(anonymous_61)
FN:1140,generateFunctionTestCode
FN:1206,(anonymous_63)
FN:1227,(anonymous_64)
FN:1243,(anonymous_65)
FN:1298,applyCallExpressionReplacements
FN:1314,(anonymous_67)
FN:1391,analyzeFunctionsForCleanup
FN:1409,(anonymous_69)
FN:1414,(anonymous_70)
FN:1419,(anonymous_71)
FN:1445,(anonymous_72)
FN:1468,(anonymous_73)
FN:1476,(anonymous_74)
FN:1486,(anonymous_75)
FN:1505,(anonymous_76)
FN:1511,(anonymous_77)
FN:1526,(anonymous_78)
FN:1555,(anonymous_79)
FN:1601,cleanupDecryptedFunctions
FN:1622,(anonymous_81)
FN:1629,(anonymous_82)
FN:1642,(anonymous_83)
FN:1643,(anonymous_84)
FN:1667,(anonymous_85)
FN:1701,(anonymous_86)
FN:1712,(anonymous_87)
FN:1804,(anonymous_88)
FN:1822,(anonymous_89)
FN:1860,analyzeFunctionCallDifferences
FN:1869,(anonymous_91)
FN:1889,(anonymous_92)
FN:1896,(anonymous_93)
FN:1899,(anonymous_94)
FN:1921,saveDebugLogs
FN:1928,(anonymous_96)
FN:1929,(anonymous_97)
FN:1944,createContext
FN:1946,(anonymous_99)
FN:1955,(anonymous_100)
FN:1956,(anonymous_101)
FN:1959,(anonymous_102)
FN:1982,processWithNewStrategy
FN:2019,(anonymous_104)
FN:2025,(anonymous_105)
FN:2026,(anonymous_106)
FN:2091,(anonymous_107)
FN:2205,main
FNF:109
FNH:0
FNDA:0,shouldInterceptFunction
FNDA:0,processStringReverse
FNDA:0,(anonymous_2)
FNDA:0,preprocessCode
FNDA:0,collectParameterDependencies
FNDA:0,(anonymous_5)
FNDA:0,(anonymous_6)
FNDA:0,collectInitializationFunctionCalls
FNDA:0,(anonymous_8)
FNDA:0,(anonymous_9)
FNDA:0,(anonymous_10)
FNDA:0,(anonymous_11)
FNDA:0,(anonymous_12)
FNDA:0,(anonymous_13)
FNDA:0,(anonymous_14)
FNDA:0,(anonymous_15)
FNDA:0,buildFunctionDependencyGraph
FNDA:0,(anonymous_17)
FNDA:0,(anonymous_18)
FNDA:0,(anonymous_19)
FNDA:0,(anonymous_20)
FNDA:0,(anonymous_21)
FNDA:0,(anonymous_22)
FNDA:0,(anonymous_23)
FNDA:0,(anonymous_24)
FNDA:0,(anonymous_25)
FNDA:0,topologicalSort
FNDA:0,visit
FNDA:0,extractFunctionDefinitions
FNDA:0,(anonymous_29)
FNDA:0,(anonymous_30)
FNDA:0,(anonymous_31)
FNDA:0,(anonymous_32)
FNDA:0,(anonymous_33)
FNDA:0,(anonymous_34)
FNDA:0,(anonymous_35)
FNDA:0,(anonymous_36)
FNDA:0,(anonymous_37)
FNDA:0,extractConstantArguments
FNDA:0,(anonymous_39)
FNDA:0,isInitializationFunction
FNDA:0,(anonymous_41)
FNDA:0,(anonymous_42)
FNDA:0,extractImmediateFunctions
FNDA:0,(anonymous_44)
FNDA:0,(anonymous_45)
FNDA:0,(anonymous_46)
FNDA:0,(anonymous_47)
FNDA:0,instrumentFunctionWithTracing
FNDA:0,extractFunctionName
FNDA:0,extractActualFunctionCalls
FNDA:0,(anonymous_51)
FNDA:0,(anonymous_52)
FNDA:0,(anonymous_53)
FNDA:0,(anonymous_54)
FNDA:0,(anonymous_55)
FNDA:0,(anonymous_56)
FNDA:0,(anonymous_57)
FNDA:0,(anonymous_58)
FNDA:0,(anonymous_59)
FNDA:0,(anonymous_60)
FNDA:0,(anonymous_61)
FNDA:0,generateFunctionTestCode
FNDA:0,(anonymous_63)
FNDA:0,(anonymous_64)
FNDA:0,(anonymous_65)
FNDA:0,applyCallExpressionReplacements
FNDA:0,(anonymous_67)
FNDA:0,analyzeFunctionsForCleanup
FNDA:0,(anonymous_69)
FNDA:0,(anonymous_70)
FNDA:0,(anonymous_71)
FNDA:0,(anonymous_72)
FNDA:0,(anonymous_73)
FNDA:0,(anonymous_74)
FNDA:0,(anonymous_75)
FNDA:0,(anonymous_76)
FNDA:0,(anonymous_77)
FNDA:0,(anonymous_78)
FNDA:0,(anonymous_79)
FNDA:0,cleanupDecryptedFunctions
FNDA:0,(anonymous_81)
FNDA:0,(anonymous_82)
FNDA:0,(anonymous_83)
FNDA:0,(anonymous_84)
FNDA:0,(anonymous_85)
FNDA:0,(anonymous_86)
FNDA:0,(anonymous_87)
FNDA:0,(anonymous_88)
FNDA:0,(anonymous_89)
FNDA:0,analyzeFunctionCallDifferences
FNDA:0,(anonymous_91)
FNDA:0,(anonymous_92)
FNDA:0,(anonymous_93)
FNDA:0,(anonymous_94)
FNDA:0,saveDebugLogs
FNDA:0,(anonymous_96)
FNDA:0,(anonymous_97)
FNDA:0,createContext
FNDA:0,(anonymous_99)
FNDA:0,(anonymous_100)
FNDA:0,(anonymous_101)
FNDA:0,(anonymous_102)
FNDA:0,processWithNewStrategy
FNDA:0,(anonymous_104)
FNDA:0,(anonymous_105)
FNDA:0,(anonymous_106)
FNDA:0,(anonymous_107)
FNDA:0,main
DA:3,0
DA:4,0
DA:5,0
DA:6,0
DA:7,0
DA:8,0
DA:9,0
DA:10,0
DA:11,0
DA:14,0
DA:97,0
DA:117,0
DA:118,0
DA:122,0
DA:123,0
DA:128,0
DA:129,0
DA:132,0
DA:140,0
DA:142,0
DA:144,0
DA:145,0
DA:146,0
DA:147,0
DA:149,0
DA:150,0
DA:153,0
DA:156,0
DA:157,0
DA:160,0
DA:169,0
DA:171,0
DA:172,0
DA:174,0
DA:176,0
DA:177,0
DA:180,0
DA:182,0
DA:183,0
DA:193,0
DA:195,0
DA:196,0
DA:202,0
DA:204,0
DA:206,0
DA:208,0
DA:209,0
DA:210,0
DA:211,0
DA:213,0
DA:214,0
DA:215,0
DA:224,0
DA:225,0
DA:229,0
DA:238,0
DA:240,0
DA:241,0
DA:247,0
DA:249,0
DA:251,0
DA:253,0
DA:254,0
DA:255,0
DA:256,0
DA:264,0
DA:265,0
DA:268,0
DA:269,0
DA:270,0
DA:271,0
DA:273,0
DA:275,0
DA:276,0
DA:278,0
DA:280,0
DA:281,0
DA:282,0
DA:283,0
DA:284,0
DA:285,0
DA:286,0
DA:294,0
DA:295,0
DA:296,0
DA:297,0
DA:298,0
DA:299,0
DA:300,0
DA:301,0
DA:310,0
DA:311,0
DA:312,0
DA:314,0
DA:316,0
DA:317,0
DA:318,0
DA:319,0
DA:320,0
DA:321,0
DA:322,0
DA:330,0
DA:331,0
DA:332,0
DA:333,0
DA:334,0
DA:335,0
DA:336,0
DA:337,0
DA:338,0
DA:350,0
DA:351,0
DA:355,0
DA:356,0
DA:359,0
DA:368,0
DA:370,0
DA:371,0
DA:378,0
DA:379,0
DA:381,0
DA:382,0
DA:383,0
DA:384,0
DA:389,0
DA:390,0
DA:391,0
DA:392,0
DA:393,0
DA:400,0
DA:402,0
DA:403,0
DA:404,0
DA:407,0
DA:409,0
DA:410,0
DA:411,0
DA:417,0
DA:418,0
DA:419,0
DA:426,0
DA:427,0
DA:428,0
DA:429,0
DA:432,0
DA:434,0
DA:435,0
DA:436,0
DA:442,0
DA:443,0
DA:444,0
DA:445,0
DA:454,0
DA:455,0
DA:456,0
DA:457,0
DA:458,0
DA:464,0
DA:465,0
DA:469,0
DA:478,0
DA:479,0
DA:480,0
DA:483,0
DA:484,0
DA:487,0
DA:488,0
DA:491,0
DA:492,0
DA:493,0
DA:494,0
DA:498,0
DA:499,0
DA:500,0
DA:505,0
DA:506,0
DA:509,0
DA:518,0
DA:519,0
DA:525,0
DA:526,0
DA:527,0
DA:530,0
DA:532,0
DA:533,0
DA:534,0
DA:539,0
DA:540,0
DA:541,0
DA:547,0
DA:548,0
DA:549,0
DA:550,0
DA:555,0
DA:556,0
DA:557,0
DA:565,0
DA:568,0
DA:569,0
DA:572,0
DA:575,0
DA:577,0
DA:578,0
DA:582,0
DA:584,0
DA:585,0
DA:586,0
DA:591,0
DA:592,0
DA:593,0
DA:599,0
DA:600,0
DA:601,0
DA:602,0
DA:607,0
DA:608,0
DA:609,0
DA:618,0
DA:620,0
DA:621,0
DA:623,0
DA:625,0
DA:626,0
DA:634,0
DA:637,0
DA:638,0
DA:639,0
DA:640,0
DA:643,0
DA:644,0
DA:647,0
DA:651,0
DA:653,0
DA:654,0
DA:655,0
DA:657,0
DA:658,0
DA:660,0
DA:663,0
DA:664,0
DA:666,0
DA:667,0
DA:673,0
DA:674,0
DA:676,0
DA:677,0
DA:679,0
DA:682,0
DA:683,0
DA:685,0
DA:686,0
DA:691,0
DA:692,0
DA:695,0
DA:700,0
DA:701,0
DA:711,0
DA:712,0
DA:713,0
DA:714,0
DA:715,0
DA:716,0
DA:717,0
DA:719,0
DA:720,0
DA:723,0
DA:734,0
DA:737,0
DA:741,0
DA:742,0
DA:743,0
DA:745,0
DA:747,0
DA:751,0
DA:752,0
DA:756,0
DA:757,0
DA:760,0
DA:769,0
DA:770,0
DA:772,0
DA:773,0
DA:779,0
DA:782,0
DA:786,0
DA:788,0
DA:789,0
DA:790,0
DA:791,0
DA:792,0
DA:799,0
DA:800,0
DA:803,0
DA:804,0
DA:806,0
DA:807,0
DA:814,0
DA:816,0
DA:818,0
DA:819,0
DA:820,0
DA:821,0
DA:822,0
DA:829,0
DA:830,0
DA:833,0
DA:834,0
DA:836,0
DA:837,0
DA:843,0
DA:844,0
DA:848,0
DA:861,0
DA:862,0
DA:865,0
DA:868,0
DA:870,0
DA:871,0
DA:872,0
DA:876,0
DA:877,0
DA:879,0
DA:886,0
DA:890,0
DA:891,0
DA:892,0
DA:893,0
DA:896,0
DA:897,0
DA:899,0
DA:906,0
DA:909,0
DA:911,0
DA:912,0
DA:914,0
DA:924,0
DA:926,0
DA:927,0
DA:929,0
DA:930,0
DA:933,0
DA:935,0
DA:937,0
DA:940,0
DA:943,0
DA:952,0
DA:953,0
DA:959,0
DA:961,0
DA:963,0
DA:965,0
DA:967,0
DA:968,0
DA:969,0
DA:971,0
DA:975,0
DA:978,0
DA:980,0
DA:982,0
DA:984,0
DA:987,0
DA:991,0
DA:992,0
DA:1005,0
DA:1006,0
DA:1008,0
DA:1010,0
DA:1011,0
DA:1012,0
DA:1014,0
DA:1017,0
DA:1018,0
DA:1020,0
DA:1021,0
DA:1022,0
DA:1035,0
DA:1036,0
DA:1037,0
DA:1039,0
DA:1041,0
DA:1042,0
DA:1043,0
DA:1045,0
DA:1048,0
DA:1049,0
DA:1051,0
DA:1052,0
DA:1053,0
DA:1067,0
DA:1068,0
DA:1070,0
DA:1072,0
DA:1073,0
DA:1074,0
DA:1076,0
DA:1079,0
DA:1080,0
DA:1082,0
DA:1083,0
DA:1084,0
DA:1097,0
DA:1098,0
DA:1100,0
DA:1102,0
DA:1103,0
DA:1104,0
DA:1106,0
DA:1109,0
DA:1110,0
DA:1112,0
DA:1113,0
DA:1114,0
DA:1126,0
DA:1128,0
DA:1129,0
DA:1141,0
DA:1199,0
DA:1200,0
DA:1201,0
DA:1204,0
DA:1206,0
DA:1208,0
DA:1209,0
DA:1210,0
DA:1214,0
DA:1218,0
DA:1221,0
DA:1222,0
DA:1227,0
DA:1229,0
DA:1230,0
DA:1231,0
DA:1233,0
DA:1237,0
DA:1245,0
DA:1246,0
DA:1248,0
DA:1287,0
DA:1300,0
DA:1301,0
DA:1304,0
DA:1305,0
DA:1311,0
DA:1313,0
DA:1315,0
DA:1316,0
DA:1319,0
DA:1320,0
DA:1324,0
DA:1326,0
DA:1328,0
DA:1331,0
DA:1335,0
DA:1336,0
DA:1337,0
DA:1341,0
DA:1342,0
DA:1343,0
DA:1344,0
DA:1345,0
DA:1346,0
DA:1347,0
DA:1348,0
DA:1349,0
DA:1350,0
DA:1353,0
DA:1354,0
DA:1356,0
DA:1359,0
DA:1360,0
DA:1362,0
DA:1363,0
DA:1372,0
DA:1373,0
DA:1376,0
DA:1377,0
DA:1379,0
DA:1380,0
DA:1392,0
DA:1393,0
DA:1395,0
DA:1396,0
DA:1403,0
DA:1404,0
DA:1405,0
DA:1408,0
DA:1410,0
DA:1411,0
DA:1415,0
DA:1416,0
DA:1421,0
DA:1427,0
DA:1428,0
DA:1429,0
DA:1430,0
DA:1434,0
DA:1438,0
DA:1439,0
DA:1440,0
DA:1441,0
DA:1447,0
DA:1454,0
DA:1456,0
DA:1457,0
DA:1458,0
DA:1459,0
DA:1467,0
DA:1469,0
DA:1470,0
DA:1471,0
DA:1472,0
DA:1477,0
DA:1478,0
DA:1479,0
DA:1480,0
DA:1481,0
DA:1487,0
DA:1488,0
DA:1489,0
DA:1495,0
DA:1497,0
DA:1498,0
DA:1499,0
DA:1501,0
DA:1505,0
DA:1508,0
DA:1511,0
DA:1512,0
DA:1513,0
DA:1514,0
DA:1521,0
DA:1522,0
DA:1525,0
DA:1527,0
DA:1528,0
DA:1529,0
DA:1531,0
DA:1532,0
DA:1533,0
DA:1534,0
DA:1542,0
DA:1544,0
DA:1545,0
DA:1547,0
DA:1554,0
DA:1556,0
DA:1559,0
DA:1560,0
DA:1563,0
DA:1564,0
DA:1566,0
DA:1568,0
DA:1569,0
DA:1570,0
DA:1573,0
DA:1574,0
DA:1583,0
DA:1584,0
DA:1588,0
DA:1602,0
DA:1604,0
DA:1605,0
DA:1608,0
DA:1610,0
DA:1617,0
DA:1618,0
DA:1621,0
DA:1623,0
DA:1624,0
DA:1625,0
DA:1626,0
DA:1630,0
DA:1631,0
DA:1632,0
DA:1633,0
DA:1634,0
DA:1641,0
DA:1643,0
DA:1644,0
DA:1648,0
DA:1652,0
DA:1654,0
DA:1655,0
DA:1661,0
DA:1662,0
DA:1665,0
DA:1666,0
DA:1668,0
DA:1671,0
DA:1672,0
DA:1674,0
DA:1675,0
DA:1676,0
DA:1677,0
DA:1679,0
DA:1681,0
DA:1683,0
DA:1684,0
DA:1693,0
DA:1696,0
DA:1697,0
DA:1700,0
DA:1702,0
DA:1703,0
DA:1704,0
DA:1711,0
DA:1713,0
DA:1714,0
DA:1716,0
DA:1717,0
DA:1719,0
DA:1721,0
DA:1723,0
DA:1724,0
DA:1728,0
DA:1729,0
DA:1730,0
DA:1734,0
DA:1737,0
DA:1738,0
DA:1742,0
DA:1743,0
DA:1747,0
DA:1748,0
DA:1751,0
DA:1752,0
DA:1754,0
DA:1755,0
DA:1756,0
DA:1757,0
DA:1760,0
DA:1761,0
DA:1762,0
DA:1767,0
DA:1768,0
DA:1778,0
DA:1779,0
DA:1782,0
DA:1783,0
DA:1785,0
DA:1786,0
DA:1787,0
DA:1788,0
DA:1789,0
DA:1791,0
DA:1792,0
DA:1797,0
DA:1798,0
DA:1803,0
DA:1805,0
DA:1806,0
DA:1807,0
DA:1808,0
DA:1809,0
DA:1810,0
DA:1812,0
DA:1814,0
DA:1816,0
DA:1817,0
DA:1823,0
DA:1824,0
DA:1825,0
DA:1826,0
DA:1827,0
DA:1828,0
DA:1829,0
DA:1831,0
DA:1833,0
DA:1835,0
DA:1836,0
DA:1843,0
DA:1844,0
DA:1847,0
DA:1848,0
DA:1850,0
DA:1851,0
DA:1861,0
DA:1862,0
DA:1863,0
DA:1866,0
DA:1867,0
DA:1869,0
DA:1870,0
DA:1871,0
DA:1872,0
DA:1875,0
DA:1876,0
DA:1877,0
DA:1879,0
DA:1880,0
DA:1882,0
DA:1883,0
DA:1889,0
DA:1890,0
DA:1891,0
DA:1892,0
DA:1895,0
DA:1896,0
DA:1897,0
DA:1898,0
DA:1899,0
DA:1900,0
DA:1907,0
DA:1908,0
DA:1909,0
DA:1910,0
DA:1911,0
DA:1912,0
DA:1922,0
DA:1923,0
DA:1928,0
DA:1929,0
DA:1933,0
DA:1934,0
DA:1936,0
DA:1945,0
DA:1947,0
DA:1948,0
DA:1955,0
DA:1956,0
DA:1960,0
DA:1961,0
DA:1963,0
DA:1964,0
DA:1976,0
DA:1983,0
DA:1986,0
DA:1987,0
DA:1990,0
DA:1991,0
DA:1993,0
DA:1994,0
DA:1995,0
DA:1998,0
DA:2001,0
DA:2002,0
DA:2004,0
DA:2005,0
DA:2008,0
DA:2009,0
DA:2011,0
DA:2017,0
DA:2018,0
DA:2020,0
DA:2021,0
DA:2022,0
DA:2023,0
DA:2024,0
DA:2025,0
DA:2026,0
DA:2030,0
DA:2033,0
DA:2036,0
DA:2038,0
DA:2039,0
DA:2040,0
DA:2041,0
DA:2042,0
DA:2043,0
DA:2048,0
DA:2051,0
DA:2052,0
DA:2053,0
DA:2056,0
DA:2059,0
DA:2060,0
DA:2061,0
DA:2062,0
DA:2066,0
DA:2069,0
DA:2070,0
DA:2071,0
DA:2074,0
DA:2087,0
DA:2088,0
DA:2090,0
DA:2091,0
DA:2092,0
DA:2096,0
DA:2099,0
DA:2102,0
DA:2104,0
DA:2105,0
DA:2108,0
DA:2109,0
DA:2111,0
DA:2112,0
DA:2115,0
DA:2116,0
DA:2123,0
DA:2127,0
DA:2130,0
DA:2133,0
DA:2134,0
DA:2137,0
DA:2140,0
DA:2141,0
DA:2145,0
DA:2146,0
DA:2147,0
DA:2148,0
DA:2149,0
DA:2151,0
DA:2152,0
DA:2154,0
DA:2155,0
DA:2156,0
DA:2158,0
DA:2163,0
DA:2164,0
DA:2165,0
DA:2166,0
DA:2167,0
DA:2168,0
DA:2173,0
DA:2174,0
DA:2177,0
DA:2178,0
DA:2181,0
DA:2183,0
DA:2184,0
DA:2185,0
DA:2186,0
DA:2188,0
DA:2189,0
DA:2193,0
DA:2195,0
DA:2199,0
DA:2206,0
DA:2207,0
DA:2210,0
DA:2211,0
DA:2212,0
DA:2215,0
DA:2216,0
DA:2217,0
DA:2218,0
DA:2219,0
DA:2220,0
DA:2221,0
DA:2222,0
DA:2223,0
DA:2224,0
DA:2225,0
DA:2226,0
DA:2228,0
DA:2230,0
DA:2231,0
DA:2234,0
DA:2235,0
DA:2236,0
DA:2237,0
DA:2238,0
DA:2243,0
DA:2245,0
DA:2246,0
DA:2247,0
DA:2251,0
DA:2252,0
DA:2255,0
DA:2256,0
DA:2257,0
DA:2258,0
DA:2262,0
DA:2263,0
DA:2264,0
DA:2268,0
LF:867
LH:0
BRDA:107,0,0,0
BRDA:107,0,1,0
BRDA:117,1,0,0
BRDA:117,1,1,0
BRDA:117,2,0,0
BRDA:117,2,1,0
BRDA:122,3,0,0
BRDA:122,3,1,0
BRDA:128,4,0,0
BRDA:128,4,1,0
BRDA:128,5,0,0
BRDA:128,5,1,0
BRDA:128,5,2,0
BRDA:149,6,0,0
BRDA:149,6,1,0
BRDA:156,7,0,0
BRDA:156,7,1,0
BRDA:156,8,0,0
BRDA:156,8,1,0
BRDA:171,9,0,0
BRDA:171,9,1,0
BRDA:176,10,0,0
BRDA:176,10,1,0
BRDA:206,11,0,0
BRDA:206,11,1,0
BRDA:206,12,0,0
BRDA:206,12,1,0
BRDA:209,13,0,0
BRDA:209,13,1,0
BRDA:211,14,0,0
BRDA:211,14,1,0
BRDA:214,15,0,0
BRDA:214,15,1,0
BRDA:224,16,0,0
BRDA:224,16,1,0
BRDA:251,17,0,0
BRDA:251,17,1,0
BRDA:251,18,0,0
BRDA:251,18,1,0
BRDA:253,19,0,0
BRDA:253,19,1,0
BRDA:255,20,0,0
BRDA:255,20,1,0
BRDA:276,21,0,0
BRDA:276,21,1,0
BRDA:276,22,0,0
BRDA:276,22,1,0
BRDA:281,23,0,0
BRDA:281,23,1,0
BRDA:281,24,0,0
BRDA:281,24,1,0
BRDA:282,25,0,0
BRDA:282,25,1,0
BRDA:285,26,0,0
BRDA:285,26,1,0
BRDA:295,27,0,0
BRDA:295,27,1,0
BRDA:297,28,0,0
BRDA:297,28,1,0
BRDA:297,29,0,0
BRDA:297,29,1,0
BRDA:300,30,0,0
BRDA:300,30,1,0
BRDA:310,31,0,0
BRDA:310,31,1,0
BRDA:310,32,0,0
BRDA:310,32,1,0
BRDA:312,33,0,0
BRDA:312,33,1,0
BRDA:312,34,0,0
BRDA:312,34,1,0
BRDA:317,35,0,0
BRDA:317,35,1,0
BRDA:317,36,0,0
BRDA:317,36,1,0
BRDA:318,37,0,0
BRDA:318,37,1,0
BRDA:321,38,0,0
BRDA:321,38,1,0
BRDA:330,39,0,0
BRDA:330,39,1,0
BRDA:332,40,0,0
BRDA:332,40,1,0
BRDA:334,41,0,0
BRDA:334,41,1,0
BRDA:334,42,0,0
BRDA:334,42,1,0
BRDA:337,43,0,0
BRDA:337,43,1,0
BRDA:350,44,0,0
BRDA:350,44,1,0
BRDA:355,45,0,0
BRDA:355,45,1,0
BRDA:355,46,0,0
BRDA:355,46,1,0
BRDA:382,47,0,0
BRDA:382,47,1,0
BRDA:382,48,0,0
BRDA:382,48,1,0
BRDA:389,49,0,0
BRDA:389,49,1,0
BRDA:389,50,0,0
BRDA:389,50,1,0
BRDA:391,51,0,0
BRDA:391,51,1,0
BRDA:391,52,0,0
BRDA:391,52,1,0
BRDA:403,53,0,0
BRDA:403,53,1,0
BRDA:403,54,0,0
BRDA:403,54,1,0
BRDA:410,55,0,0
BRDA:410,55,1,0
BRDA:410,56,0,0
BRDA:410,56,1,0
BRDA:410,56,2,0
BRDA:418,57,0,0
BRDA:418,57,1,0
BRDA:418,58,0,0
BRDA:418,58,1,0
BRDA:418,58,2,0
BRDA:426,59,0,0
BRDA:426,59,1,0
BRDA:426,60,0,0
BRDA:426,60,1,0
BRDA:428,61,0,0
BRDA:428,61,1,0
BRDA:428,62,0,0
BRDA:428,62,1,0
BRDA:435,63,0,0
BRDA:435,63,1,0
BRDA:435,64,0,0
BRDA:435,64,1,0
BRDA:435,64,2,0
BRDA:442,65,0,0
BRDA:442,65,1,0
BRDA:444,66,0,0
BRDA:444,66,1,0
BRDA:444,67,0,0
BRDA:444,67,1,0
BRDA:444,67,2,0
BRDA:454,68,0,0
BRDA:454,68,1,0
BRDA:457,69,0,0
BRDA:457,69,1,0
BRDA:464,70,0,0
BRDA:464,70,1,0
BRDA:483,71,0,0
BRDA:483,71,1,0
BRDA:487,72,0,0
BRDA:487,72,1,0
BRDA:491,73,0,0
BRDA:491,73,1,0
BRDA:493,74,0,0
BRDA:493,74,1,0
BRDA:533,75,0,0
BRDA:533,75,1,0
BRDA:533,76,0,0
BRDA:533,76,1,0
BRDA:540,77,0,0
BRDA:540,77,1,0
BRDA:547,78,0,0
BRDA:547,78,1,0
BRDA:547,79,0,0
BRDA:547,79,1,0
BRDA:549,80,0,0
BRDA:549,80,1,0
BRDA:549,81,0,0
BRDA:549,81,1,0
BRDA:556,82,0,0
BRDA:556,82,1,0
BRDA:577,83,0,0
BRDA:577,83,1,0
BRDA:577,84,0,0
BRDA:577,84,1,0
BRDA:585,85,0,0
BRDA:585,85,1,0
BRDA:585,86,0,0
BRDA:585,86,1,0
BRDA:585,86,2,0
BRDA:592,87,0,0
BRDA:592,87,1,0
BRDA:599,88,0,0
BRDA:599,88,1,0
BRDA:599,89,0,0
BRDA:599,89,1,0
BRDA:601,90,0,0
BRDA:601,90,1,0
BRDA:601,91,0,0
BRDA:601,91,1,0
BRDA:601,91,2,0
BRDA:608,92,0,0
BRDA:608,92,1,0
BRDA:621,93,0,0
BRDA:621,93,1,0
BRDA:621,94,0,0
BRDA:621,94,1,0
BRDA:621,94,2,0
BRDA:623,95,0,0
BRDA:623,95,1,0
BRDA:625,96,0,0
BRDA:625,96,1,0
BRDA:639,97,0,0
BRDA:639,97,1,0
BRDA:639,98,0,0
BRDA:639,98,1,0
BRDA:643,99,0,0
BRDA:643,99,1,0
BRDA:655,100,0,0
BRDA:655,100,1,0
BRDA:657,101,0,0
BRDA:657,101,1,0
BRDA:666,102,0,0
BRDA:666,102,1,0
BRDA:667,103,0,0
BRDA:667,103,1,0
BRDA:674,104,0,0
BRDA:674,104,1,0
BRDA:676,105,0,0
BRDA:676,105,1,0
BRDA:685,106,0,0
BRDA:685,106,1,0
BRDA:691,107,0,0
BRDA:691,107,1,0
BRDA:691,108,0,0
BRDA:691,108,1,0
BRDA:712,109,0,0
BRDA:712,109,1,0
BRDA:713,110,0,0
BRDA:713,110,1,0
BRDA:714,111,0,0
BRDA:714,111,1,0
BRDA:715,112,0,0
BRDA:715,112,1,0
BRDA:716,113,0,0
BRDA:716,113,1,0
BRDA:716,114,0,0
BRDA:716,114,1,0
BRDA:717,115,0,0
BRDA:717,115,1,0
BRDA:717,116,0,0
BRDA:717,116,1,0
BRDA:719,117,0,0
BRDA:719,117,1,0
BRDA:734,118,0,0
BRDA:734,118,1,0
BRDA:734,119,0,0
BRDA:734,119,1,0
BRDA:734,119,2,0
BRDA:743,120,0,0
BRDA:743,120,1,0
BRDA:743,121,0,0
BRDA:743,121,1,0
BRDA:751,122,0,0
BRDA:751,122,1,0
BRDA:756,123,0,0
BRDA:756,123,1,0
BRDA:782,124,0,0
BRDA:782,124,1,0
BRDA:782,125,0,0
BRDA:782,125,1,0
BRDA:789,126,0,0
BRDA:789,126,1,0
BRDA:789,127,0,0
BRDA:789,127,1,0
BRDA:791,128,0,0
BRDA:791,128,1,0
BRDA:806,129,0,0
BRDA:806,129,1,0
BRDA:814,130,0,0
BRDA:814,130,1,0
BRDA:819,131,0,0
BRDA:819,131,1,0
BRDA:819,132,0,0
BRDA:819,132,1,0
BRDA:821,133,0,0
BRDA:821,133,1,0
BRDA:836,134,0,0
BRDA:836,134,1,0
BRDA:843,135,0,0
BRDA:843,135,1,0
BRDA:861,136,0,0
BRDA:861,136,1,0
BRDA:868,137,0,0
BRDA:868,137,1,0
BRDA:871,138,0,0
BRDA:871,138,1,0
BRDA:890,139,0,0
BRDA:890,139,1,0
BRDA:892,140,0,0
BRDA:892,140,1,0
BRDA:911,141,0,0
BRDA:911,141,1,0
BRDA:924,142,0,0
BRDA:924,142,1,0
BRDA:927,143,0,0
BRDA:927,143,1,0
BRDA:929,144,0,0
BRDA:929,144,1,0
BRDA:935,145,0,0
BRDA:935,145,1,0
BRDA:965,146,0,0
BRDA:965,146,1,0
BRDA:965,147,0,0
BRDA:965,147,1,0
BRDA:967,148,0,0
BRDA:967,148,1,0
BRDA:968,149,0,0
BRDA:968,149,1,0
BRDA:980,150,0,0
BRDA:980,150,1,0
BRDA:991,151,0,0
BRDA:991,151,1,0
BRDA:991,152,0,0
BRDA:991,152,1,0
BRDA:1005,153,0,0
BRDA:1005,153,1,0
BRDA:1008,154,0,0
BRDA:1008,154,1,0
BRDA:1008,155,0,0
BRDA:1008,155,1,0
BRDA:1010,156,0,0
BRDA:1010,156,1,0
BRDA:1011,157,0,0
BRDA:1011,157,1,0
BRDA:1020,158,0,0
BRDA:1020,158,1,0
BRDA:1036,159,0,0
BRDA:1036,159,1,0
BRDA:1036,160,0,0
BRDA:1036,160,1,0
BRDA:1039,161,0,0
BRDA:1039,161,1,0
BRDA:1039,162,0,0
BRDA:1039,162,1,0
BRDA:1041,163,0,0
BRDA:1041,163,1,0
BRDA:1042,164,0,0
BRDA:1042,164,1,0
BRDA:1051,165,0,0
BRDA:1051,165,1,0
BRDA:1067,166,0,0
BRDA:1067,166,1,0
BRDA:1070,167,0,0
BRDA:1070,167,1,0
BRDA:1070,168,0,0
BRDA:1070,168,1,0
BRDA:1072,169,0,0
BRDA:1072,169,1,0
BRDA:1073,170,0,0
BRDA:1073,170,1,0
BRDA:1082,171,0,0
BRDA:1082,171,1,0
BRDA:1097,172,0,0
BRDA:1097,172,1,0
BRDA:1097,173,0,0
BRDA:1097,173,1,0
BRDA:1100,174,0,0
BRDA:1100,174,1,0
BRDA:1100,175,0,0
BRDA:1100,175,1,0
BRDA:1102,176,0,0
BRDA:1102,176,1,0
BRDA:1103,177,0,0
BRDA:1103,177,1,0
BRDA:1112,178,0,0
BRDA:1112,178,1,0
BRDA:1200,179,0,0
BRDA:1200,179,1,0
BRDA:1209,180,0,0
BRDA:1209,180,1,0
BRDA:1221,181,0,0
BRDA:1221,181,1,0
BRDA:1221,182,0,0
BRDA:1221,182,1,0
BRDA:1230,183,0,0
BRDA:1230,183,1,0
BRDA:1230,184,0,0
BRDA:1230,184,1,0
BRDA:1300,185,0,0
BRDA:1300,185,1,0
BRDA:1300,186,0,0
BRDA:1300,186,1,0
BRDA:1315,187,0,0
BRDA:1315,187,1,0
BRDA:1319,188,0,0
BRDA:1319,188,1,0
BRDA:1324,189,0,0
BRDA:1324,189,1,0
BRDA:1335,190,0,0
BRDA:1335,190,1,0
BRDA:1335,191,0,0
BRDA:1335,191,1,0
BRDA:1336,192,0,0
BRDA:1336,192,1,0
BRDA:1341,193,0,0
BRDA:1341,193,1,0
BRDA:1343,194,0,0
BRDA:1343,194,1,0
BRDA:1345,195,0,0
BRDA:1345,195,1,0
BRDA:1347,196,0,0
BRDA:1347,196,1,0
BRDA:1349,197,0,0
BRDA:1349,197,1,0
BRDA:1353,198,0,0
BRDA:1353,198,1,0
BRDA:1362,199,0,0
BRDA:1362,199,1,0
BRDA:1372,200,0,0
BRDA:1372,200,1,0
BRDA:1410,201,0,0
BRDA:1410,201,1,0
BRDA:1410,202,0,0
BRDA:1410,202,1,0
BRDA:1415,203,0,0
BRDA:1415,203,1,0
BRDA:1415,204,0,0
BRDA:1415,204,1,0
BRDA:1421,205,0,0
BRDA:1421,205,1,0
BRDA:1421,206,0,0
BRDA:1421,206,1,0
BRDA:1421,206,2,0
BRDA:1421,206,3,0
BRDA:1421,206,4,0
BRDA:1429,207,0,0
BRDA:1429,207,1,0
BRDA:1434,208,0,0
BRDA:1434,208,1,0
BRDA:1434,209,0,0
BRDA:1434,209,1,0
BRDA:1434,209,2,0
BRDA:1440,210,0,0
BRDA:1440,210,1,0
BRDA:1447,211,0,0
BRDA:1447,211,1,0
BRDA:1447,212,0,0
BRDA:1447,212,1,0
BRDA:1447,212,2,0
BRDA:1447,212,3,0
BRDA:1447,212,4,0
BRDA:1447,212,5,0
BRDA:1454,213,0,0
BRDA:1454,213,1,0
BRDA:1454,214,0,0
BRDA:1454,214,1,0
BRDA:1458,215,0,0
BRDA:1458,215,1,0
BRDA:1470,216,0,0
BRDA:1470,216,1,0
BRDA:1470,217,0,0
BRDA:1470,217,1,0
BRDA:1477,218,0,0
BRDA:1477,218,1,0
BRDA:1477,219,0,0
BRDA:1477,219,1,0
BRDA:1479,220,0,0
BRDA:1479,220,1,0
BRDA:1479,221,0,0
BRDA:1479,221,1,0
BRDA:1488,222,0,0
BRDA:1488,222,1,0
BRDA:1488,223,0,0
BRDA:1488,223,1,0
BRDA:1489,224,0,0
BRDA:1489,224,1,0
BRDA:1497,225,0,0
BRDA:1497,225,1,0
BRDA:1498,226,0,0
BRDA:1498,226,1,0
BRDA:1508,227,0,0
BRDA:1508,227,1,0
BRDA:1511,228,0,0
BRDA:1511,228,1,0
BRDA:1511,229,0,0
BRDA:1511,229,1,0
BRDA:1513,230,0,0
BRDA:1513,230,1,0
BRDA:1527,231,0,0
BRDA:1527,231,1,0
BRDA:1527,232,0,0
BRDA:1527,232,1,0
BRDA:1528,233,0,0
BRDA:1528,233,1,0
BRDA:1531,234,0,0
BRDA:1531,234,1,0
BRDA:1533,235,0,0
BRDA:1533,235,1,0
BRDA:1542,236,0,0
BRDA:1542,236,1,0
BRDA:1544,237,0,0
BRDA:1544,237,1,0
BRDA:1556,238,0,0
BRDA:1556,238,1,0
BRDA:1556,239,0,0
BRDA:1556,239,1,0
BRDA:1563,240,0,0
BRDA:1563,240,1,0
BRDA:1566,241,0,0
BRDA:1566,241,1,0
BRDA:1569,242,0,0
BRDA:1569,242,1,0
BRDA:1573,243,0,0
BRDA:1573,243,1,0
BRDA:1583,244,0,0
BRDA:1583,244,1,0
BRDA:1604,245,0,0
BRDA:1604,245,1,0
BRDA:1604,246,0,0
BRDA:1604,246,1,0
BRDA:1604,246,2,0
BRDA:1624,247,0,0
BRDA:1624,247,1,0
BRDA:1630,248,0,0
BRDA:1630,248,1,0
BRDA:1630,249,0,0
BRDA:1630,249,1,0
BRDA:1632,250,0,0
BRDA:1632,250,1,0
BRDA:1644,251,0,0
BRDA:1644,251,1,0
BRDA:1644,251,2,0
BRDA:1648,252,0,0
BRDA:1648,252,1,0
BRDA:1650,253,0,0
BRDA:1650,253,1,0
BRDA:1654,254,0,0
BRDA:1654,254,1,0
BRDA:1654,255,0,0
BRDA:1654,255,1,0
BRDA:1654,255,2,0
BRDA:1665,256,0,0
BRDA:1665,256,1,0
BRDA:1668,257,0,0
BRDA:1668,257,1,0
BRDA:1668,258,0,0
BRDA:1668,258,1,0
BRDA:1674,259,0,0
BRDA:1674,259,1,0
BRDA:1675,260,0,0
BRDA:1675,260,1,0
BRDA:1683,261,0,0
BRDA:1683,261,1,0
BRDA:1684,262,0,0
BRDA:1684,262,1,0
BRDA:1702,263,0,0
BRDA:1702,263,1,0
BRDA:1702,264,0,0
BRDA:1702,264,1,0
BRDA:1703,265,0,0
BRDA:1703,265,1,0
BRDA:1703,266,0,0
BRDA:1703,266,1,0
BRDA:1714,267,0,0
BRDA:1714,267,1,0
BRDA:1714,268,0,0
BRDA:1714,268,1,0
BRDA:1721,269,0,0
BRDA:1721,269,1,0
BRDA:1721,270,0,0
BRDA:1721,270,1,0
BRDA:1721,270,2,0
BRDA:1728,271,0,0
BRDA:1728,271,1,0
BRDA:1728,272,0,0
BRDA:1728,272,1,0
BRDA:1734,273,0,0
BRDA:1734,273,1,0
BRDA:1734,274,0,0
BRDA:1734,274,1,0
BRDA:1734,274,2,0
BRDA:1734,274,3,0
BRDA:1742,275,0,0
BRDA:1742,275,1,0
BRDA:1747,276,0,0
BRDA:1747,276,1,0
BRDA:1756,277,0,0
BRDA:1756,277,1,0
BRDA:1761,278,0,0
BRDA:1761,278,1,0
BRDA:1767,279,0,0
BRDA:1767,279,1,0
BRDA:1787,280,0,0
BRDA:1787,280,1,0
BRDA:1791,281,0,0
BRDA:1791,281,1,0
BRDA:1797,282,0,0
BRDA:1797,282,1,0
BRDA:1806,283,0,0
BRDA:1806,283,1,0
BRDA:1806,284,0,0
BRDA:1806,284,1,0
BRDA:1807,285,0,0
BRDA:1807,285,1,0
BRDA:1816,286,0,0
BRDA:1816,286,1,0
BRDA:1817,287,0,0
BRDA:1817,287,1,0
BRDA:1823,288,0,0
BRDA:1823,288,1,0
BRDA:1823,289,0,0
BRDA:1823,289,1,0
BRDA:1825,290,0,0
BRDA:1825,290,1,0
BRDA:1825,291,0,0
BRDA:1825,291,1,0
BRDA:1826,292,0,0
BRDA:1826,292,1,0
BRDA:1835,293,0,0
BRDA:1835,293,1,0
BRDA:1836,294,0,0
BRDA:1836,294,1,0
BRDA:1843,295,0,0
BRDA:1843,295,1,0
BRDA:1843,296,0,0
BRDA:1843,296,1,0
BRDA:1844,297,0,0
BRDA:1844,297,1,0
BRDA:1861,298,0,0
BRDA:1861,298,1,0
BRDA:1871,299,0,0
BRDA:1871,299,1,0
BRDA:1875,300,0,0
BRDA:1875,300,1,0
BRDA:1882,301,0,0
BRDA:1882,301,1,0
BRDA:1895,302,0,0
BRDA:1895,302,1,0
BRDA:1897,303,0,0
BRDA:1897,303,1,0
BRDA:1908,304,0,0
BRDA:1908,304,1,0
BRDA:1947,305,0,0
BRDA:1947,305,1,0
BRDA:1963,306,0,0
BRDA:1963,306,1,0
BRDA:1993,307,0,0
BRDA:1993,307,1,0
BRDA:2004,308,0,0
BRDA:2004,308,1,0
BRDA:2008,309,0,0
BRDA:2008,309,1,0
BRDA:2022,310,0,0
BRDA:2022,310,1,0
BRDA:2022,311,0,0
BRDA:2022,311,1,0
BRDA:2038,312,0,0
BRDA:2038,312,1,0
BRDA:2042,313,0,0
BRDA:2042,313,1,0
BRDA:2052,314,0,0
BRDA:2052,314,1,0
BRDA:2059,315,0,0
BRDA:2059,315,1,0
BRDA:2111,316,0,0
BRDA:2111,316,1,0
BRDA:2115,317,0,0
BRDA:2115,317,1,0
BRDA:2133,318,0,0
BRDA:2133,318,1,0
BRDA:2140,319,0,0
BRDA:2140,319,1,0
BRDA:2145,320,0,0
BRDA:2145,320,1,0
BRDA:2151,321,0,0
BRDA:2151,321,1,0
BRDA:2163,322,0,0
BRDA:2163,322,1,0
BRDA:2163,323,0,0
BRDA:2163,323,1,0
BRDA:2167,324,0,0
BRDA:2167,324,1,0
BRDA:2177,325,0,0
BRDA:2177,325,1,0
BRDA:2184,326,0,0
BRDA:2184,326,1,0
BRDA:2185,327,0,0
BRDA:2185,327,1,0
BRDA:2188,328,0,0
BRDA:2188,328,1,0
BRDA:2207,329,0,0
BRDA:2207,329,1,0
BRDA:2210,330,0,0
BRDA:2210,330,1,0
BRDA:2219,331,0,0
BRDA:2219,331,1,0
BRDA:2234,332,0,0
BRDA:2234,332,1,0
BRDA:2234,333,0,0
BRDA:2234,333,1,0
BRDA:2236,334,0,0
BRDA:2236,334,1,0
BRDA:2245,335,0,0
BRDA:2245,335,1,0
BRDA:2251,336,0,0
BRDA:2251,336,1,0
BRF:697
BRH:0
end_of_record
